# Log started: 2016-09-10 06:45:39 +0800
[06:45:39] Joining #cheflethalplays..
[06:45:39] ~Copycat Sesame Chicken & Fried Rice! #food #d2s #cooking (Creative)~
[06:45:39] You have joined #cheflethalplays
[06:45:39] MOD: Cheflethalbot, Shindigs, Mscuppykate, Fishstix, Mrosiris1995, Thepimz, Cheflethalplays, Cherrygryffon, Khostic, Caitnippers
[06:45:40] <@Khostic> you're lucky you have a sword Rosy Kappa
[06:45:47] <LottieLatte> My stepdad actually drinks straight soysauce
[06:45:48] <@Mrosiris1995> ikr Kappa
[06:45:49] <LottieLatte> 1996
[06:45:52] <shorty_97> My birthday is tomorrow ;-;
[06:45:54] <LottieLatte> 10/11/96
[06:45:58] <@Caitnippers> 93' here
[06:46:03] <Xenoconway> @shorty_97 happy early b day
[06:46:12] <@Mrosiris1995> '95 \o/
[06:46:12] <shorty_97> Thanks @xenoconway
[06:46:14] <@CherryGryffon> You younginnnnns
[06:46:16] <@^cheflethalbot> Monetary tips are ALWAYS used for the stream. Right now, Chef is saving up for a wireless microphone setup so all tips until October 15 will go towards that! Tips throughout the stream totalling $10 = DOGE/CAT CAM & Treats! (UPDATE: We hit the goal! Any new tips will go towards other stream enhancements!)
[06:46:16] <LottieLatte> <3
[06:46:17] <Xenoconway> @shorty_97 KappaRoss
[06:46:22] <Xxmatentv123xx12> 04 here :D
[06:46:28] <@Mrosiris1995> my birthday isn't on a chef stream :(
[06:46:39] <BaconBrotato2470> Khostic, do you think that one of the options for the Wheel of Cheese should be for Chef to do the cinnamon challenge? Kappa
[06:46:43] <newfieguy4> Now chug the rest chef lol
[06:46:48] <@Khostic> yes BaconBro
[06:46:50] <@Khostic> definitely
[06:46:52] <Mrosiris1995> nah that can kill the chef D:
[06:46:56] <BaconBrotato2470> SeemsGood
[06:46:58] <@Khostic> well
[06:47:09] <@Caitnippers> Also Khostic, you can date Lottie on the side, ONLY if you treat her with the respect and love she deserves <3 but she stays married to me
[06:47:19] <jordank231> im back
[06:47:20] <@Khostic> well thank you cait
[06:47:21] <@Khostic> Kappa
[06:47:24] <@CherryGryffon> welcome back jordank231
[06:47:26] <@Caitnippers> You're welcome
[06:47:28] <Xenoconway> @jordank231 dank CoolCat
[06:47:34] <Kingj345> Wb Jordan
[06:47:36] <LottieLatte> Oh my
[06:47:37] <jordank231> thanks
[06:47:38] <shorty_97> Hi cherry :)
[06:47:43] <LottieLatte> I have the perfect relationship status
[06:47:43] <@CherryGryffon> Shorty PogChamp
[06:48:00] <shorty_97> How are you, cherry?
[06:48:04] <@Caitnippers> I'm cupid Kappa
[06:48:17] <BaconBrotato2470> My current relationship status is great. #Single Kappa
[06:48:19] <LottieLatte> Cait as my wife and Khostic on the side
[06:48:24] <LottieLatte> 15/10
[06:48:30] <LottieLatte> dream relationship
[06:48:33] <@CherryGryffon> I'm great shorty, how're you??
[06:48:59] <Mrosiris1995> mini is purring in my ear
[06:49:00] <shorty_97> I'm good, thanks :)
[06:49:04] UNMOD: Mrosiris1995
[06:49:05] <@Caitnippers> I have so many now Lottie, a boyfriend and 2 wives lol
[06:49:25] <Xxmatentv123xx12> brb
[06:49:27] <LottieLatte> Cause Mrs Lethal is your wife, too, yes?
[06:49:28] <Mrosiris1995> and is conveniently sitting on my phone do I can't snapchet it :(
[06:49:33] <Xcoredk> Damn it's 1 in the morning, why did i decide to watch food stuff? -.-
[06:49:39] <@Caitnippers> Yes, she is :D
[06:49:52] <LottieLatte> I'm good with that I like her
[06:49:52] <kris5968> 🤑🤑
[06:49:56] <LottieLatte> You two are my cat mentors
[06:50:03] <kris5968> ☀☀☀☀☀☀
[06:50:12] <jordank231> you will hit 2000 followers by next week. watch.
[06:50:14] <Theonlydrfeelgood> great music selections
[06:50:36] <LottieLatte> I'm just glad Mari is doing better. I was so worried about her yesterday
[06:50:52] <Kingj345> Or today we will get the glorious 2,000
[06:51:11] <@Caitnippers> Understandeble, if you have any questions just ask <3
[06:51:16] <vickyizbeast> OpieOP
[06:51:22] <LottieLatte> <3 Thank yooou
[06:51:39] <NiksLive> THIS IS AWESOME! I love watching people cook cause im wayyyyy too fckn lazy mself xD
[06:52:07] <NiksLive> And ure featured on the header of twitch's creative page
[06:52:18] <jordank231> next stream for sure
[06:52:21] <NiksLive> so dont worry
[06:52:29] <LottieLatte>* If you like Chef hit follow because he's really awesome and we really love him
[06:52:39] <Eyeofthenyte> No problem, came from TRU Gaming group to give a watch!
[06:52:46] <LottieLatte>* Also sometimes he acts like Bob Ross and it's beautiful
[06:53:09] <Eyeofthenyte> DustIIDust and Whiteshadow recommended you!
[06:53:12] <LottieLatte>* Also also his animals are beautiful
[06:53:14] <Blaze1337890> Whats up @Eyeofthenyte
[06:53:16] <jordank231> word.
[06:53:20] <jordank231> preach
[06:53:23] <Blaze1337890> Yup yup, thats why im here
[06:53:27] <Eyeofthenyte> oh hey blase!
[06:53:30] <Blaze1337890> been here for a while, haha!
[06:53:32] <Eyeofthenyte> blaze
[06:53:35] <kris5968> you good at cooking
[06:53:39] <Blaze1337890> this dude is funny as hell @Eyeofthenyte
[06:53:45] <+GamrEnchantment> @ChefLethalPlays HeyGuys from Twitch Orlando
[06:54:02] <DoctorBooMD> just hit 1500 Tuesday too, momentum is building up :D
[06:54:24] <@Caitnippers> Congrats Doctor
[06:54:37] <+GamrEnchantment> I wouldn't do you wrong like that @ChefLethalPlays Loved your video on Twitch Weekly
[06:54:55] <LottieLatte> I honestly come literally every time you're on and I'm awake
[06:55:00] <NiksLive> dude talk a bit about the cooking :D whats that in the bowl :D and why doesnt it have sprinkles in it
[06:55:11] <Gotycki_Rosa> <3
[06:55:12] <Eyeofthenyte> never gonna come back now... you're gonna make me hungry watching all this food being made lol!! jk
[06:55:12] <Blaze1337890> I'll def be back whenever I can. My work schedule kinda ruins everything...but yeah...I'll be by tomorrow for sure. Here on Twitch for gaming :D
[06:55:20] <Theonlydrfeelgood> what hours are your gaming streams?
[06:55:23] <Blaze1337890> haha! It made me munch
[06:55:36] <Blaze1337890> gotta find real food here soon and im about to order chinese XD
[06:56:17] <Blaze1337890> GAMING FTW
[06:56:20] <Blaze1337890> lol
[06:56:58] <jeraskim> I just finished making mine
[06:56:59] <LottieLatte>* Vodka is apparently my summoning word hi
[06:57:04] <Mrosiris1995> lol
[06:57:09] <jordank231> You got the right mindset
[06:57:10] <jeraskim> haha :D
[06:57:13] UNMOD: Thepimz
[06:57:41] <NiksLive> Add some WD-40! WD-40 Makes everything better!
[06:57:47] <@Caitnippers> Rosy lost his sword already? D:
[06:57:50] <Blaze1337890> 8am...thats early as hell...
[06:57:54] <Mrosiris1995> hm?
[06:57:58] <Blaze1337890> maybe ill pop in and out
[06:58:00] <@Khostic> oh rosy Kappa
[06:58:01] <LottieLatte> oh dang I gotta get ready to go to my aunt's soon
[06:58:04] <Mrosiris1995> !quote 115
[06:58:04] <@^cheflethalbot> Quote #115: 'Shut up Khostic, nobody asked you' [Diablo III: Reaper of Souls] [08/31/2016]
[06:58:10] <jordank231> that is early lol. i want to make it though
[06:58:12] <Mrosiris1995> bring it
[06:58:17] BAN: Mrosiris1995 (1s)
[06:58:22] <Mrosiris1995> !quote 115
[06:58:22] <@^cheflethalbot> Quote #115: 'Shut up Khostic, nobody asked you' [Diablo III: Reaper of Souls] [08/31/2016]
[06:58:22] <@Khostic> Kappa
[06:58:25] <Mrosiris1995> mod abuse
[06:58:38] <LottieLatte>* 8AM for you is 5AM for me but I'll try
[06:58:41] <Blaze1337890> I'm CST. so its earlier for me, but I totally understand work stuffs
[06:58:44] <@Caitnippers> I kinda liked Rosy as a mod BibleThump
[06:58:47] <@Khostic> time for quote removal Kappa
[06:58:49] <Kingj345> !social
[06:58:49] <@^cheflethalbot> Can't get enough Chef? Head over to twitter.com/cheflethalplays and hit that Follow button! Still can't get enough?! Check out his YouTube channel: https://www.youtube.com/c/ChefLethalPlays. You want MOAR?!? Head over to instagram.com/cheflethalplays!
[06:58:52] <Mrosiris1995> !ctt
[06:58:52] <@^cheflethalbot> Loving the stream?! Tell your friends! Spread the hype! Spread the love! Click this link to spread the word! http://ctt.ec/e0Rd9
[06:58:56] <Mrosiris1995> !discord
[06:58:56] <LottieLatte>* Hugs Cait
[06:58:56] <@^cheflethalbot> Chef has recently opened up his Discord server to the whole community! Come join the party using this invite! https://discord.gg/Azqe2J7 Patreon Supporters have access to SECRET VIP rooms and stuff, too!
[06:59:04] <Mrosiris1995> !patreon
[06:59:04] <@^cheflethalbot> Have you heard?! Chef is on Patreon! There are some pretty awesome perks for becoming a Patron, including Behind the Scenes videos, and EXCLUSIVE Lucy/Zelda/Tuscany Snapchat access! Go check it out! https://www.patreon.com/Cheflethalplays?ty=h
[06:59:05] <@Caitnippers>* hugs Lottie
[06:59:14] <LottieLatte> <3
[06:59:20] <@CherryGryffon> \m/ sketchDeal \m/
[06:59:23] <NiksLive> @cheflethalplays can you put some kinda bob ross asmr voice on when cooking? xD
[06:59:28] <Mrosiris1995> check out chef's modded stardew valley stream!!!
[06:59:33] <RabiJlassi> WutFace
[06:59:37] <@Khostic> rofl rosy
[06:59:37] <Kingj345> FeelsChefMan
[06:59:39] <Mrosiris1995> I mean youtube FailFish
[06:59:41] <jordank231> casual air guitar.
[07:00:02] <Kingj345> Someone clip that and put in discord
[07:00:18] <LottieLatte>* Joined the discord Kappa
[07:00:22] <Mrosiris1995> <3
[07:00:26] <Kingj345> !discord
[07:00:31] <Kingj345> Ugggggghhhh
[07:00:34] <@Khostic>* gives lottie vip role Kappa
[07:00:39] <Mrosiris1995> I already did discord you scrub Kappa
[07:01:03] <LottieLatte>* gasps
[07:01:14] <jeraskim> how doth one get a line cook spot in your discord?
[07:01:15] <Mrosiris1995> !glove
[07:01:15] <@Caitnippers> Why are we gasping? D:
[07:01:15] <@^cheflethalbot> Chef likes to wear latex gloves on his left (non-dominant) for most of the cutting done on stream. This is done for a mulitude of reasons, but mainly because it's easier than constantly having to stop and wash hands.
[07:01:15] <jeraskim> :D
[07:01:20] <Mrosiris1995> egad!
[07:01:23] <LottieLatte> which chat do I talk in
[07:01:28] <Mrosiris1995> atrium
[07:01:30] <NiksLive> @cheflethalplays dear kind and beautiful mister chef, could you please honor us all with attempting to talk in a beautiful bob ross like voice that tingles all of our ears? Nicely enough asked ? :D as u would say in germany: Bitte, danke!
[07:01:36] <@Caitnippers> the atrium
[07:01:51] <LottieLatte> thanku
[07:02:06] <tuvantastic> Kappa AMPEnergy
[07:02:10] <Eyeofthenyte> watching your stream and playing Ark rightnow
[07:02:28] <Eyeofthenyte> and just happens that you are making one of may favorite dishes
[07:02:37] <Blaze1337890> The Gods of Metal have blessed your stream!
[07:02:37] <Mrosiris1995> !quote 133
[07:02:38] <@^cheflethalbot> Quote #133: easy pour spout, I'll be the judge of that... oh that's pretty easy [Creative] [09/09/2016]
[07:02:43] <Mrosiris1995> ^ I did that
[07:02:46] <arneezy619> yes I am done with work i can take this off mute
[07:02:47] <Mrosiris1995> PogChamp
[07:02:53] <Terrapyros> 6AM MDT 5 AM PDT
[07:02:58] <Eyeofthenyte> it was really likely on my old play list since I had every metallica song on it... lol
[07:03:01] <BelfastBai> about 6.1 %
[07:03:18] <Mrosiris1995> yessssss
[07:03:21] <NiksLive> yes <3 <3 <3
[07:03:27] <@Caitnippers> Not this again FailFish
[07:03:32] <NiksLive> '-'
[07:03:39] <Mrosiris1995> cait wants the crazy eye close up it seems Kappa
[07:03:44] <@Caitnippers> NO
[07:03:44] <Eyeofthenyte> he's channeling Bob Ross!!
[07:03:46] <NiksLive> this is so worth keeping myself awake <3
[07:03:53] <+SylarSylar> I came into the stream to see/hear Bob Ross KappaRoss
[07:03:53] <@Caitnippers> I still have nightmares BibleThump
[07:03:57] <BelfastBai> 4Head
[07:04:01] <Blaze1337890> You stopped Metallica for THIS??...HERESY!
[07:04:08] <@Khostic> KappaRoss
[07:04:18] <arneezy619> Chef over here being deep and making me hungry
[07:04:19] <NiksLive> I LOVE YOU! I WANT KIDS !
[07:04:23] <NiksLive> xD
[07:04:28] <Blaze1337890> thats better
[07:04:28] <Kingj345> ChefRoss
[07:04:31] <jeraskim> hahahahahahah best transition ever!
[07:04:37] <BelfastBai> LUL This guy
[07:05:51] <+SylarSylar> Minecraft in 2016 LUL
[07:06:07] <@CherryGryffon> chefHeart
[07:06:24] <NiksLive> for you to say "you sir, are an idiot" u'd need to grow urself a hipster mustache and us beard oil with it
[07:06:31] <NiksLive> use*
[07:06:36] <BelfastBai> khosC
[07:06:47] <@Caitnippers> khosC khostic
[07:06:53] <limnatide> Chef does a RossLethal stram with dishes themed from Bob Ross: Happy little broccoli trees, beat the devil out eggs etc
[07:06:53] <+SylarSylar> WutFace PUT THE KNIFE DOWN SIR
[07:07:01] <@Khostic> still find it weird that my face is an emote
[07:07:16] <Mrosiris1995> rip
[07:07:22] <@Khostic> rip
[07:07:24] <BelfastBai> NotLikeThis
[07:07:24] <jordank231> be careful swinging that knife around lol
[07:07:28] <SpocXxee> WutFace
[07:07:36] <Mrosiris1995> hey chef do you have any pets?
[07:07:41] <@Caitnippers> !pets
[07:07:41] <@^cheflethalbot> The Lethal family includes 4 animals! Lucy, Chef's American Staffordshire Terrier. Tuscany, a tortoise-shell domestic short-hair cat. Zelda, a gray domestic-short hair cat. You can take Zelda; she drives us crazy. But we're good parents :) AND our newest addition, Tyson: a kitten we fostered then ended up adopting who is too cute for his own good!
[07:07:47] <@Caitnippers> Rosy AngelThump
[07:07:47] <Mrosiris1995> AngelThump
[07:07:59] <jeraskim> yes your here
[07:08:06] <@CherryGryffon> We're here D:
[07:08:08] <+SylarSylar> Can confirm you are definitely live Kappa //
[07:08:19] <NiksLive> yes sir
[07:08:20] <NiksLive> we are
[07:08:21] <SpocXxee> VoteYea
[07:08:22] <NiksLive> u are
[07:08:23] <supermonkeyfighter> yep
[07:08:25] <jordank231> its live
[07:08:27] <BelfastBai> Hi HeyGuys
[07:08:29] <vickyizbeast> you are live bingLurk b
[07:08:31] <BelfastBai> Kappa
[07:08:34] <@Khostic> he can't see chat guys
[07:08:35] <@Khostic> :P
[07:08:43] <vickyizbeast> we tried bingShrug
[07:08:51] <jordank231> oh lol
[07:08:51] <@Caitnippers> It's the thought that counts
[07:08:52] <@Khostic> it's okay I already pm'd him :D
[07:09:10] <@Caitnippers> !discord
[07:09:10] <@^cheflethalbot> Chef has recently opened up his Discord server to the whole community! Come join the party using this invite! https://discord.gg/Azqe2J7 Patreon Supporters have access to SECRET VIP rooms and stuff, too!
[07:09:17] <vickyizbeast> OMGScoots
[07:09:42] <~ChefLethalPlays> ffs technology
[07:09:49] <jeraskim> lol
[07:10:09] <danroome21> hi
[07:10:22] <IBCrazy17> wolvesHello
[07:10:28] <IBCrazy17> I is back from napping
[07:10:54] <BelfastBai> chefBreak
[07:11:00] <IBCrazy17> wolvesWat
[07:11:04] <jeraskim> wb.
[07:11:05] <tuvantastic> Kappa Kappa
[07:11:16] <@^cheflethalbot> Chef has recently opened up his Discord server to the whole community! Come join the party using this invite! https://discord.gg/Azqe2J7 Patreon Supporters have access to SECRET VIP rooms and stuff, too!
[07:11:18] <~ChefLethalPlays> this is why I need a dedicated PC chefDrunk
[07:11:22] <IBCrazy17> I SAW DA GHOST HAND
[07:11:25] <NiksLive> TRY SPRAYING WD 40 on your rig! It should technically fix every problem you ever experienced
[07:11:32] <BelfastBai> chefHat
[07:11:53] <~ChefLethalPlays> ok, back in a sec
[07:11:53] <IBCrazy17> so how far into the dish have we made it so far?
[07:12:09] <DaddysGamerGiirl> Tune!!!
[07:12:11] <BelfastBai> Nearly back FeelsAmazingMan
[07:12:25] <NiksLive> did you spray wd-40 on it?
[07:12:27] <BelfastBai> Back FeelsAmazingMan
[07:12:28] <supermonkeyfighter> the chicken is marinating
[07:12:31] <NiksLive> or ducktape it?
[07:12:42] <@Khostic> we all good?
[07:13:31] <Xxmatentv123xx12> i'm back.
[07:13:36] <gamesPWNher> Hello @Cheflethalplays
[07:13:37] <IBCrazy17> rip your sword @Mrosiris1995
[07:13:40] <Xxmatentv123xx12> what step u on noe
[07:13:42] <IBCrazy17> herro julie :D
[07:13:42] <Xxmatentv123xx12> now
[07:13:48] <gamesPWNher> I didn't miss it did I? I just got home from work.
[07:13:48] <NiksLive> aye
[07:13:49] <BelfastBai> Kappa //
[07:13:50] <@Caitnippers> Hey Julie :D
[07:13:53] <NiksLive> germans are here
[07:13:54] <@Khostic> nobody in chat Kappa
[07:13:55] <Terrapyros> ChefLethal does cardio
[07:13:55] <Xxmatentv123xx12> what happened?
[07:13:57] <vickyizbeast> bingLurk
[07:14:02] <supermonkeyfighter> ey FrankerZ
[07:14:03] <danroome21> jhay
[07:14:07] <Eyeofthenyte> I'm still around ":D
[07:14:07] <jordank231> mic check
[07:14:09] <gamesPWNher> Hi @IBCrazy17 @Caitnippers
[07:14:50] <TrueEbag>* sneaks in
[07:15:00] <@Khostic> Hey True <3
[07:15:01] <@mscuppykate>* sneaks in
[07:15:02] <gamesPWNher> @TrueEbag, hello!
[07:15:06] <gamesPWNher> @mscuppykate, hello!
[07:15:11] <@Caitnippers> True <3
[07:15:14] <@mscuppykate> hey @gamespwnher
[07:15:16] <gamesPWNher> Doing good. Looking forward to some food!
[07:15:32] <@Khostic> chef's drunk confirmed
[07:15:42] <@Khostic> FeelsAmazingMan
[07:15:42] <arneezy619> we all love you too chef
[07:15:43] Viewerstats (06:45-07:15): avg:152 min:118 max:195 [16/148-1+23-18+43-12-17-13-13-22+18+2+7+14-4-13]
[07:15:43] <@CherryGryffon> chefHeart chefHeart chefHeart
[07:15:44] <NiksLive> GUYS U HEARD THAT?! He did a shoutout for me <3
[07:15:47] <gamesPWNher> :o Chef just shouted me out <3 Thank you! :O
[07:15:48] <LottieLatte>* am I a friend
[07:15:48] <@Caitnippers> LOL
[07:15:49] <Mrosiris1995> !quote 125
[07:15:50] <@^cheflethalbot> Quote #125: "Oh man I just got coriander everywhere.. Even in my drink! That's a problem." [Creative] [09/06/2016]
[07:15:51] <TrueEbag> Khostic. <3
[07:15:53] <@Khostic> !caster gamesPWNher
[07:15:53] <Mrosiris1995> crap
[07:15:56] <vickyizbeast> OMGScoots
[07:15:56] <@^cheflethalbot> Holy Crap! If you guys don't know about gamesPWNher I think you most definitely should! Go check them out at twitch.tv/gamesPWNher!
[07:15:58] <TrueEbag> @gamesPWNher, <3
[07:16:02] <TrueEbag> @Caitnippers, <3
[07:16:09] <Mrosiris1995> !quote 127
[07:16:09] <@^cheflethalbot> Quote #127: "khostic is bestest mod" [Creative] [09/06/2016]
[07:16:14] <TrueEbag> YES
[07:16:15] <@Caitnippers> AngelThump
[07:16:17] <Mrosiris1995> -.-
[07:16:18] <TrueEbag> Sugardaddy confirmed
[07:16:23] <gamesPWNher> TrueEbag is sugar daddy <3 it
[07:16:24] <@CherryGryffon> So much love! sketchH chefHeart sketchH
[07:16:28] <Mrosiris1995> !quote 124
[07:16:28] <@^cheflethalbot> Quote #124: "I'm gonna do it with both hands guys, I'll just wash my hands later" [Creative] [09/06/2016]
[07:16:31] <TrueEbag> I'm good Cheffypoo
[07:16:37] <TrueEbag> How many drinks mate? haha
[07:16:38] <Mrosiris1995> Pure <3
[07:16:49] <@Khostic> !caster TrueEbag
[07:16:50] <gamesPWNher> Herro Pure! Herro @Mrosiris1995
[07:16:51] <limnatide> Pure <3
[07:16:58] <Mrosiris1995> julie <3
[07:17:03] <gamesPWNher> <3
[07:17:03] <TrueEbag> The cool down Khostic. haha
[07:17:05] <newfieguy4> Trueeeeeeeee <3 <3
[07:17:06] <@Khostic> well shit cooldown fucking it over
[07:17:08] <@Khostic> sorry true
[07:17:08] <LottieLatte> Is this lovey drunk chef
[07:17:09] <@Khostic> :P
[07:17:14] <Mrosiris1995> !quote 126
[07:17:15] <@^cheflethalbot> Quote #126: "that does things to my loins!" [Creative] [09/06/2016]
[07:17:18] <Mrosiris1995> there we go
[07:17:24] <@Caitnippers> !caster TrueEbag
[07:17:30] <Mrosiris1995> lol time for the rosy host Kappa
[07:17:30] <@Caitnippers> well then
[07:17:33] <TrueEbag> Can we please quote Cheffypoo saying I'm his sugar daddy?
[07:17:36] <@Khostic> hold up
[07:17:38] <IBCrazy17> @Mrosiris1995, you ignoring me now?!?! too popular for me?1?!?!? wolvesThrow
[07:17:45] <arneezy619> hey @ChefLethalPlays gotta get on out of here gonna make some dinner and set up for my stream have a good one
[07:17:50] <@^cheflethalbot> Gamespwnher, that host accentuates your natural beauty quite nicely. Thank you!
[07:17:53] <Mrosiris1995> I didn't see you D:
[07:17:59] <Mrosiris1995> I keep looking at my phone
[07:18:02] <IBCrazy17> you lost your swrod D:
[07:18:04] <@^cheflethalbot> Blaze1337890, that host accentuates your natural beauty quite nicely. Thank you!
[07:18:17] <Blaze1337890> I wanted to see the kitty!
[07:18:20] <Mrosiris1995> I was a temp mod for the crazy flood :p
[07:18:24] <IBCrazy17> did you ban yourself or something?
[07:18:26] <IBCrazy17> AH
[07:18:30] <IBCrazy17> I got it
[07:18:31] <danroome21> what u cooking
[07:18:31] <@Caitnippers> !caster TrueEbag
[07:18:31] <@^cheflethalbot> Holy Crap! If you guys don't know about TrueEbag I think you most definitely should! Go check them out at twitch.tv/TrueEbag!
[07:18:34] <@Caitnippers> there we go
[07:18:44] <TrueEbag> Aww. Thank you @Caitnippers
[07:18:51] <Mrosiris1995> lol
[07:19:02] <gamesPWNher> Forgot about your sugar daddy :o
[07:19:04] <@Caitnippers> Most of people here stream lol
[07:19:07] <gamesPWNher> ^^
[07:19:11] <TrueEbag> ^^
[07:19:15] <@Khostic> https://www.twitch.tv/thepimz for pimz
[07:19:16] <Kingj345> ^^
[07:19:16] <Mrosiris1995> <-- doesn't AngelThump
[07:19:22] <IBCrazy17> lol
[07:19:25] <newfieguy4> Trueebag is awesomesauce
[07:19:28] <gamesPWNher> You have followers now though so you should @Mrosiris1995
[07:19:28] <Kingj345> Knees weak arms are heavy
[07:19:31] <TrueEbag> @newfieguy4, <3
[07:19:32] <@Khostic> https://www.twitch.tv/caitnippers for cait
[07:19:34] <gamesPWNher> Hi @newfieguy4
[07:19:40] <@Caitnippers> twitch.tv/khostic for khostic
[07:19:46] <newfieguy4> Hi @gamespwnher
[07:19:50] <@Khostic> https://www.twitch.tv/purekaos26 and for pure
[07:19:51] <@Khostic> :D
[07:19:55] <Mrosiris1995> I was gonna try for monday but my computer can't handl the games I want to play while streaming :/
[07:19:57] <supermonkeyfighter> do you guys think em knows about the moms spaghetti meme
[07:19:58] <TrueEbag> Khostic with the wins!
[07:20:07] <gamesPWNher> I feel your pain @Mrosiris1995
[07:20:10] <newfieguy4> Much love for the ones I follow <3 <3
[07:20:14] <LottieLatte> is chef ok
[07:20:17] <TrueEbag> Why did we not count how many drinks he's been having?
[07:20:21] <@Khostic> he's a bit drunk lottie
[07:20:22] <gamesPWNher> If you want a list of games a toaster can stream let me know @Mrosiris1995
[07:20:23] <Mrosiris1995> I can't even get it to register fallout 4 as a thing xD
[07:20:26] <TrueEbag> So @LottieLatte he's actually a robot we created. He's failing.
[07:20:29] <NiksLive> i feel like he likes his mom's spaghetti
[07:20:36] <IBCrazy17> wait, chef is drunking tonight?
[07:20:38] <Mrosiris1995> yes please Julie <3
[07:20:40] <@Khostic> I think it's time for a reboot after the stream True
[07:20:44] <IBCrazy17> what is the drink of choice?
[07:20:49] <LottieLatte> you need to rewire him
[07:20:50] <TrueEbag> @Khostic, I think so as well. He's skipping.
[07:20:59] <DaddysGamerGiirl> haha lose yoruself in moms spaghetti
[07:21:06] <@Caitnippers> lolol
[07:21:06] <Mrosiris1995> chef is Swedish chef confirmed PogChamp
[07:21:07] <Kingj345> chefDrunk
[07:21:14] <TrueEbag> One very large pure rum drink. haha
[07:21:17] <Adlib421> So what does this mean for the actual food then? Lol
[07:21:23] <Mrosiris1995> only one who saw the muppet reference opening FeelsBadMan
[07:21:30] <@Khostic> "lightly poured" *insert dr. evil gif
[07:21:32] <DaddysGamerGiirl> sometimes, all it takes is one
[07:21:37] <Mrosiris1995> and Khostic is the old judgemental guys
[07:21:42] <TrueEbag> @Adlib421, he actually cooks better. Don't worry. haha
[07:21:46] <@Khostic> wow rosy
[07:21:55] <newfieguy4> Chefers slipped in a little bit more rum thats why he's off cam a lot. Lol
[07:21:57] <Adlib421> That's a relief!
[07:22:11] <DaddysGamerGiirl> kids dont blow moms spaghetti
[07:22:15] <Kingj345> Mrs lethal likes chef's spagetti
[07:22:16] <Mrosiris1995> Khostic they're hilarious though
[07:22:29] <Mrosiris1995> !quote 133
[07:22:29] <@^cheflethalbot> Quote #133: easy pour spout, I'll be the judge of that... oh that's pretty easy [Creative] [09/09/2016]
[07:22:30] <supermonkeyfighter> i wonder if eminem's mom makes good spaghetti
[07:22:30] <TrueEbag> Where is LNJ?!
[07:22:34] <gamesPWNher> Chef drunk is the best drunk chefDrunk
[07:22:34] <Mrosiris1995> at a party
[07:22:36] <@Caitnippers> She's out and about True
[07:22:41] <DaddysGamerGiirl> this is what happens when his wife leaves him unsupervised
[07:22:49] <Nycozation> DId i just hear his laptop ding?
[07:22:50] <TrueEbag>* is still wanting a quote proving that Chef said I'm his sugar daddy.
[07:22:50] <gamesPWNher> She probably made spaghetti-os
[07:22:54] <gamesPWNher> Hi @Nycozation
[07:22:56] <gamesPWNher> <3 <3
[07:23:09] <DaddysGamerGiirl> twink goals
[07:23:10] <@Khostic> hold up true
[07:23:12] <Mrosiris1995> lol chef, you were right about you eating chinese food and drinking the booze when it's bachelor night Kappa
[07:23:12] <@Khostic> I gotchu
[07:23:14] <Kingj345> !quote 93
[07:23:14] <@^cheflethalbot> Quote #93: "mrslethal is best mod" [Creative] [08/18/2016]
[07:23:15] <Nycozation> Hey hey Pwny :)
[07:23:17] <TrueEbag> @Khostic, <3
[07:23:42] <@Caitnippers> Might aswell add the quote where he admits he loves me very much Kappa
[07:23:42] <@Khostic> !quote add "And TrueEbag, He's my sugardaddy!"
[07:23:42] <@^cheflethalbot> khostic --> Succesfully added Quote #135: "And TrueEbag, He's my sugardaddy!" [Creative] [09/09/2016]
[07:23:49] <TrueEbag>* writes down 135
[07:23:49] <BaconBrotato2470> !quote 97
[07:23:51] <gamesPWNher> ^^
[07:23:51] <@^cheflethalbot> Quote #97: "I'm gonna name you Felicia cause Bye" [Diablo III: Reaper of Souls] [08/20/2016]
[07:24:00] <Martinpaoloni> you're welcome! didn't even know people cooked on twitch. but this looks fun! cheers
[07:24:08] <Mrosiris1995> Rosy remembers everything
[07:24:19] <gamesPWNher> You are in for a treat @Martinpaoloni
[07:24:20] <Mrosiris1995> unless it's uber critical to my own life
[07:24:24] <emplaysgames101> AHHHHH
[07:24:25] <Mrosiris1995> then I forget
[07:24:28] <Mrosiris1995> rip homewrk
[07:24:28] <jeraskim> a very fitting song for the oment
[07:24:28] <emplaysgames101> im back :D
[07:24:34] <jeraskim> wb
[07:24:39] <emplaysgames101> thanks
[07:24:41] <emplaysgames101> :3
[07:24:41] <TrueEbag> I'm so sad I missed the influx from the twitch portion. I'm sorry Cheffypoo
[07:24:45] <Xenoconway> @emplaysgames101 CoolCat
[07:24:49] <Kingj345> Mrs lethal is just sitting in a corner without her chef
[07:25:00] <jordank231> twitch forcing you to stream, i feel bad now
[07:25:13] <jeraskim> probably watching him on twitch mobile
[07:25:14] <TrueEbag> I gotta work that job to be able to support you mate! haha
[07:25:22] <emplaysgames101> TakeNRG
[07:26:48] <jeraskim> chefLove
[07:27:09] <jeraskim> chefHeart
[07:27:12] <Kingj345> What was the channel that raided you for the spotlight? So i can watch your video
[07:27:17] <gamesPWNher> Sesame oil is your friend <3
[07:27:33] <@mscuppykate> huehuehue I could just snapchat him
[07:27:37] <wolfpack54398> this is a thing? do you stream cooking regularly? this is awesome.
[07:27:37] <@mscuppykate> if you'd like him in here
[07:28:04] <TrueEbag> Was there a raid game?!
[07:28:10] <@Caitnippers> Yes true
[07:28:12] <@Khostic> there was true
[07:28:13] <Kingj345> He streams cooking tuesdays and thursdays afternoons @wolfpack54398
[07:28:19] <Kingj345> !schedule
[07:28:19] <@Khostic> !schedule
[07:28:19] <@^cheflethalbot> Chef is generally live Tuesdays at 5:30p EDT for cooking, Thursdays at 6p for cooking, and Saturdays at 8a for gaming! Schedule subject to change and all updates will be posted to Twitter!
[07:28:19] <TrueEbag> GOOD! What was the prizes?
[07:28:42] <@Caitnippers> blood orange oil and britsh outburst
[07:28:44] <Martinpaoloni> @wolfpack54398 I also just found out. nice! twitch.tv/twitch brought me here btw
[07:28:45] <@^cheflethalbot> Martinpaoloni --> Ask for permission before posting a link! [Purge]
[07:28:47] BAN: Martinpaoloni (1s)
[07:28:48] <TrueEbag> nice!
[07:28:55] <Xenoconway> @martinpaoloni rip
[07:28:56] <TrueEbag> Blood orange oil sounds amazing
[07:29:03] <gamesPWNher> @Xenoconway, <3
[07:29:10] <TrueEbag> @Xenoconway, <3
[07:29:16] <gamesPWNher> I need to get me some of that blod orange oil
[07:29:17] <Xenoconway> @gamespwnher KappaPride
[07:29:20] <Martinpaoloni> @wolfpack54398 I also just found out. nice!
[07:29:22] <Xenoconway> @trueebag KappaRoss
[07:29:27] <wolfpack54398> Thats awesome! i had no idea people streamed this kind of thing.
[07:29:36] <TrueEbag> I love how Chef is like the most rasta person ever for never smoking. haha
[07:29:41] <gamesPWNher> ^^
[07:29:45] <@Caitnippers> VapeNation
[07:29:49] <Xenoconway> ^^
[07:29:51] <jordank231> any games you like to play off stream that arent casual?
[07:29:55] <Kingj345> Chef smokes joints O_o
[07:30:05] <TrueEbag> @Kingj345, Chef never smokes
[07:30:07] <Kingj345> !cheese
[07:30:07] <@^cheflethalbot> kingj345 [Gouda] - Cheese: 808
[07:30:08] <@mscuppykate> ProwlingPanther is on his way
[07:30:12] <Kingj345> !points
[07:30:13] <@^cheflethalbot> Just by being here, you're earning CHEESE! Keep saving up to be the BIG CHEESE! Once you accumumlate at least 3,000 cheese, you can redeem your points to spin the WHEEL OF CHEESE that will throw a wrench in the stream's plan!
[07:30:17] <jeraskim> thats a lot of joints O.o
[07:30:25] <TrueEbag> !cheese
[07:30:25] <@^cheflethalbot> trueebag [Gouda] - Cheese: 526
[07:30:30] <vickyizbeast> OMGScoots
[07:30:32] <Nycozation> !cheese
[07:30:33] <@^cheflethalbot> nycozation [Gouda] - Cheese: 554
[07:30:34] <vickyizbeast> !cheese
[07:30:35] <@^cheflethalbot> vickyizbeast [Meunster] - Cheese: 176
[07:30:37] <@PureKaos26> I has returned! Everyone can now rejoice!
[07:30:38] <vickyizbeast> OMGScoots
[07:30:42] <Xenoconway> OMGScoots
[07:30:45] <jeraskim> HI Pure!!
[07:30:45] <@PureKaos26> !cheese
[07:30:45] <@^cheflethalbot> purekaos26 [Meunster] - Cheese: 322
[07:30:49] <Xenoconway> @purekaos26 Kappa
[07:30:49] <@mscuppykate> !cheese
[07:30:50] <@^cheflethalbot> mscuppykate [Gouda] - Cheese: 748
[07:30:50] <supermonkeyfighter> cheese?
[07:30:51] <@PureKaos26> hi, @jeraskim
[07:30:54] <@PureKaos26> !points
[07:30:58] <@Caitnippers> Bbygurl <3
[07:31:06] <BigMac_With_Cheese> Would you rather resurrect Harambe or have a new season of Cory in the house?
[07:31:13] <jeraskim> hhahahahahahahahahahah
[07:31:17] <mckayaj1> lalalalalalalal
[07:31:17] <LottieLatte> Okay I gotta go chef I'll be back in a bit assuming you're still on
[07:31:24] <jeraskim> chef has smoked to many joints?
[07:31:24] <Xenoconway> @bigmac_with_cheese why not both? DansGame
[07:31:27] <supermonkeyfighter> cory is best anime
[07:31:27] <@Caitnippers> Bye Wifey <3
[07:31:28] <@PureKaos26> @Xenoconway, <3
[07:31:31] <@Khostic> Bye Lottie <3
[07:31:34] <@PureKaos26> Cait <3
[07:31:38] <Xenoconway> @purekaos26 <3
[07:31:40] <wolfpack54398> HARAMBE
[07:31:40] <LottieLatte> bye bye <3 I'll probably be in discord
[07:31:47] <Haus_Steiner> Cory in the House
[07:31:52] <Xenoconway> Hearts evrywhere
[07:31:58] <@Khostic> #PiranhasOutForZombieHarambe
[07:32:01] <Xenoconway> @gamespwnher <3
[07:32:02] <mckayaj1> harambe made a mistake, and they erased that mistake
[07:32:04] <Haus_Steiner> Because Carl's not in the house
[07:32:06] <jeraskim> ChefHeart
[07:32:07] <@PureKaos26> Chef, everyone has two bottles of Rice Wine Vinegar. It's just hwhat you do
[07:32:08] <jeraskim> oops
[07:32:09] <TrueEbag> So, what was the concurrent viewer from the twitch influx @Khostic
[07:32:12] <@PureKaos26> they can't be bought individually
[07:32:12] <jeraskim> chefHeart
[07:32:22] <turtlefart696969> What do you call a chicken with no arms or legs...
[07:32:23] <Xenoconway> @lottielatte cya KappaPride
[07:32:25] <@Khostic> @TrueEbag, he went up to about 200+
[07:32:30] <TrueEbag> Good! <3
[07:32:39] <newfieguy4> Just wanna say much love to all that is here tonight supporting @cheflethalplays pants in here tonight
[07:32:39] <Pooboy151> He's cooking with blood WutFace
[07:32:42] MOD: PureKaos26
[07:32:50] <TrueEbag> PROOF HE'S DRUNK!
[07:32:58] <DaddysGamerGiirl> I have zero bottles of rice wine vinager
[07:32:58] <turtlefart696969> A chicken nugget !!
[07:33:08] <@PureKaos26> chefDrunk
[07:33:10] <TrueEbag> DO IT!
[07:33:12] <Xenoconway> @pooboy151 WutFace
[07:33:12] <TrueEbag> DO EET!
[07:33:13] <@Khostic> that "duuuuude"
[07:33:14] <@Khostic> XD
[07:33:14] <DaddysGamerGiirl> I have cider vinnager and white vineager
[07:33:19] <wolfpack54398> go to the butcher!
[07:33:22] <TrueEbag> You're in the south!
[07:33:25] <TrueEbag> Pigs blood is easy!
[07:33:25] <wolfpack54398> you can get blood from them
[07:33:34] <TrueEbag> If you do blood sausage I'll make your night!
[07:33:48] <DaddysGamerGiirl> he is drunk on life
[07:33:48] <Pooboy151> riPepperonis WutFace pigs blood
[07:33:50] <TrueEbag> @wolfpack54398, you need pretty fresh blood.
[07:33:52] <BigMac_With_Cheese> I have a question.
[07:34:06] <Xenoconway> @bigmac_with_cheese !cheese
[07:34:06] <DaddysGamerGiirl> pig blood sausage
[07:34:18] <Mrosiris1995> chef also likes the teabags Kappa
[07:34:19] <jeraskim> stop Tsing us!
[07:34:25] <Martinpaoloni> gotta go... to cook dinner, actually. glad i found this channel!. cheers to all!
[07:34:37] <Xenoconway> @mrosiris1995 is it me or do you not have a sword?
[07:34:46] <Mrosiris1995> I was a temp mod for the influx
[07:34:50] <@Caitnippers> Enjoy your dinner later Martin :)
[07:34:52] <Xenoconway> Oh
[07:34:56] <Mrosiris1995> :p
[07:34:58] <Martinpaoloni> thanks!
[07:34:58] <supermonkeyfighter> @ChefLethalPlays weird question but whats your zodiac animal
[07:35:01] <Xenoconway> :(
[07:35:14] <Xenoconway> #RemodRosyOrRiot Kappa
[07:35:24] <Adlib421> What state are you in?
[07:35:28] <Mrosiris1995> ah ah ah ah. 5 teaspoons
[07:35:35] <Mrosiris1995> count chefypoo
[07:35:36] <Xenoconway> ^
[07:35:36] <@Caitnippers> He actually did a great job though
[07:35:43] <TrueEbag>* goes to lurk for a bit
[07:36:02] <supermonkeyfighter> i'm sheep!
[07:36:11] <Kingj345> Have fun true
[07:36:16] <@^cheflethalbot> chefHat It's Special Project Friday! We're jamming out to some of Chef's favorite songs & guilty pleasure music! This VOD will not be on YouTube, so you gotta catch it live! Chef's making Sesame Chicken & fried rice! Just like Chinese takeout, but BETTER! chefHeart chefSkills
[07:36:17] <Xenoconway> ^
[07:36:18] <Mrosiris1995> I'm a pig, cause I'm delicious Kapppa
[07:36:27] <crazeepacman> lol
[07:36:40] <Kingj345> !discord
[07:36:40] <@^cheflethalbot> Chef has recently opened up his Discord server to the whole community! Come join the party using this invite! https://discord.gg/Azqe2J7 Patreon Supporters have access to SECRET VIP rooms and stuff, too!
[07:36:50] <Kingj345> !social
[07:36:51] <@^cheflethalbot> Can't get enough Chef? Head over to twitter.com/cheflethalplays and hit that Follow button! Still can't get enough?! Check out his YouTube channel: https://www.youtube.com/c/ChefLethalPlays. You want MOAR?!? Head over to instagram.com/cheflethalplays!
[07:37:00] <Mrosiris1995> thanks for saying so Cait <3 AngelThump
[07:37:12] <@PureKaos26> Needs more sesame.
[07:37:20] <Kingj345> !patreon
[07:37:21] <@^cheflethalbot> Have you heard?! Chef is on Patreon! There are some pretty awesome perks for becoming a Patron, including Behind the Scenes videos, and EXCLUSIVE Lucy/Zelda/Tuscany Snapchat access! Go check it out! https://www.patreon.com/Cheflethalplays?ty=h
[07:37:27] <@PureKaos26> never too much sesame.
[07:37:43] <Mrosiris1995> !ctt
[07:37:43] <@^cheflethalbot> Loving the stream?! Tell your friends! Spread the hype! Spread the love! Click this link to spread the word! http://ctt.ec/e0Rd9
[07:37:52] <@mscuppykate> so much sesame
[07:37:54] <crazeepacman> i cannot get enough cowbell lol
[07:38:06] <Kingj345> Put vinegar in there
[07:38:06] <@Caitnippers> You're welcome rosy AngelThump
[07:38:17] <turtlefart696969> 150 witnesses
[07:38:27] <Xenoconway> ^
[07:38:37] <@PureKaos26> Hey, CHEF - who sings this song??
[07:38:46] <@Caitnippers> Me Kappa
[07:38:47] <Xenoconway> !currentsong
[07:38:47] <Mrosiris1995> oh god the metal screeches are triggering me D:
[07:39:04] UNMOD: Fishstix
[07:39:10] <TwoClipzOneKill> you're cam's inverted... looks a little creapy
[07:39:14] <turtlefart696969> Im counting :) copyThis pastaThat
[07:39:29] <@PureKaos26> I was trying to make a joke
[07:39:30] <Mrosiris1995> brb chef and everyone
[07:39:35] <supermonkeyfighter> best song! <3
[07:39:38] <Mrosiris1995> I gotta go get some onions
[07:39:42] <Mrosiris1995> wow pure so sayvage
[07:39:48] <Xenoconway> @mrosiris1995 GivePLZ
[07:39:51] <jeraskim> I picked up what you were picking down pure
[07:40:01] <@PureKaos26> <3
[07:40:01] <Fknpr0bl3m216> I'm enjoying this stream and the music :F
[07:40:04] <Fknpr0bl3m216> :D *
[07:40:06] <@PureKaos26> MY THEME SONG
[07:40:18] <jeraskim> hahahahhahaha
[07:40:44] <@PureKaos26> I was asking who sang the song. When you told me, I was going to say "Let's keep it that way."
[07:40:46] <@PureKaos26> FailFish
[07:40:55] <Kingj345> Snow blind needs to come up
[07:40:58] <@Caitnippers> Savage
[07:40:59] <vickyizbeast> OpieOP
[07:41:00] <@mscuppykate> lol
[07:41:00] <@Caitnippers> I like it
[07:41:08] <TwoClipzOneKill> What did the baby corn say to its mom? Where’s my pop corn?
[07:41:11] <BaconBrotato2470> Kate snowyOMG
[07:41:14] <@Caitnippers> I agree with KingJ, wheres snowblind?
[07:41:19] <jeraskim> LMAO!
[07:41:21] <@PureKaos26> I broke Chef.
[07:41:22] <@PureKaos26> I'm so sorry
[07:41:32] <jeraskim> chefBroke
[07:41:34] <Haus_Steiner> PureKaos and the bad jokes
[07:41:34] <limnatide> !quote 23
[07:41:34] <@^cheflethalbot> Quote #23: "I'm drunk with power! I'm also drunk with drunk" [Stardew Valley] [03/22/2016]
[07:41:41] <turtlefart696969> You gotta enjoy your own stream or you will be unhappy and unhappy is bad
[07:41:44] <jeraskim> chefBreak
[07:41:44] <Kingj345> FeelsChefMan
[07:41:50] <Haus_Steiner> I'd say Dad jokes but that is my thing
[07:41:54] <@mscuppykate> hey @BaconBrotato2470 <3
[07:41:55] <@Khostic> wow pure
[07:41:56] <@PureKaos26> I'M SO SORRY CHEFFY
[07:41:58] <@PureKaos26> I HEART YOU
[07:42:02] <@Khostic> LOOK WHAT YOU DID
[07:42:12] <Kingj345> !water
[07:42:14] <@Caitnippers> Don't attack my bbygurl khostic
[07:42:16] <@Caitnippers> how dare you
[07:42:27] <Haus_Steiner> I make the dad jokes
[07:42:27] <@PureKaos26> WEEZER
[07:42:28] <@Khostic> I'll attack who I want Kappa
[07:42:32] <@PureKaos26> omg I came back at the BEST EFFING TIME
[07:42:48] <jeraskim> than he starts dying
[07:42:56] <vickyizbeast> bingGasp
[07:42:58] <supermonkeyfighter> plz dont die
[07:42:59] <@mscuppykate> Don't die chef! XD
[07:43:03] <newfieguy4> Lol
[07:43:04] <Xenoconway> @khostic daddy! BabyRage
[07:43:21] <Prowling_Panther> @Cheflethalplays, I was informed that my presence was requested???
[07:43:22] <Kingj345> Old Man chef
[07:43:23] <gamesPWNher> Oh no!
[07:43:31] <gamesPWNher> Chef are you okay???
[07:43:32] <turtlefart696969> Feels bad man
[07:43:33] <newfieguy4> @purekaos26 <3 <3 <3 <3
[07:43:34] <supermonkeyfighter> SAVE HIM SwiftRage
[07:43:38] <Xenoconway> ^
[07:43:38] <@Khostic> pls don't call me daddy Kappa
[07:43:40] <Gotycki_Rosa> what happen
[07:43:41] <@mscuppykate> There he is :) Hey @Prowling_Panther
[07:43:43] <gamesPWNher> Mrs. Lethal come to the rescue
[07:43:48] <Prowling_Panther> Hey cuppy
[07:43:49] <gamesPWNher> Chef is dying
[07:43:50] <turtlefart696969> Call the po po she need some milk
[07:43:50] <Prowling_Panther> how are you love
[07:44:03] <@PureKaos26> I made Chef try to swim in his drink :(
[07:44:06] <@mscuppykate> I'm alright
[07:44:07] <Xenoconway> @khostic I'll call daddy whoever I want Kappa
[07:44:15] <Fknpr0bl3m216> don't die on us, I just followed today D:
[07:44:17] <@Khostic> lol :D
[07:44:21] <Prowling_Panther> ooohhhh yah idk why paypal set that the way it did lol
[07:44:22] <@Caitnippers> You do that often Pure Kappa
[07:44:27] <@PureKaos26> hahahah
[07:44:31] <@PureKaos26> it's apparently my thing, Cait
[07:44:32] <@PureKaos26> :-P
[07:44:35] <Xenoconway> ^
[07:44:38] <@PureKaos26> The list keeps growing.
[07:44:41] <Prowling_Panther> oh no problem at all Chef you do an awesome job man :D
[07:44:55] <limnatide> shake a treat bag, they will appear
[07:44:59] <Wolfgirlwarrior> Lucy lucy lucy!
[07:44:59] <Kingj345> The pets will not go hungry with all these treats
[07:45:09] <jeraskim> start opening the bag. they WIll come running
[07:45:12] <jeraskim> hahah
[07:45:20] <gamesPWNher> Next stream kitties weigh like 30 lbs
[07:45:26] <@PureKaos26> ^
[07:45:28] <@Khostic> LUCY
[07:45:29] <Capnsanity> PUPPY!!
[07:45:30] <jeraskim> hahhaha
[07:45:31] <@Caitnippers> Lucy bbby AngelThump
[07:45:34] <Xenoconway> FrankerZ
[07:45:37] <Kingj345> !pets
[07:45:37] <@^cheflethalbot> The Lethal family includes 4 animals! Lucy, Chef's American Staffordshire Terrier. Tuscany, a tortoise-shell domestic short-hair cat. Zelda, a gray domestic-short hair cat. You can take Zelda; she drives us crazy. But we're good parents :) AND our newest addition, Tyson: a kitten we fostered then ended up adopting who is too cute for his own good!
[07:45:43] Viewerstats (07:17-07:45): avg:137 min:114 max:145 [15/144+1-5+4+0-3-27+19+4+4+2+0-5-2-16]
[07:45:47] <DoctorBooMD> woo, made it back before the end. my laptop got corrupted and died an hour ago, finally fixed it.
[07:45:48] <Kingj345> FeelsLucyMan
[07:45:49] <Xenoconway> !cheese
[07:45:49] <@^cheflethalbot> xenoconway [American Cheese] - Cheese: 96
[07:45:53] <Gotycki_Rosa> lol
[07:45:55] <Haus_Steiner> PUPPER
[07:45:55] <gamesPWNher> We like to watch Kappa
[07:45:55] <Prowling_Panther> OMG so cute!!!
[07:45:56] <Capnsanity> AHHHH CUTE
[07:46:07] <Gotycki_Rosa> haiLucy
[07:46:08] <gamesPWNher> Animals <3
# Log closed: 2016-09-10 07:46:10 +0800
-
