# Log started: 2016-09-28 06:26:37 +0800
[06:26:37] ~Taco Tuesday! BACON-BBQ Brisket!  !discord !points !pobox #food #cooking #d2s (Creative)~
[06:26:37] Joining #cheflethalplays..
[06:26:37] You have joined #cheflethalplays
[06:26:39] <Mrosiris1995> seems legit chef\
[06:26:47] <MissBeany> Maybe we will go have some burgers in town if we hear a yes tomorrow
[06:27:00] <Gotycki_Rosa> lmao
[06:27:10] <Gotycki_Rosa> hawt meat lol
[06:27:20] <MissBeany> PUN!
[06:27:27] <babysmoresghost> good luck @missbeany
[06:27:28] MOD: Cherrygryffon, Purekaos26, Khostic, Cheflethalplays, Cheflethalbot, Mrslethalplays
[06:28:40] <MissBeany> Been here since february :D Already completely moved :P But we have been living in his parents house + his sister and her kid there...so yeaaaa :D Now I have a job its time to have our own place!
[06:28:50] <amanita333> i fucking love ur manboobs
[06:28:58] <babysmoresghost> cheflethal no worry im a silly american too
[06:29:51] <MissBeany> Actually getting hungry now seeiing those burgers and bacon :D
[06:31:02] <Mrosiris1995> !social
[06:31:02] <@^cheflethalbot> Can't get enough Chef? Head over to twitter.com/cheflethalplays and hit that Follow button! Still can't get enough?! Check out his YouTube channel: https://www.youtube.com/c/ChefLethalPlays. You want MOAR?!? Head over to instagram.com/cheflethalplays!
[06:31:05] <+agentlionlive> mmmmmm cheese
[06:31:15] <babysmoresghost> cheeeese
[06:31:32] <limnatide> !cheese
[06:31:33] <@^cheflethalbot> limnatide [Gouda] - Cheese: 662
[06:31:42] <Mrosiris1995> check out chef's two on going series modded stardew valley and FTB infinity evolved!
[06:31:43] <xFlare25> !cheese
[06:31:43] <@^cheflethalbot> xflare25 [Gorgonzola] - Cheese: 1422
[06:31:55] <T_Miner_T> !cheese
[06:31:56] <@^cheflethalbot> t_miner_t [American Cheese] - Cheese: 98
[06:32:00] <DoctorBooMD> @limnatide, you're going to hit 3k again before you know it
[06:32:00] <Mrosiris1995> @DoctorBooMD, are you holding your cheese too?
[06:32:03] <limnatide> Oh, I saw the Rosy ep, Rosy
[06:32:13] <Mrosiris1995> for mc?
[06:32:21] <limnatide> Yes Rosy
[06:32:24] <DoctorBooMD> I decided a long time ago I was @Mrosiris1995 I hate gorgonzola and feta
[06:32:31] <limnatide> And I figure about 3 week for 3k again lol
[06:32:33] <Mrosiris1995> loldoc
[06:32:33] <T_Miner_T> I just ate a ghost pepper
[06:32:46] <T_Miner_T> I'm gonna die from it
[06:32:47] <limnatide> How was that Miner
[06:32:55] <MissBeany> why would u eat that Miner :D
[06:32:57] <Mrosiris1995> and lol Limna xD I didn't know he was recording at the time
[06:33:12] <limnatide> lol
[06:33:17] <T_Miner_T> cause I'm hungry
[06:33:18] <MissBeany> panicBasket panicBasket panicBasket
[06:33:23] <babysmoresghost> )
[06:33:29] <mckayaj1> #fireondadancefloor
[06:33:32] <babysmoresghost> :)
[06:33:40] <FleamingFury> hot meat PogChamp
[06:33:41] <DoctorBooMD> !cheese
[06:33:41] <@^cheflethalbot> doctorboomd [Top Cheddah] - Cheese: 3046
[06:33:42] <Gotycki_Rosa> rofl
[06:33:50] <limnatide> quote "Aren't you jealous of my hot meat"
[06:33:56] <babysmoresghost> i work at the cheesecake factory in nyc
[06:33:58] <Mrosiris1995> idk why chef doesn't trust me D: I'm totes trustworthy on the server
[06:34:01] <Mrosiris1995> Kappa
[06:34:07] <Mrosiris1995> no pranking or nuffin
[06:34:17] <limnatide> One word Rosie, Boom
[06:34:22] <queenlillypetals12> ummmm whats that chef oh yes its ketup
[06:34:37] <mckayaj1> need some homemade fries to go with the patty
[06:34:40] <Mrosiris1995> nah I dun mess with tnt, tis for scrubs
[06:34:51] <T_Miner_T> I need milk
[06:34:56] <limnatide> Creepers on the other hand..
[06:35:08] <DigitalRT> !cheese
[06:35:09] <@^cheflethalbot> digitalrt [Meunster] - Cheese: 150
[06:35:11] <irezumicosplay10> Finding an apartment where I live is awful
[06:35:13] <MissBeany> sweet potato fries!
[06:35:23] <Mrosiris1995> oh god xD
[06:35:29] <Mrosiris1995> you saw that limna?
[06:35:33] <mckayaj1> yeah that would work missbeany
[06:35:36] <Mrosiris1995> or heard i mean
[06:35:42] <babysmoresghost> yea its my first job
[06:35:47] <limnatide> I was there for the Cait discussion
[06:35:56] <Mrosiris1995> OH lmao
[06:36:02] <Mrosiris1995> yes chef playing minecraft
[06:36:05] <Mrosiris1995> wat
[06:36:07] <Mrosiris1995> chef
[06:38:03] <Mrosiris1995> meow
[06:38:06] <limnatide> !meow
[06:38:12] <MissBeany> so inventive!
[06:38:17] <Gotycki_Rosa> :O
[06:38:26] <limnatide> Shhh Khostic's sleeping ;)
[06:38:30] <MechaSwan> what do i cook for my doo doo owl on tuesdays?
[06:38:39] <@Khostic> !meow
[06:38:39] <@^cheflethalbot> Chef Lethal has meowed 1 times
[06:40:06] <MissBeany> noobsLove
[06:41:00] <Gotycki_Rosa> lol that look
[06:41:10] <@PureKaos26> wait, what? Tacos but not?
[06:41:15] <MissBeany> How dare you to ask if anyone wants cheese, OFC it needs cheese!
[06:41:24] <limnatide> "the plan for today, throw out the plan" awesome
[06:41:31] <Mrosiris1995> we're deviating to minecraft \o/
[06:41:34] <Mrosiris1995> Kappa
[06:41:36] <Gotycki_Rosa> spit take lol
[06:41:37] <@PureKaos26> ^
[06:41:41] <@PureKaos26> (for Rosy)
[06:41:53] <Mrosiris1995> oo I like carrots
[06:41:53] <mckayaj1> water-maloone
[06:42:29] <babybunlover> hey lethal!!
[06:42:31] <Mrosiris1995> need some of this:
[06:42:33] <Mrosiris1995> !cheese
[06:42:33] <@^cheflethalbot> mrosiris1995 [Top Cheddah] - Cheese: 3024
[06:42:42] <limnatide> !cheese
[06:42:43] <@^cheflethalbot> limnatide [Gouda] - Cheese: 674
[06:43:28] <MissBeany> After all that time, still no fridge tour!
[06:43:42] <babybunlover> !cheese
[06:43:42] <@^cheflethalbot> babybunlover [American Cheese] - Cheese: 68
[06:43:55] <MissBeany> Let us be the judge of that!
[06:43:57] <BaconBrotato2470> Chef!! snowyLewd
[06:44:03] <babybunlover> hey letal??
[06:44:10] <babybunlover> lethal*
[06:44:37] <Madbin> eSuba Boys
[06:44:49] <Countdowner> eSuba Boys
[06:44:50] <Faeli42> eSuba Boys
[06:44:53] <Zulwan> eSuba Boys
[06:44:58] <Zonniecz> eSuba Boys
[06:44:59] <@^cheflethalbot> BTTV (BetterTTV) is a browser plugin that allows you to customize your Twitch experience! Get it at www.betterttv.com! By doing so you open up the possibilities to use the 5 AMAZING emotes that are available on my channel! "chefBreak" chefBreak "chefSkills" chefSkills "chefHat" chefHat "chefHeart" chefHeart "chefDrunk" chefDrunk
[06:45:07] <MissBeany> twitchRaid twitchRaid twitchRaid
[06:45:15] <Madbin> eSuba Boys
[06:45:22] <@PureKaos26> "Enough weirdness?" Unfollow.
[06:45:25] <@PureKaos26> Kappa
[06:45:26] <Zulwan> fakt díky botr
[06:45:32] <Zulwan> bote*
[06:45:35] <BaconBrotato2470> Kaos! snowyHype
[06:45:40] <@PureKaos26> hi, bacon!
[06:45:52] BAN: Zulwan (1s)
[06:45:57] <Madbin> eSuba Boys
[06:45:58] <TheDCPlaya> pulpHi pulpLove
[06:46:21] <aurorapop> its okay, Im confused too
[06:46:21] <Madbin> eSuba Boys
[06:46:27] <Zulwan> eSubaBoys
[06:46:30] <BaconBrotato2470> If it's a raid, SOMEONE posted the raid message TWICE! DansGame
[06:46:30] <babybunlover> is mrs letha
[06:46:33] <Prowling_Panther> Cheflethalplays!!! how are you today sir
[06:46:34] <Zonniecz> eSuba Boys
[06:46:34] <Gotycki_Rosa> o.O
[06:46:36] <babybunlover> os mrs letha
[06:46:42] <babybunlover> is mrs letha
[06:46:52] <babybunlover> is mrs lethal in chay
[06:47:06] <Madbin> eSuba Boys
[06:47:11] BAN: Madbin (600s)
[06:47:22] <BaconBrotato2470> #REKT
[06:47:23] <TheDCPlaya> PP
[06:48:07] <aurorapop> strong cabbage?
[06:48:22] <DaddysGamerGiirl> it is international murphy's law day
[06:48:28] <@PureKaos26> sorry about that, guys, I don't do spam well lol
[06:48:52] <@Khostic> well if you hadn't done it, I would've
[06:48:52] <Prowling_Panther> Hey Dave hows it going buddy
[06:48:54] <MissBeany> Im gonna go to bed! :D Almost midnight here! :D Cya all later
[06:48:57] <@Khostic> no need to apologise pure
[06:48:58] <@Khostic> lol
[06:49:00] <@PureKaos26> <3
[06:49:07] <TheDCPlaya> ill
[06:49:08] <@PureKaos26> night, @MissBeany
[06:49:13] <@PureKaos26> sleep safely!
[06:49:17] <Aavery1> chefSkills
[06:49:18] <BaconBrotato2470> The irony of someone named Kaos, preferring order. Kappa
[06:49:19] <DoctorBooMD> have a great night @MissBeany
[06:49:22] <@PureKaos26> hahaha
[06:49:41] <DaddysGamerGiirl> use the big half to make cabbage rolls some day
[06:49:52] <MissBeany> Ill let you know!
[06:49:57] <@PureKaos26> I prefer order, Bacon, but everything I touch turns to chaos
[06:50:00] <BaconBrotato2470> D-Dub snowyLewd
[06:50:09] <Shadowxdemon0> oh my that emote
[06:50:10] <DoctorBooMD> I prefer bacon
[06:50:13] <Shadowxdemon0> Kappa
[06:50:18] <@PureKaos26> hey, Shadow!
[06:50:31] <Shadowxdemon0> hi pure :D
[06:50:50] <Gotycki_Rosa> bastGasm bastGasm
[06:50:54] <@PureKaos26> I hate soggified cabbage/lettuce, so it does help me, too hahaha
[06:51:00] <DaddysGamerGiirl> I wonder wht the meaning of toss the cabbage would be on the urban dictionary if it was a thing
[06:51:03] <Shadowxdemon0> Kappa you're hurting my weeb side
[06:51:29] <@Khostic> shadow o/
[06:51:30] <@PureKaos26> stay up, Chef, I've got a bet on ya! hahaha
[06:51:54] <Shadowxdemon0> hi khostic
[06:52:02] <DaddysGamerGiirl> tell me not ot do I will do it
[06:52:11] <Mrosiris1995> erp
[06:52:15] <DaddysGamerGiirl> !cheese
[06:52:16] <@^cheflethalbot> daddysgamergiirl [Top Cheddah] - Cheese: 3158
[06:52:26] <@PureKaos26> ooooohhhhh
[06:52:31] <@PureKaos26> 2 3k peeps so far
[06:52:33] <@PureKaos26> !cheese
[06:52:33] <@^cheflethalbot> purekaos26 [Gorgonzola] - Cheese: 1214
[06:52:37] <Shadowxdemon0> don't lick your screen gamergirl
[06:52:37] <@PureKaos26> hahahhahahaha no where even close
[06:52:40] <Shadowxdemon0> Kappa
[06:52:42] <Prowling_Panther> Thats no good TheDCPlaya :/
[06:52:53] <DaddysGamerGiirl> LOL
[06:52:56] <DoctorBooMD> !cheese
[06:52:57] <@^cheflethalbot> doctorboomd [Top Cheddah] - Cheese: 3070
[06:53:07] <BaconBrotato2470> Something else to NEVER EVER Google? Blue Waffle. WutFace
[06:53:26] <DaddysGamerGiirl> I dont listen to doctors wwhen they say dont drink with medications, that means fun things will happen
[06:53:26] <Gotycki_Rosa> ^
[06:53:26] <limnatide> His concern brings a tear to my eye :D
[06:53:30] <Shadowxdemon0> Kappa im gonna do it anyway *looks it up* WutFace
[06:53:45] <DoctorBooMD> I know at least Rosy and I are saving up
[06:54:01] <DaddysGamerGiirl> my screen is pretty clean so I will actually do it LOL
[06:54:20] <Shadowxdemon0> omg amazing
[06:54:28] MOD: Mylons
[06:54:43] <DaddysGamerGiirl> I just wont tke a bath while Im doing it
[06:54:51] <DaddysGamerGiirl> I learned from whitneys mistakes
[06:55:22] <Shadowxdemon0> ebola? *triggered*
[06:55:25] <babybunlover> all that is showing up for me is blue waffles
[06:55:32] UNMOD: Mylons
[06:55:45] <DaddysGamerGiirl> I can see it now, chef tv cooking shows cooking with ebola
[06:55:58] <@PureKaos26> he said, "eh, a bowl...uh..."
[06:55:59] <@PureKaos26> hahahah
[06:56:00] <Shadowxdemon0> XD
[06:56:07] <BaconBrotato2470> @babybunlover you have the luck of the gods
[06:56:22] <babybunlover> @baconbrotato2470 okay?
[06:56:29] <ExplosiveBurritos> Im back your cooking made me hungry
[06:56:35] Viewerstats (06:26-06:54): avg:57 min:49 max:68 [15/62-13+5-3+5+3-5+1-1-1+12+3-6-5+0]
[06:56:46] <DoctorBooMD> yeah I'm gonna say google safe filter
[06:56:47] <BaconBrotato2470> you do NOT want to find the actual pic
[06:56:52] <Shadowxdemon0> DatSheffy i keep safe search off
[06:57:12] <babybunlover> @explosiveburritos its a disease
[06:57:18] <Shadowxdemon0> which back fires when i'm looking up an anime character FailFish
[06:57:25] <Shadowxdemon0> damn you internet
[06:57:40] <babybunlover> are you canadian? you pronouce things weirs
[06:58:19] <BaconBrotato2470> @babybunlover no, he is in Florida
[06:58:23] <Shadowxdemon0> (ditto)
[06:58:31] <Shadowxdemon0> WutFace florida
[06:58:42] <DoctorBooMD> You can just call yourself an honorary Canadian, they're too polite to correct you @ChefLethalPlays
[06:59:05] <BaconBrotato2470> lel Doc xD
[06:59:12] <FleamingFury> you are too cute to stay away KappaPride
[06:59:23] <DaddysGamerGiirl> 84 now LOL
[06:59:25] <Shadowxdemon0> KappaPride ikr
[06:59:41] <@PureKaos26> welcome, SilentEyes!!!
[07:00:02] <DaddysGamerGiirl> we spell ham b.a.c.on
[07:00:03] <@^cheflethalbot> Daddysgamergiirl --> Ask for permission before posting a link! [Purge]
[07:00:05] BAN: DaddysGamerGiirl (1s)
[07:00:15] <DaddysGamerGiirl> oops the dots
[07:00:17] <BaconBrotato2470> Rekt
[07:00:23] <DaddysGamerGiirl> the unfollow joke
[07:00:35] <SilentEyes_v2> smells good . love garlic
[07:01:13] <じめじめした食品> I heard Bacon rooHappy
[07:01:18] <BaconBrotato2470> @silenteyes_v2 what happened to @silenteyes_v1? Kappa
[07:01:18] <DaddysGamerGiirl> what if they commented welp, my dog died
[07:02:25] <DaddysGamerGiirl> that is how you are suppose to answer when someone asks how you are, theya re just beinf friendly, they usualy dont really care how you are
[07:02:32] <@mrslethalplays> !quote add "Would you kindly get in there and die?"
[07:02:33] <@^cheflethalbot> mrslethalplays --> Succesfully added Quote #170: "Would you kindly get in there and die?" [Creative] [09/27/2016]
[07:02:35] <BaconBrotato2470> OMG! So much buffer, even WITH transcoders. Twitch Pliz!! DansGame
[07:02:45] <BaconBrotato2470> MrsLethal snowyLewd snowyLewd
[07:02:51] <moopato> lethall
[07:03:00] <Butterwhales> lol what have i come into
[07:03:02] <Mrosiris1995> !quote 93
[07:03:02] <@^cheflethalbot> Quote #93: "mrslethal is best mod" [Creative] [08/18/2016]
[07:03:05] <BaconBrotato2470> Go Go Garlic Helicopter. Kappa
[07:03:06] <moopato> with da delicious ingredients
[07:03:13] <DoctorBooMD> sounded like Dr claw from inspector gadget.
[07:03:21] <babybunlover> !quote
[07:03:26] <DaddysGamerGiirl> Hey Mrs L
[07:03:30] <@PureKaos26> <3 for eeeee
[07:03:30] <Mrosiris1995> !quote 135
[07:03:35] <babybunlover> !quote 15
[07:03:35] <@^cheflethalbot> Quote #15: "Gotta have that D in the middle. Gotta have the D" [Creative] [03/15/2016]
[07:03:40] <@mrslethalplays> hi all! back to lurk
[07:03:41] <TrueEbag> lol
[07:03:44] <babybunlover> lo
[07:03:44] <TrueEbag> Darn
[07:03:44] <DaddysGamerGiirl> hollieHeart hollieHeart hollieHeart hollieHeart hollieHeart hollieHeart hollieTreat hollieTreat
[07:03:45] <Butterwhales> cool
[07:03:45] <@PureKaos26> LNJ <3
[07:03:48] <TrueEbag> !quote 135
[07:03:48] <DoctorBooMD> boo LNJ lurkmode
[07:03:52] <DoctorBooMD> :D
[07:04:00] <moopato> omg brisket
[07:04:02] <TrueEbag> WHY IS MY QUOTE NOT WORKING?! I QUIT!
[07:04:02] <babybunlover> <3 <3 <3 <3 <3 <3 <3 <3 <3 <3 <3 <3 <3 <3 <3 <3
[07:04:04] <@mrslethalplays> !discord
[07:04:04] <@^cheflethalbot> Chef has recently opened up his Discord server to the whole community! Come join the party using this invite! https://discord.gg/Azqe2J7 Patreon Supporters have access to SECRET VIP rooms and stuff, too!
[07:04:06] <moopato> yeshhhhhhh
[07:04:07] <@mrslethalplays> ok bai
[07:04:09] <@PureKaos26> !quote 135
[07:04:09] <@^cheflethalbot> Quote #135: "And TrueEbag, He's my sugardaddy!" [Creative] [09/09/2016]
[07:04:16] <Butterwhales> thank you TrueEbag for the tip
[07:04:16] <@PureKaos26> <3
[07:04:17] <TrueEbag> there it goes! <3
[07:04:22] <@PureKaos26> I gotchoo, doll
[07:04:23] <BaconBrotato2470> Imma try and tenor Twitch, see if it helps. brb
[07:04:24] <@Khostic> !discord
[07:04:24] <@^cheflethalbot> Khostic -> !discord is on cooldown for 100 seconds.
[07:04:24] <babybunlover> !quote 150
[07:04:30] <@PureKaos26> !ctt
[07:04:30] <@Khostic> oh
[07:04:30] <@^cheflethalbot> Loving the stream?! Tell your friends! Spread the hype! Spread the love! Click this link to spread the word! http://ctt.ec/711jW
[07:04:34] <@Khostic> I'm done
[07:04:39] <Mrosiris1995> !social
[07:04:39] <@^cheflethalbot> Can't get enough Chef? Head over to twitter.com/cheflethalplays and hit that Follow button! Still can't get enough?! Check out his YouTube channel: https://www.youtube.com/c/ChefLethalPlays. You want MOAR?!? Head over to instagram.com/cheflethalplays!
[07:04:39] <limnatide> There's Mrs responding before the delay :D
[07:04:43] <babybunlover> !quote 132
[07:04:43] <@^cheflethalbot> Quote #132: "If I can't hear it, then I don't know what I'm hearing." [Creative] [09/09/2016]
[07:04:50] <@mrslethalplays> passing baton back to you khostic
[07:05:00] <Gotycki_Rosa> !quote
[07:05:05] <TrueEbag> !quote 151
[07:05:12] <babybunlover> ewww cilantro!!! tastes like soap
[07:05:16] <DaddysGamerGiirl> I love it, most folks hate it
[07:05:20] <Gotycki_Rosa> !quote 69
[07:05:20] <@^cheflethalbot> Quote #69: "Just a nice little bubble butt" [Creative] [26/07/2016]
[07:05:22] <Gotycki_Rosa> yup
[07:05:31] <MarkFu14> Straight nasty. And supposedly you are genetically disposed not to like it...weird.
[07:05:39] <limnatide> !quote 151
[07:05:53] <DaddysGamerGiirl> do tastebuds come back if you quit smoking for a long time?
[07:05:58] <babybunlover> !quote 120
[07:05:58] <@^cheflethalbot> Quote #120: "I gotta get my nuts on stream" [Creative] [09/01/2016]
[07:06:08] <Gotycki_Rosa> I cant eat it @ChefLethalPlays for that reason
[07:06:23] <DaddysGamerGiirl> I ignore the laws of nature
[07:06:27] <limnatide> Yes, according to my S.O. they do, somewhat. @DaddysGamerGiirl
[07:06:44] <maZar1210> @DaddysGamerGiirl, yes... they don't go away but they get kinda numb... after a while of non smoking they will get back to work :)
[07:07:02] <TrueEbag> !pobox
[07:07:07] <Butterwhales> most people are weird because they can drink milk. humans are supposed to all be lactose intolerant
[07:07:08] <DaddysGamerGiirl> cool one day I will have a palet again LOL
[07:07:09] <TrueEbag>* plans something big
[07:07:23] <Gotycki_Rosa> yeah
[07:07:24] <Belladonnarose> Omg It finally loaded
[07:07:37] <Belladonnarose> @ChefLethalPlays Hey Chef!
[07:07:50] <limnatide> I see TrueEbag, and he's trolling, plotting something for the stream.
[07:07:51] <Mrosiris1995> it's because we mutated to drink milk lol
[07:08:03] <TrueEbag> @limnatide, I see you! Seeing me and my plotting!
[07:08:18] <limnatide> In my head I was singing True, just for you.
[07:08:36] <TrueEbag> OBBY! sfxGASM
[07:08:40] <Gotycki_Rosa> lmao
[07:08:42] <Butterwhales>* watches TrueEbag watching limnatide watching TrueEbag
[07:08:52] <DaddysGamerGiirl> he was suppose to be the gofer guy
[07:08:57] <Mrosiris1995> lactade man Kappa
[07:09:11] <DaddysGamerGiirl> tht is like in captain panet, heart was useless af
[07:09:19] <TrueEbag> Chef these tacos better be good or I'm quitting
[07:09:22] <Seaniscrazy> Whats up guys! What's up Chef!
[07:09:32] <DaddysGamerGiirl> hey crazy
[07:09:39] <TrueEbag> What am I doing? haha
[07:09:48] <Seaniscrazy> Hey @DaddysGamerGiirl!
[07:09:59] <@^cheflethalbot> Have you heard?! Chef is on Patreon! There are some pretty awesome perks for becoming a Patron, including Behind the Scenes videos, and EXCLUSIVE Lucy/Zelda/Tuscany Snapchat access! Go check it out! https://www.patreon.com/Cheflethalplays?ty=h
[07:10:03] <Mrosiris1995> wooo Minecraft!!! \o/
[07:10:16] <Belladonnarose> @DaddysGamerGiirl : Heart was uber useless now that I reflect on it. I loved that show though
[07:10:16] <TrueEbag> I had so muchj fun ruining Chef's base
[07:10:30] <BaconBrotato2470> I'm back. *fingers crossed*
[07:10:33] <DaddysGamerGiirl> I sitll know the them song,
[07:10:39] <limnatide> chaos cubes ftw
[07:10:46] <Seaniscrazy> Have you tried minecraft in VR?
[07:10:49] <Seaniscrazy> amazing!
[07:10:58] <Mrosiris1995> why aren't we invited FeelsBadMan
[07:11:10] <@PureKaos26> because stalkers
[07:11:12] <BaconBrotato2470> M-T-W Stream next week then. :p
[07:11:45] <DaddysGamerGiirl> they should have an alstar show with all the useless characters from tv shows and comics, have a cartoon urvivor series where they die if they get voted off
[07:11:48] <@PureKaos26> !quote add "And I may have pooped my pants. It was awkward and embarrassing."
[07:11:49] <@^cheflethalbot> purekaos26 --> Succesfully added Quote #171: "And I may have pooped my pants. It was awkward and embarrassing." [Creative] [09/27/2016]
[07:11:53] <Butterwhales> will you let the whales come at least (not me)
[07:12:33] <Butterwhales> or whale watching
[07:12:38] <DanHalen_> I hate watching Chef after work... because it makes me hungry
[07:12:42] <DanHalen_> and it's too late to order food
[07:12:46] <Gotycki_Rosa> lmao
[07:12:57] <BaconBrotato2470> fifiWhale ← Butter this whale.
[07:13:06] Viewerstats (06:56-07:12): avg:53 min:48 max:61 [9/50+5-4+10-4-4-5+4-1]
# Log closed: 2016-09-28 07:13:06 +0800
-
