# Log started: 2016-10-11 06:14:20 +0800
[06:14:20] Joining #cheflethalplays..
[06:14:20] ~Butternut Squash Soup! Grilled Cheese! Bacon!! !points !patreon #food #cooking #d2s (Creative)~
[06:14:20] You have joined #cheflethalplays
[06:14:24] <AllyRosepetal> tigerLewd
[06:14:26] <LottieLatte> I said it before
[06:14:30] <LottieLatte> x
[06:14:34] <LottieLatte> c:
[06:14:36] <AllyRosepetal> tigerGasm tigerGasm tigerGasm tigerGasm tigerGasm
[06:14:40] <Mrosiris1995> welp
[06:14:46] <Mrosiris1995> research completed for now
[06:14:47] <Gotycki_Rosa> bastGasm
[06:14:53] MOD: Khostic, Cheflethalbot, Cheflethalplays, Mrslethalplays
[06:15:04] <Gotycki_Rosa> tigerB
[06:15:05] <newfieguy4> This is the dirty version of chef's stream the squash*penis* show lol
[06:15:09] <Mrosiris1995> wait nvm I got something else to look up
[06:15:23] <AllyRosepetal> broPls
[06:15:34] <Gotycki_Rosa> bastLewd
[06:15:36] <AllyRosepetal> lol
[06:15:41] <Gotycki_Rosa> bastFeels
[06:15:52] <AllyRosepetal> tigerLUL
[06:16:01] <limnatide> Chef likes to pun shallot
[06:16:10] <Gotycki_Rosa> hehe
[06:16:18] <AllyRosepetal> hehe
[06:16:24] <Gotycki_Rosa> Tigerwriter
[06:16:25] <christilia> do you by produce at farmers market often Chef?
[06:16:25] <AllyRosepetal> broXD
[06:16:32] <DobriyKriper> Гани шеф
[06:16:34] <AllyRosepetal> sorry hehe
[06:16:42] <DobriyKriper> И да привет
[06:17:00] <newfieguy4> Oh chefer's how did the animals act during the hurricane did they act all nervous and such
[06:17:01] <AllyRosepetal> bastLewd
[06:17:02] <newfieguy4> ?
[06:17:30] <christilia> <3
[06:17:30] <@Khostic> chefHeart
[06:17:31] <Niugnepstream> <3
[06:17:34] <DaddysGamerGiirl> hollieHeart hollieHeart hollieHeart hollieHeart hollieHeart hollieHeart hollieHeart hollieHeart
[06:17:37] <LottieLatte> <3
[06:17:37] <limnatide> caitLove
[06:17:38] <DobriyKriper> @newfieguy4 У тебя писька не стоит
[06:17:38] <AllyRosepetal> bastLove
[06:17:44] <newfieguy4> <3 <3
[06:17:45] <AllyRosepetal> broLove
[06:17:50] <AllyRosepetal> tigerLove
[06:18:08] <newfieguy4> English plz @dobriykriper
[06:18:08] <DobriyKriper> Любишь когда не стоит?
[06:18:16] BAN: DobriyKriper (1s)
[06:18:25] <AllyRosepetal> wtf with the weird language
[06:18:26] <DobriyKriper> @newfieguy4 На русском пиши сука
[06:18:29] BAN: DobriyKriper (600s)
[06:18:51] <newfieguy4> @dobriykriper english please :-)
[06:19:14] <AllyRosepetal> lol
[06:19:20] <jitspoe> Oy, I just tune into this stream and immediately chopping onions.
[06:19:27] <jitspoe> I thought this was a happy stream.
[06:19:42] <@Khostic> chopping happy little onions
[06:19:46] <AllyRosepetal> broCry
[06:20:03] <jitspoe> Oh, whew, not actual onions.
[06:20:12] <newfieguy4> Yah thats weird though how dogs act all weird around the thunder and lightning
[06:20:50] <christilia> uh oh
[06:20:56] <jitspoe> The shallot does seem to be pretty cut up over the whole ordeal.
[06:20:57] <AllyRosepetal> lol
[06:21:15] <@^cheflethalbot> TWITTER: twitter.com/cheflethalplays and hit that Follow button! YOUTUBE: https://www.youtube.com/c/ChefLethalPlays . INSTAGRAM: instagram.com/cheflethalplays!
[06:21:28] <jitspoe> Better than in the water without a boat.
[06:22:22] <DoctorBooMD> I can't see it, what's the goal?
[06:22:46] <christilia> what kind of bacon is it?
[06:22:48] <Gotycki_Rosa> theres always room for bacon!
[06:22:48] <@^cheflethalbot> Captainmcf1y, that host accentuates your natural beauty quite nicely. Thank you!
[06:22:54] <jitspoe> Shant I? Is that at all like Pad Thai?
[06:23:12] <@^cheflethalbot> Gotycki_rosa, that host accentuates your natural beauty quite nicely. Thank you!
[06:23:16] <DoctorBooMD> Where do you plan on putting the new camera?
[06:23:29] <christilia> all bacon is good :D
[06:23:59] <Gotycki_Rosa> <3
[06:24:31] <Sid1000> Hello Chef and chat.
[06:24:57] <limnatide> Hi Sid
[06:25:24] <christilia> just one beer today Chef?
[06:25:25] <DoctorBooMD> Sounds like a good plan
[06:25:25] <Gotycki_Rosa> dont worry be happy
[06:25:33] <jitspoe> Thought you were wearing a poop hat.
[06:25:41] <jitspoe> It wasn't intentional?
[06:26:00] <Gotycki_Rosa> Sizzzzzzzzzzzzzzzzler
[06:26:05] <AllyRosepetal> idk
[06:26:15] <Gotycki_Rosa> I think there is some Chef
[06:26:20] <AllyRosepetal> I miss ponderosa
[06:26:26] <Gotycki_Rosa> I looked it up onnce
[06:26:31] <@^cheflethalbot> Eyeofthenyte, that host accentuates your natural beauty quite nicely. Thank you!
[06:26:39] <Gotycki_Rosa> just none by me :(
[06:26:49] <@^cheflethalbot> Whiteshadow_001, that host accentuates your natural beauty quite nicely. Thank you!
[06:27:01] <Barley_N_Swine> Mr Chef Lethal! Good afternoon good sir!
[06:27:10] <christilia> IRON CHEF
[06:27:55] <Gotycki_Rosa> Iron Chef Lethal SeemsGood
[06:28:29] <christilia> thast a korean dish
[06:28:32] <DobriyKriper> Hi
[06:28:33] <christilia> thats*
[06:28:47] <DobriyKriper> I from russia
[06:29:07] <christilia> and an egg?
[06:29:25] <DobriyKriper> My englis it's very bad
[06:29:58] <Gotycki_Rosa> sounds good Chef
[06:30:05] <christilia> bibimbap is really amazing
[06:30:10] <DobriyKriper> Xuy
[06:30:14] <@Khostic> !social
[06:30:14] <@^cheflethalbot> TWITTER: twitter.com/cheflethalplays and hit that Follow button! YOUTUBE: https://www.youtube.com/c/ChefLethalPlays . INSTAGRAM: instagram.com/cheflethalplays!
[06:30:20] <FleamingFury> chef PogChamp
[06:30:28] <FleamingFury> i missed your face
[06:30:30] <DobriyKriper> Privet
[06:31:12] <Gotycki_Rosa> missed ya too
[06:31:23] <Jarkeler> Butternut Squash with Grilled Cheese and Bacon... 🤔
[06:31:40] <DobriyKriper> Ya nixuya ne ponal
[06:31:43] <+twp156> lewD lewD lewD lewD
[06:31:51] BAN: DobriyKriper (600s)
[06:32:04] <@Khostic> learn your lesson please DobriyKriper
[06:32:51] <Jarkeler> @DobriyKriper, Try Google Translate!
[06:32:53] <@Khostic> Kappa
[06:32:59] <@Khostic> it's been too long!
[06:33:18] <christilia> cook more oriental food chef!
[06:33:28] <limnatide> !quote 136
[06:33:28] <@^cheflethalbot> Quote #136: "Come for the cooking, leave for the singing." [Creative] [09/09/2016]
[06:34:09] <christilia> XD
[06:34:14] <Jarkeler> So, when are you gonna get a camera that you can grab and show what you're cooking every once in a while?
[06:34:22] <christilia> FailFish
[06:34:50] <limnatide> @Jarkeler, that's the tip goal, third camera for the stove
[06:35:03] <christilia> i love granny smith apples
[06:35:20] <@^cheflethalbot> Belladonnarose, that host accentuates your natural beauty quite nicely. Thank you!
[06:35:23] <Jarkeler> Grab and move, to show over the stove or in the oven.. okay, gotcha
[06:35:35] <limnatide> Agreed @christilia
[06:35:43] <christilia> <3
[06:35:46] <jitspoe> Wow, I just realized that Twitch has a creative section. I've been streaming my inktober drawings under a game called "Ink", lol.
[06:36:24] <jitspoe> I never claimed to be a s mart man.
[06:36:31] <jitspoe> Or a smart man.
[06:36:35] <Jarkeler> Officially launched with that Bob Ross event, even before then though, Jitspoe
[06:36:39] <gotyo6bro> old leg humber Kappa
[06:36:42] <DoctorBooMD> Bruce Campbell is an s mart man.
[06:36:43] <gotyo6bro> humper*
[06:36:49] <christilia> I'd take the ale
[06:37:06] <limnatide> Well, you can't share so it's all good. :D
[06:37:35] <christilia> haha
[06:37:42] <@^cheflethalbot> Gotyo6bro, that host accentuates your natural beauty quite nicely. Thank you!
[06:37:57] <Jarkeler> I'm cooking with Chicken Thighs tonight, what are some interesting ingredients to try? Doing it on the grill btw @Cheflethalplays
[06:38:09] <@Khostic> !schedule
[06:38:09] <@^cheflethalbot> Chef is generally live Tuesdays at 5:30p EDT for cooking, Thursdays at 6p for cooking, and Saturdays at 8a for gaming! Schedule subject to change and all updates will be posted to Twitter!
[06:38:16] <jitspoe> !schedu... to slow
[06:38:22] <Gotycki_Rosa> brb... @Cheflethalplays made me hungry for grilled cheese lol
[06:38:42] <@Khostic> hours are the same right? just tuesday is monday and thursday is?
[06:39:09] <jitspoe> I like rubbing thighs.
[06:39:18] <+Vdash> Do you need multiple knives or is a chef knife / pairing all you would need? On that, what chef knife do you prefer?
[06:39:18] <gotyo6bro> Kappa
[06:39:33] <Jarkeler> Garlic olive oil and mustard, eh? 🤔
[06:39:34] <Gotycki_Rosa> bastLewd @jitspoe
[06:39:38] <DoctorBooMD> !uptime
[06:39:38] <@^cheflethalbot> Chef Lethal has been live for 1 hour 9 minutes 52 seconds
[06:40:40] <christilia> i use wusthof brand
[06:40:42] <@^cheflethalbot> Queenlillypetals12, that host accentuates your natural beauty quite nicely. Thank you!
[06:40:45] <jitspoe> @Gotycki_Rosa you enjoying that? ;)
[06:40:49] <queenlillypetals12> hey chef
[06:41:15] <christilia> from Sonoma Chef?
[06:41:44] <+twp156> lewW lewD lewW lewD lewW lewD
[06:41:57] <+twp156> look into my pretty adorable eyes
[06:42:06] <queenlillypetals12> how are you chef
[06:42:10] <@Khostic> !command edit !schedule Chef is generally live Mondays at 6pm EDT for cooking, Thursdays at 6pm for cooking, and Saturdays at 8am for gaming! Schedule subject to change and all updates will be posted to Twitter!
[06:42:11] <@^cheflethalbot> khostic --> Successfully edited !schedule. Permission: Everyone. Message: Chef is generally live Mondays at 6pm EDT for cooking, Thursdays at 6pm for cooking, and Saturdays at 8am for gaming! Schedule subject to change and all updates will be posted to Twitter!
[06:42:13] <jitspoe> lewW
[06:42:15] <@Khostic> there we go
[06:42:21] <Gotycki_Rosa> tigerCreep
[06:42:22] <+twp156> skin? what you chaving a freakin cat? Kappa
[06:43:00] <@Khostic> nooo D:
[06:43:01] <Gotycki_Rosa> yes
[06:43:04] <@Khostic> ffs chef
[06:43:08] <Gotycki_Rosa> ooooooh yeah?
[06:43:18] <FleamingFury> pimp him out SoonerLater
[06:43:19] <Gotycki_Rosa> I am playing right now lol
[06:43:33] <christilia> I've only played the RTS of warcraft
[06:43:35] <@Khostic> I'm a death knight FeelsBadMan
[06:43:42] <LottieLatte> >You can unmod yourself
[06:43:45] <Jarkeler> Blizzard screwed me the past expansions, I hear this one is actually good, but Blizzard pissed me off too many times in the past with poor expansions
[06:43:46] <Gotycki_Rosa> I have a DK
[06:43:47] <alastorius_> me too FeelsGoodMan
[06:43:49] <DoctorBooMD> but that's not a wiaard @Khostic
[06:43:59] <@Khostic> esports wow is a thing yeah
[06:44:00] <DoctorBooMD> *wizard
[06:44:02] <Gotycki_Rosa> on my panda hunter now
[06:44:04] <christilia> I have a lvl 14 Blood Elf XD
[06:44:11] <Gotycki_Rosa> horde or Allaince @Khostic
[06:44:15] <TrueEbag> Too many people. I'm scared. haha
[06:44:17] Viewerstats (06:14-06:42): avg:38 min:26 max:55 [16/26+4+0+3+7-6-3+6+4-2+10-5-8+6+4+9]
[06:44:19] <christilia> priest
[06:44:24] <DanHalen_> Chef DansGame
[06:44:26] <DanHalen_> Khostic DansGame
[06:44:30] <@Khostic> I play alliance @Gotycki_Rosa
[06:44:30] <DanHalen_> twp DansGame
[06:44:33] <@Khostic> Dan DansGame
[06:44:34] <DanHalen_> True DansGame
[06:44:35] <tagis72> have you ever got into making sourdough bread before?
[06:44:40] <Gotycki_Rosa> lol cool
[06:44:44] <DoctorBooMD> I assume I still have a level 60 gnome mage, I played when it launched and that was it
[06:44:48] <TrueEbag> Dan thuluGASM
[06:44:56] <Gotycki_Rosa> loving Legion
[06:44:57] <@Khostic> I'm not. esports wow is mostly arena player vs player. and I'm not that great at that
[06:44:59] <DanHalen_> Did you see my own personal challenge?
[06:45:01] <DoctorBooMD> @TrueEbag, he has a new tip goal for a new camera
[06:45:13] <TrueEbag> I just moved I can't break that yet
[06:45:35] <christilia> I'm not a big fan of pvp in any mmo I'm terrible at it
[06:45:40] <DanHalen_> A streamer called BanzaiBaby accidentally shouted me out thinking I was a streamer, so now the mods shout me out anyway and i have a challenge of getting 1000 followers without ever streaming Kappa
[06:45:56] <DanHalen_> and if i do, i've said I'll eat a ghost pepper for my first stream
[06:46:11] <DoctorBooMD> oh I know, just was letting you know we have something to work towards now.
[06:46:15] <DanHalen_> She did indeed
[06:46:15] <@^cheflethalbot> BTTV (BetterTTV) is a browser plugin that allows you to customize your Twitch experience! Get it at www.betterttv.com! By doing so you open up the possibilities to use the 5 AMAZING emotes that are available on my channel! "chefBreak" chefBreak "chefSkills" chefSkills "chefHat" chefHat "chefHeart" chefHeart "chefDrunk" chefDrunk
[06:46:15] <TrueEbag> Look at how much I've already donated! GOSH! You people think I'm his sugardaddy or something!
[06:46:19] <TrueEbag> !quote 135
[06:46:20] <@^cheflethalbot> Quote #135: "And TrueEbag, He's my sugardaddy!" [Creative] [09/09/2016]
[06:46:38] <Jarkeler> I was Gladiator in WoW back in wrath of the lich king and scrimmed against sponsored teams often. But now im all washed up FeelsBadMan
[06:47:01] <Gotycki_Rosa> anyway brb lol tummy growling
[06:47:09] <jitspoe> I've eaten habaneros. Not even going to touch ghost peppers.
[06:47:18] <DaddysGamerGiirl> dad halen
[06:47:25] <FleamingFury> i could watch you cut stuff all day OpieOP
[06:47:27] <DanHalen_> 67 so far
[06:47:39] <DanHalen_> up 5 followers in the past week
[06:48:01] <Jarkeler> What are the apples for again?
[06:48:15] <DoctorBooMD> you can see his hosts.
[06:48:24] <DanHalen_> I will stream one day... and if i hit 1000 followers, i'll eat a ghost pepper for the first one Kappa
[06:48:28] <christilia> My favorite hero from WarCraft was alleria windrunner
[06:48:32] <@Khostic> !caster Danhaler_
[06:48:33] <@^cheflethalbot> Holy Crap! If you guys don't know about Danhaler_ I think you most definitely should! Go check them out at twitch.tv/Danhaler_ !
[06:48:35] <@Khostic> Kappa
[06:48:38] <DanHalen_> if i stream before hitting 1000, i won't do it Kappa
[06:48:41] <Jarkeler> Ghost pepper? DansGame Carolina Reaper or no deal
[06:48:43] <DanHalen_> Gamergiirl DansGame
[06:48:52] <DanHalen_> Carolina Reaper if i hit 2000
[06:48:52] <jitspoe> danhaler?
[06:49:06] <DanHalen_> GG khostic Kappa
[06:49:29] <DaddysGamerGiirl> I made porchops tonight
[06:49:38] <+AggyTheSalty> why are you eating your apples!!!!!
[06:49:41] <+AggyTheSalty> THEY ARE NEEDED!
[06:49:42] <DaddysGamerGiirl> ried mash potatoes to go with the pork chops
[06:50:02] <DaddysGamerGiirl> fried*
[06:50:15] <Wolfgirlwarrior> Hello everyone and chef :3
[06:50:17] <DaddysGamerGiirl> it was so good my oson was taring apart the bone to find more meat
[06:50:19] <jitspoe> This stream just went south. ;)
[06:50:21] <+AggyTheSalty> <3
[06:50:28] <DaddysGamerGiirl> herroo warrior
[06:50:34] <christilia> HI AGGY
[06:50:35] <@Khostic> !caster AggyTheSalty
[06:50:36] <@^cheflethalbot> Holy Crap! If you guys don't know about AggyTheSalty I think you most definitely should! Go check them out at twitch.tv/AggyTheSalty !
[06:50:40] <+AggyTheSalty> @christilia, <3
[06:50:41] <cillary_hlinton> Hello
[06:50:47] <christilia> <3
[06:50:54] <+AggyTheSalty> cooking is not occasional DansGame
[06:50:56] <christilia> omg HI!!!!
[06:51:03] <+AggyTheSalty> twice a week is not occational DansGame
[06:51:18] <+AggyTheSalty> I,ll be lurking im playing hots with Mr A <3 I love you chef ! <3
[06:51:23] <cillary_hlinton> I'll bring in my other account
[06:51:29] <+AggyTheSalty> i never mad <3
[06:51:49] <TrueEbag> Aggy
[06:51:50] <TrueEbag> Love you
[06:51:52] <TrueEbag> BB
[06:51:53] <jitspoe> I'm sure Tronald_Dump is already taken, but that would be a great one as well.
[06:51:56] <@Khostic> hots = heroes of the storm
[06:51:58] <christilia> bye AGgy :'(
[06:52:03] <@Khostic> I hope
[06:52:12] <TrueEbag> I want to steal Mr. Aggy from Aggy
[06:52:51] <jitspoe> Living on the edge.
[06:53:05] <cillary_hlinton> Sup?
[06:53:41] <TrueEbag> So...Chef needs a new camera.
[06:53:43] <TrueEbag>* ponders
[06:53:52] <christilia> hahha
[06:54:07] <DanHalen_> You need a cider for apples Chef
[06:54:22] <TrueEbag> No. if he wants to go beer he needs a sour to go with a green apple.
[06:54:32] <TrueEbag>* resident beer expert.
[06:54:54] <DanHalen_> sour apple four loko
[06:55:08] <TrueEbag> fuck you Dan
[06:55:10] <TrueEbag> lol
[06:55:13] <Jarkeler> Has Chef Lethal ever burned anything on stream before? Kappa
[06:55:14] <DanHalen_> Kappa
[06:55:32] <TrueEbag> Chef always gets saved by LNJ from burning things
[06:55:45] <DanHalen_> LNJ is always burning Chef Kappa
[06:55:54] <TrueEbag> ^
[06:56:20] <cillary_hlinton> Can I get a #donald for my second account
[06:56:24] <TrueEbag> !cheese
[06:56:24] <@^cheflethalbot> trueebag [Feta] - Cheese: 1880
[06:56:30] <TrueEbag> WHAT TOM FOOLERY IS THIS?!
[06:56:39] <TrueEbag> Still saying Chef has me slower than everyone else.
[06:56:48] <cillary_hlinton> 3
[06:56:52] <cillary_hlinton> 2
[06:56:52] <newfieguy4> Hello to everyone in chat everyone bring enough liquor and beer let's all sit around chefer's and mrschefer's kitchen and chat up a storm have a laugh and enjoy great company... Enjoy the stream everyone :-D
[06:56:57] <cillary_hlinton> 1
[06:57:00] <pmurt_dlanod> Hello, vote for me pmurt dlanod, I'm the opposite of Donald Trump, I'm non-raisist and I would like to build a revein on our borders and I love Mexicans, I also plan on being friends with Hillary. #vfpd, (Vote For pmurt dlanod)
[06:57:37] <@Khostic> Oo
[06:57:40] <DanHalen_> Not hydroxyl acid! WutFace
[06:57:42] <jitspoe> !cheese
[06:57:42] <@^cheflethalbot> jitspoe [Meunster] - Cheese: 190
[06:57:53] <jitspoe> I love meunster!
[06:57:53] <TrueEbag> Newfie. I just put up my liquor shelves. haha
[06:58:07] <newfieguy4> Lol true lol
[06:58:15] <jitspoe> *begins smashing it* Let's do the meunster smash!
[06:58:15] <pmurt_dlanod> read my name backwards
[06:58:28] <pmurt_dlanod> im cillary
[06:58:34] <cillary_hlinton> Yup
[06:59:10] <Jarkeler> He was saying keep the political talk to a minimum, even if it is satirical, I think.
[06:59:14] <ExplosiveBurritos> HeyGuys HeyGuys
[07:00:50] <ExplosiveBurritos> So for the menu, youre making dancing Kappa
[07:01:26] <LottieLatte> he is making dancing
[07:01:28] <jitspoe> All the more reason to do it!
[07:01:29] <LottieLatte> it's the tastiest
[07:01:35] <Jarkeler> Light it on fire, pussy! SwiftRage Kappa
[07:01:39] <christilia> sizzle~
[07:01:41] <newfieguy4> Did chef just say "get a little wrist action?"
[07:01:53] <LottieLatte> Kappa
[07:02:01] <newfieguy4> Come on chef keep it clean sheesh
[07:02:03] <ExplosiveBurritos> Kappa
[07:02:56] <Jarkeler> Man, I want some apples now
[07:02:56] <ExplosiveBurritos> Apples arent on the menu, YOU LIAR
[07:03:01] <@Khostic> BANANAPHONE
[07:03:05] <DoctorBooMD> where is the music tonight?
[07:03:09] <jitspoe> RING RING RING!
[07:03:35] <lukatory> cohhHi peoples
[07:03:57] <LottieLatte> all the rum
[07:03:59] <blonderhorror> Hello shloHerz
[07:04:13] <ExplosiveBurritos> #StoveCam if you can
[07:04:15] <DoctorBooMD> I don't have the volume that loud, so that's on me, I'm sure folks can hear it okay
[07:04:27] <LottieLatte> >Can't hear it herself
[07:04:35] <LottieLatte> >Also has low volume
[07:05:08] <Gotycki_Rosa> back with my grilled bacon and gouda sandich... and nice closeup @Cheflethalplays
[07:05:12] <Jarkeler> So is this like high end College poor man's dinner tonight?
[07:05:39] <christilia> too much fruit can lead to an upset stomach
[07:05:41] <Gotycki_Rosa> yer fault lol
[07:05:49] <ExplosiveBurritos> Please, College men cant affort rum Kappa
[07:05:50] <Jarkeler> Jark is fine
[07:06:13] <DoctorBooMD> everyone knows bacon is good for you
[07:06:24] <blonderhorror> in german it's not anymore monday
[07:06:47] <DoctorBooMD> It's no longer Monday in the majority of the world
[07:06:59] <ExplosiveBurritos> But its still Monday in MURICA
[07:07:07] <PigeonNugget> Yep its 00:06 in the UK!
[07:07:08] <Gotycki_Rosa> lol
[07:07:19] <PigeonNugget> yay tuesdays OSsloth
[07:07:22] <Jarkeler> Heyyy, I think that's the type of cheese I use in Green bean casserole
[07:07:24] <limnatide> !quote 138
[07:07:24] <@^cheflethalbot> Quote #138: "My nipple is a logo" [Creative] [09/13/2016]
[07:07:36] <Gotycki_Rosa> ^ lmao
[07:07:36] <DaddysGamerGiirl> still monday here too
[07:07:39] <limnatide> durn it, can't figure out my quotes
[07:07:44] <limnatide> !quote 136
[07:08:11] <DoctorBooMD> !quote 136
[07:08:12] <@^cheflethalbot> Quote #136: "Come for the cooking, leave for the singing." [Creative] [09/09/2016]
[07:08:20] <limnatide> Thanks Doc
[07:08:43] <Jarkeler> I think Chef is feelin the alcohol
[07:08:44] <DoctorBooMD> noobsLove
[07:08:50] <@Khostic> !quote add "my nipple is a legend. I have a legendary nipple"
[07:08:50] <@^cheflethalbot> khostic --> Succesfully added Quote #186: "my nipple is a legend. I have a legendary nipple" [Creative] [10/10/2016]
[07:09:06] <Gotycki_Rosa> lmao
[07:09:24] <@Khostic> cause you shouted me out Kappa
[07:09:27] <PigeonNugget> StinkyCheese Cheese Expert OSsloth
[07:10:34] <LottieLatte> I think it's Tuesday in Australian
[07:10:39] <Jarkeler> I thought that was Gruyere cheese. Whoops, I don't use parm in green bean casserole LUL
[07:10:55] <DoctorBooMD> It is currently 9:10AM in Sydney @LottieLatte
[07:11:05] <schmoozah> This guy sounds like Chris Pratt
[07:11:10] <LottieLatte> On Tuesday?
[07:11:15] <@^cheflethalbot> Have you heard?! Chef is on Patreon! There are some pretty awesome perks for becoming a Patron, including Behind the Scenes videos, and EXCLUSIVE Lucy/Zelda/Tuscany Snapchat access! Go check it out! https://www.patreon.com/Cheflethalplays?ty=h
[07:11:16] <Gotycki_Rosa> we need a medic! lol
[07:11:17] <DoctorBooMD> yeah
[07:11:23] <LottieLatte> >I was right
[07:11:38] <Gotycki_Rosa> lol Chef
[07:11:50] <Gotycki_Rosa> bloody cheese
[07:11:58] <schmoozah> Stallone FailFish
[07:12:01] <DoctorBooMD> first blood is Rambo
[07:12:04] <shawnathano> we need a bit cup :(
[07:12:17] <DoctorBooMD> we need bits for a bit cup
[07:12:22] Viewerstats (06:44-07:12): avg:50 min:41 max:59 [15/48+7-14+3+11-3+3+2-7+9-7-2+0-7+8]
[07:12:42] <limnatide> FailFish
[07:12:43] <DoctorBooMD> ...no
[07:12:43] <@Khostic> chef lethal trolls
[07:12:45] <PigeonNugget> We have his blood now we can clone him OSsloth
[07:12:47] <Gotycki_Rosa> chef needs to be partnered first for bits right? lol
[07:12:48] <Jarkeler> WTF man
[07:12:48] <DoctorBooMD> bad chef.
[07:12:59] <DoctorBooMD> currently yes @Gotycki_Rosa
[07:13:11] <Jarkeler> You don't know who played Rambo? FailFish It was Sylvester Stallone
[07:13:22] <shawnathano> Ive given 10k bits to another streamer
[07:13:22] <@Khostic> he knows all too well
[07:13:26] <@Khostic> he's just trolling you guys
[07:13:30] <Jarkeler> okay he's trolling
[07:13:33] <@Khostic> camera rip
[07:13:35] <LottieLatte> GHOST CAMERA
[07:13:38] <newfieguy4> First blood is the rocky dude chefer's omg lets all unfollow lol
[07:13:41] <Gotycki_Rosa> lmao
[07:14:06] <schmoozah> what a troll
[07:14:24] <Jarkeler> Not sure if trolling now, you lied to me Khostic!
[07:14:29] <schmoozah> people born watchin Rambo, I don't buy that
[07:14:42] <DoctorBooMD> I wonder what the largest amount of unfollows in one day was on twitch
[07:14:44] <DaddysGamerGiirl> haha I just thought that too there is a first time for everything
[07:14:46] <Butterwhales> i have 3 times
[07:14:48] <schmoozah> they watch inside the uterus
[07:15:04] <@Khostic> or am I trolling you Jarkeler Kappa
[07:15:05] <LottieLatte>* I know OF it
[07:15:11] <DaddysGamerGiirl> like when I cut muy finger on the back end of the knife
[07:15:22] <limnatide> I've seen parodies.
[07:15:30] <Jarkeler> What kind of movies does Chef watch anyway?
[07:15:39] <@Khostic> harry potter
[07:15:41] <@Khostic> cause he's a nerd
[07:15:42] <DoctorBooMD> Musicals and children's movies
[07:15:50] <Butterwhales> @DoctorBooMD, we could set a record
[07:16:01] <DoctorBooMD> I do like records.
[07:16:03] <LottieLatte> "It's look 'ight" translates to "It's not burnt"
[07:16:06] <shawnathano> saw
[07:16:10] <DanHalen_> We just call them bandages Chef
[07:16:25] <limnatide> Finger Bandage - Chef's High School band name
[07:16:37] <LottieLatte> LOL
[07:16:40] <newfieguy4> Chef i sent you a whisp check it later
[07:16:41] <Jarkeler> Chef the type of guy that would buy Oculus doe Kappa
[07:16:53] <DaddysGamerGiirl> bandaid changed their name to bandaid brad for that very reason
[07:17:05] <Butterwhales> guys call 911 chef is bleeding out
[07:17:11] <Butterwhales> Kappa
[07:17:25] <Jarkeler> Kreygasm
[07:17:40] <Jarkeler> Wtf is in it!? PogChamp
[07:17:48] <LottieLatte> I reached over and booped my cat on the head
[07:17:49] <schmoozah> Kreygasm
[07:17:52] <LottieLatte> she just looked at me
[07:18:30] <shawnathano> @Cheflethalplays remember that chef ramsey thing from a while back?
[07:18:32] <Gotycki_Rosa> LMAO
[07:18:41] <Jarkeler> Nice fridge
[07:18:53] <DoctorBooMD> !cheese
[07:18:53] <@^cheflethalbot> doctorboomd [Mozzarella] - Cheese: 2288
[07:19:08] <Butterwhales> !cheese
[07:19:08] <@^cheflethalbot> butterwhales [Gorgonzola] - Cheese: 1036
[07:19:11] <Gotycki_Rosa> rofl you making me spit my soda @Cheflethalplays
[07:19:19] <shawnathano> !cheese
[07:19:28] <BaconBrotato2470> TableHere ﻿ ︵ CHEF!!!! Way to NOT Tweet out that you went live!!
[07:19:36] <limnatide> !cheese
[07:19:36] <@^cheflethalbot> limnatide [Gouda] - Cheese: 598
[07:19:43] <Gotycki_Rosa> lol
[07:19:44] <LottieLatte> hiya bacon
[07:19:55] <limnatide> !ctt
[07:19:55] <@^cheflethalbot> Loving the stream?! Tell your friends! Spread the hype! Spread the love! Click this link to spread the word! http://ctt.ec/Hnd8Q
[07:19:56] <Gotycki_Rosa> hai @BaconBrotato2470
[07:20:03] <Jarkeler> Sir, it's aluminum, not aluminium Kappa
[07:20:03] <BaconBrotato2470> Lottie snowyDerp
[07:20:09] <Gotycki_Rosa> ally told me you went live @Cheflethalplays lol
[07:20:12] <LottieLatte> c:
[07:20:14] <Butterwhales> wait chef has a hand hand? where!
[07:20:21] <shawnathano> @Cheflethalplays remember that chef ramsey thing from a while back?
[07:20:31] <shawnathano> sorry
[07:20:34] <DoctorBooMD> he said he did not @shawnathano
[07:20:41] <shawnathano> wrong thing
[07:20:43] <Gotycki_Rosa> nice eyes Chef
[07:20:45] <shawnathano> !cheese
[07:20:47] <schmoozah> DansGame
[07:21:03] <BaconBrotato2470> !cheese
[07:21:03] <@^cheflethalbot> baconbrotato2470 [American Cheese] - Cheese: 22
[07:21:05] <limnatide> Have you been here 10min @shawnathano ?
[07:21:15] <shawnathano> yes
[07:21:18] <@Khostic> !cheese
[07:21:18] <@^cheflethalbot> khostic [Gouda] - Cheese: 501
[07:21:22] <+alpha_wolf_trger> hi
[07:21:25] <limnatide> weird
[07:21:29] <Gotycki_Rosa> hai
[07:21:29] <BaconBrotato2470> Khostic snowyHype
[07:21:49] <Gotycki_Rosa> !cheese
[07:21:49] <@^cheflethalbot> gotycki_rosa [Mozzarella] - Cheese: 2402
[07:21:56] <@Khostic> BaconBro <3
[07:22:01] <limnatide> Hi Bacon, btw
[07:22:16] <Gotycki_Rosa> LOL
[07:22:19] <Butterwhales> its a little under cooked for my taste
[07:22:47] <@Khostic> !quote add "Here's how you know you got good Bacon: You take it out of the package and put it into your package"
[07:22:48] <@^cheflethalbot> khostic --> Succesfully added Quote #187: "Here's how you know you got good Bacon: You take it out of the package and put it into your package" [Creative] [10/10/2016]
[07:23:20] <shawnathano> I want my cheese to be swiss
[07:23:21] <Gotycki_Rosa> lmao ty Khostic
[07:23:28] <limnatide> !quote 117
[07:23:29] <@^cheflethalbot> Quote #117: "Come for the food, stay for the fails. That's what I say" [Creative] [09/01/2016]
[07:23:39] <@Khostic> I write it down in this little text box to chat
[07:23:41] <@Khostic> Kappa
[07:23:42] <shawnathano> !quote 1
[07:23:53] <Gotycki_Rosa> !quote 187
[07:23:54] <Gotycki_Rosa> lol
[07:23:58] <Butterwhales> Cheflethalplays, I am guessing some of them use clips
[07:24:04] <BaconBrotato2470> Oh yeah Chef.... mobile users can make clips now. Kappa
[07:24:08] <@Khostic> !discord
[07:24:08] <@^cheflethalbot> Chef has recently opened up his Discord server to the whole community! Come join the party using this invite! https://discord.gg/Azqe2J7 Patreon Supporters have access to SECRET VIP rooms and stuff, too!
[07:24:13] <shawnathano> !quote 1
[07:24:13] <@^cheflethalbot> Quote #1: "I'M DOING THIS IN FRONT OF PEOPLE!!"
[07:24:45] <@^cheflethalbot> Baconbrotato2470, that host accentuates your natural beauty quite nicely. Thank you!
[07:24:57] <Gotycki_Rosa> !quote 2
[07:24:57] <@^cheflethalbot> Quote #2: "What am I doing?" [Creative] [02/26/2016]
[07:25:14] <Jarkeler> Shoulda clipped when he cut himself to prove he isn't a true Chef
[07:25:24] <Gotycki_Rosa> LOL
[07:25:28] <limnatide> !quote
[07:25:28] <@^cheflethalbot> Shawnathano, that host accentuates your natural beauty quite nicely. Thank you!
[07:25:30] <@^cheflethalbot> Quote #111: 'Awh you're so cute Khostic! You're so cuuuute' [Diablo III: Reaper of Souls] [08/31/2016]
[07:25:39] <Butterwhales> lol
[07:25:49] <TrueEbag> Chef is bad at this
[07:26:07] <BaconBrotato2470> Suup True KappaHD
[07:26:15] <Gotycki_Rosa> I love this song
[07:26:16] <shawnathano> !quote 57
[07:26:17] <@^cheflethalbot> Quote #57: "you guys learn how to make it...fricking thing and stuff, stuff and things" [Creative] [12/07/2016]
[07:26:21] <TrueEbag> Bacon. thuluGASM
[07:26:36] <Gotycki_Rosa> !quote 69
[07:26:43] <Butterwhales> foreshadowing for a camrea
[07:27:05] <Gotycki_Rosa> lol
[07:27:09] <Gotycki_Rosa> spoon it
[07:27:16] <limnatide> !quote
[07:27:16] <@^cheflethalbot> Quote #85: "oh I gotta check my balls" [Creative] [08/16/2016]
[07:27:28] <Gotycki_Rosa> lmao
[07:27:43] <Gotycki_Rosa> tigerB
[07:27:54] <Gotycki_Rosa> LOL
[07:28:18] <Jarkeler> I think you do the Macarena to this type of music
[07:28:48] <Butterwhales> fast headbanging is great for slow songs
[07:29:16] <FleamingFury> why not Kappa
[07:29:29] <LottieLatte>* fleshy
[07:29:57] <FleamingFury> we want the macarena MiniK
[07:30:32] <@Khostic> !schedule
[07:30:33] <@^cheflethalbot> Chef is generally live Mondays at 6pm EDT for cooking, Thursdays at 6pm for cooking, and Saturdays at 8am for gaming! Schedule subject to change and all updates will be posted to Twitter!
[07:30:36] <BaconBrotato2470> Chef, will you purée the soup?
[07:30:49] <limnatide> !social
[07:30:50] <@^cheflethalbot> TWITTER: twitter.com/cheflethalplays and hit that Follow button! YOUTUBE: https://www.youtube.com/c/ChefLethalPlays . INSTAGRAM: instagram.com/cheflethalplays!
[07:30:50] <Gotycki_Rosa> (ditto)
[07:30:53] <jordank231> miss me
[07:30:56] <Raleda> Nah, he's gonna eat it solid.
[07:30:57] <@Khostic> ooh beat me to it, limna
[07:31:09] <Butterwhales> Chef will you add any fingers to your soup?
[07:31:09] <limnatide> Just helpin
[07:31:25] <Gotycki_Rosa> FeelsAmazingMan
[07:31:37] <LottieLatte> he added some knuckle to his cheese
[07:32:00] <LottieLatte> >Oh snap look at that I have soup
[07:32:03] <limnatide> Someone didn't tell him it's not a knuckle sandwich
[07:32:13] <newfieguy4> Omg guys did you all hear the awesome news?
[07:32:15] <LottieLatte> LOL
[07:32:19] <BaconBrotato2470> hahahaaha
[07:32:22] <Gotycki_Rosa> tigerLUL M
[07:32:38] <BaconBrotato2470> No Newfie
[07:32:59] <Butterwhales> mmm knuckle sandwich my favorite
[07:33:20] <Jarkeler> So I bought a Blendtec blender and I barely use it.. FeelsBadMan
[07:33:39] <LottieLatte> i need a blender
[07:34:13] <newfieguy4> So guys I heard there was a awesome stream starting on Mondays, I don't know how good this guy is but I heard that this guy cheflethal was coming to mondays he better be good or he's getting bad reviews
[07:34:17] <BaconBrotato2470> Chef, have you ever heard of the Instant Pot?
[07:34:28] <Gotycki_Rosa> lol @newfieguy4
[07:34:33] <LottieLatte>* facepalms
[07:34:42] <christilia> That's not stealing
[07:34:42] <Raleda> Hey Chef, you ever looked into the whole "Air Fryer" thing that Gordon Ramsey is pimping lately?
[07:34:43] <BaconBrotato2470> Newfie FailFish
[07:34:46] <limnatide> Nice one @newfieguy4
[07:34:49] <Butterwhales> i think chef needs the worlds largest blender
[07:35:13] <newfieguy4> Lol
[07:35:40] <LottieLatte> "The bacon between my legs"
[07:35:41] <DaddysGamerGiirl> bacon between your legs LOL
[07:35:46] <DaddysGamerGiirl> Im weak
[07:35:49] <BaconBrotato2470> It's amazing. It's like a show cooker, but you can sauté, bake, make rice, make yogurt, plus more.
[07:36:00] <BaconBrotato2470> slow cooker**
[07:36:04] <DaddysGamerGiirl> brings a whole new meaning t porking
[07:36:15] <@^cheflethalbot> Are you a streamer, or know someone who is and would like to potentially mess with Chef's stream?! Now you can with the Wheels of Spinach RAID GAME! Consisting of up to 3 rounds, raiders who bring along at least 5 viewers can test their luck by choosing to spin the wheels and potentially ruin Chef's plan for the stream!
[07:36:16] <Jarkeler> That air fryer thing looks like something Gorden Ramsay would never use
[07:36:59] <BaconBrotato2470> No, just like passing along great tools when I find them.
[07:37:50] <Butterwhales> the infinite power source! power your home and your blender and more
[07:37:58] <Jarkeler> I dunno... I bet they gave gorden ramsay too much money to turn down to push that product
[07:38:32] <DaddysGamerGiirl> cook blocker
[07:38:57] <DaddysGamerGiirl> hotel hell is everything
[07:39:08] <DaddysGamerGiirl> did you see the hotel hell episode where the woman was a hoarder
[07:39:11] <Butterwhales> mush
[07:39:12] <BaconBrotato2470> That Phillips Air Fryer isn't cheap
[07:40:09] <Butterwhales> i like stew more than soup
[07:40:13] <beelzebublucifer666> hey yall
[07:40:29] <beelzebublucifer666> didnt die from matthew
[07:40:34] <BaconBrotato2470> welcome Satan
[07:40:46] <DoctorBooMD> you can get cheap air fryers
[07:40:49] <limnatide> Hi Beelze
[07:40:50] <beelzebublucifer666> @baconbrotato2470 beezle*
[07:41:13] <beelzebublucifer666> beelze* i spelled my name wrong
[07:41:28] <beelzebublucifer666> BabyRage
[07:41:59] <DaddysGamerGiirl> LOL
[07:43:28] <Prowling_Panther> chef!!!! how are u today sir? i assume the hurricane hasnt really affected u?
[07:43:47] <BaconBrotato2470> hey Panther
[07:43:53] <Gotycki_Rosa> hehe
[07:43:56] <DaddysGamerGiirl> does lucy like pumpkin?
[07:43:57] <FleamingFury> Kreygasm
[07:44:00] <Gotycki_Rosa> chefFeels
[07:44:01] <Prowling_Panther> brotato!!! Kreygasm
[07:44:17] <Gotycki_Rosa> you so silly lol
[07:44:17] Viewerstats (07:14-07:42): avg:49 min:42 max:56 [15/56-1-5+3-6+4+4-2+0-9-1+5-6+0+8]
[07:44:19] <FleamingFury> dont stop Kreygasm
[07:44:39] <Jarkeler> You in Florida or something?
[07:44:50] <Gotycki_Rosa> brb
[07:45:00] <christilia> Chef is god mode with that hurricane
[07:45:09] <Prowling_Panther> well im glad u both are safe and its good to see u back streaming mate. :-)
[07:45:10] <limnatide> So, which part of that speech should be quoted
[07:45:16] <Jarkeler> I'm in Florida, too! PogChamp
[07:45:35] <baconcheeseburgerplease> I'm not in Florida
[07:46:22] <DoctorBooMD> !quote
[07:46:22] <@^cheflethalbot> Quote #75: "I can barely get behind Limp Bizkit so I definitely can't get behind limp Bacon" [Creative] [08/02/2016]
[07:46:45] <DanHalen_> OH CHEF! I had a Luther Burger the other sunday... it was AMAZING! Kreygasm
[07:46:57] <@Khostic> !permit baconbrotato2470
[07:46:57] <@^cheflethalbot> baconbrotato2470, You have 195 seconds to post one message containing links because khostic has permitted you.
[07:47:13] <BaconBrotato2470> Check out this clip! ChefLethalPlays playing Creative! https://clips.twitch.tv/cheflethalplays/BreakableNarwhalBigBrother
[07:47:21] <DaddysGamerGiirl> I love bacon and onions in my grill cheese sammich
[07:47:25] <Prowling_Panther> so... chef were u able to get ur wireless mic setup?
[07:47:36] <Prowling_Panther> DDG!!! Kreygasm
[07:47:37] <DanHalen_> Chef, have you ever had a luther burger?
[07:47:45] <Prowling_Panther> oh wrong person xD
[07:47:52] <@Khostic> posted the clip in the discord as well
[07:48:01] <christilia> Spin job
[07:48:16] <limnatide> That's a good clip
[07:48:34] <DanHalen_> Chef, a luther burger is a bacon cheese burger with a grilled glazed donut instead of a bun
[07:48:47] <Prowling_Panther> sweet!!! thats awesome. i cant wait to see a wireless chef stream!!
[07:49:08] <jitspoe> There's a hole in by bread slice, dear Liza, dear Liza!
[07:49:35] <DanHalen_> It was invented by Luther Vandross
[07:49:40] <DanHalen_> which is why it's called a Luther burger
[07:51:27] <BaconBrotato2470> My chat was all messed up. Is typing and no one saw me.
[07:51:57] <JABBERWOKKIE> Mmmm chef get IN MY BELLEH!
[07:52:32] <JABBERWOKKIE> CHEF \o/
[07:52:32] <@Khostic> !caster JABBERWOKKIE
[07:52:33] <@^cheflethalbot> Holy Crap! If you guys don't know about JABBERWOKKIE I think you most definitely should! Go check them out at twitch.tv/JABBERWOKKIE !
[07:52:36] <JABBERWOKKIE> Hug me boo
[07:52:42] <@Khostic> beat chef to it
[07:52:43] <@Khostic> Kappa
[07:52:49] <JABBERWOKKIE> d'aw
[07:53:23] <jitspoe> DO YOU SMELL WHAT THE WOKK IS COOKING?!
[07:53:24] <OnlyGingerWhenAngry> Never not bacon!
[07:53:32] <JABBERWOKKIE> Mmmm planting that seed
[07:53:37] <BaconBrotato2470> @jitspoe FailFish
[07:53:51] <JABBERWOKKIE> No thank you Chef we love you baby!
[07:54:08] <jitspoe> Sometimes I wrestle with coming up with a good pun.
[07:54:12] <@^cheflethalbot> Kingj345, that host accentuates your natural beauty quite nicely. Thank you!
[07:54:26] <BaconBrotato2470> How ya doing JabberWokkie?
[07:54:31] <JABBERWOKKIE> Butter me like your bread baby
[07:54:32] <OnlyGingerWhenAngry> I bet that grilled cheese is going to be grate. Kappa
[07:54:40] <JABBERWOKKIE> Very good thank you Bacon
[07:54:49] <Kingj345> freaking missed your streams chef
[07:54:55] <DoctorBooMD> !cheese
[07:54:55] <@^cheflethalbot> Jabberwokkie, that host accentuates your natural beauty quite nicely. Thank you!
[07:54:55] <jitspoe> That's what she said.
[07:54:57] <@^cheflethalbot> doctorboomd [Mozzarella] - Cheese: 2334
[07:55:13] <@mrslethalplays> that's not what she said Kappa
[07:55:20] <Kingj345> !quote 93
[07:55:21] <@^cheflethalbot> Quote #93: "mrslethal is best mod" [Creative] [08/18/2016]
[07:55:26] <BaconBrotato2470> MrsLethal snowyLewd
[07:55:27] <Kingj345> chefHeart
[07:55:28] <christilia> LNJ
[07:55:30] <jitspoe> lol @mrslethalplays !
[07:55:32] <DoctorBooMD> noobsHeyGuys @mrslethalplays
[07:55:43] <@Khostic> oh shit it's the legendary mrslethal
[07:55:57] <@mrslethalplays> hi babes! Poooound
[07:56:05] <Kingj345> school is hard @cheflethalbot
[07:56:06] <DanHalen_> is it ketchup soup?
[07:56:09] <Kingj345> DANG IT
[07:56:13] <Prowling_Panther> chef are u asking if the mixer is obnoxiously loud. or are u asking if you are obnoxiously loud. Kappa
[07:56:16] <Kingj345> freaking bot
[07:56:17] <DanHalen_> Baconbro DansGame
[07:56:18] <OnlyGingerWhenAngry> Chef is really skillet at what he does. Kappa
[07:56:25] <BaconBrotato2470> butternut squash Dan
[07:56:27] <Buckymane> BUTTERNUT SQUASH SOUP!!! My favourite soup!
[07:56:28] <@mrslethalplays> ooo @DanHalen_ ur talkin' dirty to me
[07:56:35] <BaconBrotato2470> Dan DansGame
[07:56:45] <@mrslethalplays> how's everyone doin?
[07:57:00] <christilia> Doing great! <3
[07:57:22] <DoctorBooMD> In the mood for a grilled cheese for some reason @mrslethalplays
[07:57:23] <newfieguy4> Hi @mrslethalplays doin ok here , how are you doin?
[07:57:24] <OnlyGingerWhenAngry> Pretty good
[07:57:24] <Prowling_Panther> hey mrslethal. how are u tonight?
[07:57:35] <DanHalen_> Well Chef, if you made your wife ketchup soup, maybe she wouldn't be talking dirty to other men! OpieOP
[07:57:51] <BaconBrotato2470> xD
[07:58:16] <@mrslethalplays> me too doc! i'm pooped, worked a lot in our yard today. cant wait for this soup tho!
[07:58:27] <OnlyGingerWhenAngry> Chef, it wasn't quite to my expectations, but it has room for improvement. Next time... Next time will be better.
[07:58:28] <@mrslethalplays> truth dan
[07:58:33] <DaddysGamerGiirl> ketchip sould is tomato soup
[07:58:39] <DaddysGamerGiirl> ketchup*
[07:58:43] <DoctorBooMD> I bet, did you get everything you wanted to done?
[07:58:43] <DanHalen_> I guess it would be a mixture between ketchup and tomato soup
[07:59:00] <DanHalen_> slightly thicker tomato soup with a stronger, more puree-like taste
[07:59:01] <OnlyGingerWhenAngry> End goal is to have it sufficiently good to serve when I invite a date over. :D
[07:59:03] <Jarkeler> What is he using the thin it out again?
[07:59:14] <DoctorBooMD> chicken stock I believe
[07:59:31] <BaconBrotato2470> Chef better ketchup, or he'll miss out
[07:59:40] <Jarkeler> Chicken stock makes everything better it seems
[07:59:56] <OnlyGingerWhenAngry> Some would say Chef can be mean at times. But that's just because he beats the eggs, and whips the cream. Kappa
[07:59:58] <jitspoe> If you like chicken.
[08:00:02] <jitspoe> Sadly, I don't.
[08:00:13] <jitspoe> I chicken out when it comes to eating meat.
[08:00:19] <DoctorBooMD> to be honest stock is one of those things I always buy instead of make. It's cheap compared to how long it'd take me to make a good stock
[08:01:02] <newfieguy4> Chef I think I am going to change my name to "I'm Sylvester Stallone from Rambo" lol
[08:01:14] <BaconBrotato2470> use vegetable stock if you don't like meat
[08:01:15] <@^cheflethalbot> Chef has recently opened up his Discord server to the whole community! Come join the party using this invite! https://discord.gg/Azqe2J7 Patreon Supporters have access to SECRET VIP rooms and stuff, too!
[08:01:24] <jitspoe> I've purchased some stocks in my time.
[08:01:51] <DoctorBooMD> !patreon
[08:01:51] <@^cheflethalbot> Have you heard?! Chef is on Patreon! There are some pretty awesome perks for becoming a Patron, including Behind the Scenes videos, and EXCLUSIVE Lucy/Zelda/Tuscany Snapchat access! Go check it out! https://www.patreon.com/Cheflethalplays?ty=h
[08:02:01] <Jarkeler> Moar salt SwiftRage
[08:02:06] <Jarkeler> PJSalt
[08:02:11] <jitspoe> FYI: Sept. 10, 2001 was a terrible time to buy stocks.
[08:02:42] <BaconBrotato2470> Khostic, did that link I tried posting before show up for you?
[08:02:53] <OnlyGingerWhenAngry> So many chances for stock market jokes.
[08:03:12] <@Khostic> yes it did, baconbro
[08:03:12] <jitspoe> Losing money. :(
[08:03:19] <BaconBrotato2470> SeemsGood
[08:03:34] <Gotycki_Rosa> bastGasm
[08:03:57] <Gotycki_Rosa> tigerGasm
[08:04:00] <BaconBrotato2470> brb...phone call
[08:04:01] <jitspoe> If you buy an excessive amount of materials for making soup, would you say you're.. well stocked?
[08:04:10] <Jarkeler> Chef, ever watch Chef John from foodwishes on youtube?
[08:05:00] <limnatide> hint hint
[08:05:15] <DoctorBooMD> Chef, are you saying LNJ can get some.
[08:05:15] <Jarkeler> Really? Damn, he's awesome
[08:05:44] <OnlyGingerWhenAngry> Cup o'soup
[08:05:53] <Shadowxdemon0> i'm here for the ch- i mean the food KappaPride
[08:06:39] <limnatide> !cheese
[08:06:39] <@^cheflethalbot> limnatide [Gouda] - Cheese: 656
[08:06:46] <DoctorBooMD> !cheese
[08:06:47] <@^cheflethalbot> doctorboomd [Mozzarella] - Cheese: 2346
[08:06:49] <OnlyGingerWhenAngry> !cheese
[08:06:49] <@^cheflethalbot> onlygingerwhenangry [Meunster] - Cheese: 410
[08:07:14] <Huiey> Wrap a piece of cheese around a banana and eat it
[08:07:15] <wincorde> Hello! Im poor russhian student, who fuck all poliminerals. Please, donate me on food
[08:07:52] <Huiey> apparently its good, so I want you to test it :)
[08:07:59] <DoctorBooMD> !quote 58
[08:07:59] <@^cheflethalbot> Quote #58: "MrsLethal just made some sounds that made me very happy" [Creative] [12/07/2016]
[08:08:04] <Prowling_Panther> watching chef im all like i need to make things like this! *gets up and orders pizza instead* xD
[08:08:11] <OnlyGingerWhenAngry> Way to go Ace Ventura
[08:08:15] <Jarkeler> Ace Ventura
[08:08:20] <@Khostic> ace ventura
[08:08:21] <wackelkontaktak> Im hungry
[08:08:21] <OnlyGingerWhenAngry> Pet detective
[08:08:32] <Huiey> vce aentura
[08:08:40] <Shadowxdemon0> khostic Kappa
[08:08:48] <@Khostic> Shadow Kappa
[08:09:12] <OnlyGingerWhenAngry> The urge to sing "The Lion Sleeps Tonight" is just a whim away, a whim away, a whim away.
[08:09:44] <Jarkeler> Almost 100 viewers doe PogChamp
[08:09:59] <Shadowxdemon0> the bacon brings all the boys to the yard Kappa
[08:10:33] <Gotycki_Rosa> (poolparty)
[08:10:37] <Gotycki_Rosa> lol
[08:10:42] <Jarkeler> Temperature and time on that oven bacon?
[08:10:44] <wackelkontaktak> Did you know Chef is the job with the most psychopaths because its so stressy
[08:11:01] <DaddysGamerGiirl> bacon rub, foor pron
[08:11:01] <FollowThatRhythm> KAPOW funny enough, I could teach you how to freestyle
[08:11:02] <jitspoe> He just wants a follow back.
[08:11:04] <Shadowxdemon0> here we have chef spooning the bacon
[08:11:06] <FollowThatRhythm> KAPOW great stream!
[08:11:09] <Prowling_Panther> question chef! how long have u been stresming for?
[08:11:33] <Gotycki_Rosa> lol @Shadowxdemon0
[08:11:45] <Jarkeler> Temperature and time on that oven bacon?
[08:11:55] <OnlyGingerWhenAngry> Dem moves
[08:12:16] <Shadowxdemon0> (ditto)
[08:12:23] Viewerstats (07:44-08:12): avg:60 min:47 max:96 [15/55-4-4+2+8-5+5+3-6+0-1-2+41-11+15]
[08:12:34] <Prowling_Panther> as usually it is. first ones are always horribible
[08:13:09] <wackelkontaktak> Did you know Chef is the job with the most psychopaths because its so stressy. Pls dont kill me Kappa
[08:13:10] <Shadowxdemon0> i attempted to stream but the net is ass so not doing that again FeelsBadMan
[08:13:55] <Shadowxdemon0> don't worry his wife will be the closest person to him if he goes crazy Kappa
[08:14:26] <BaconBrotato2470> OK... back
[08:14:30] <christilia> LOL
[08:14:48] <Shadowxdemon0> ConcernDoge it's too late he already is
[08:14:50] <wackelkontaktak> panicBasket
[08:14:53] <FleamingFury> (ditto)
[08:14:59] <Shadowxdemon0> RareParrot
[08:15:18] <Gotycki_Rosa> SourPls
[08:15:30] <Gotycki_Rosa> lmao
[08:15:34] <Prowling_Panther> xD. i love watching chef go nuts to his music.
[08:15:41] <limnatide> Yikes
[08:15:41] <christilia> Work it chef
[08:15:42] <Shadowxdemon0> chefDrunk
[08:15:49] <Gotycki_Rosa> I see why MrsLethal married you lol
[08:16:17] <Gotycki_Rosa> you danced right into her heart lol
[08:16:26] <astro_monk> You need some moonshine
[08:16:35] <Gotycki_Rosa> that was cool tho
[08:16:45] <BaconBrotato2470> Who wants to see that again? Kappa
[08:16:54] <Gotycki_Rosa> lol okay
[08:16:57] <TrueEbag> Rosa, when they met each other he wrote raps and poems to her about her
[08:17:06] <Prowling_Panther> anyone able to just be themselves and not care what anyone thinks is an awesome person indeed
[08:17:07] <Gotycki_Rosa> awww
[08:17:09] <Shadowxdemon0> Kappa open a poll, @BaconBrotato2470
[08:17:17] <BaconBrotato2470> lol
[08:17:25] <Prowling_Panther> @baconbrotato2470. yes please
[08:17:27] <limnatide> Now's just a question of who clipped it
[08:17:33] <Gotycki_Rosa> thats sweet Chef
[08:17:38] <OnlyGingerWhenAngry> Well it's late for me, sleepy time. Take care everyone o7
[08:17:47] <TrueEbag> I know everything, Chef. Remember that.
[08:17:48] <limnatide> Night Ginger
[08:17:54] <Shadowxdemon0> chef is gonna be out for a week at this rate
[08:18:07] <wackelkontaktak> OK im going now beacause its 2am here in germany and im tired. Bye!
[08:18:10] <Prowling_Panther> chef im fairly certain ur gonna pull all dah tings. xD
[08:18:21] <limnatide> Night wackel
[08:18:36] <BaconBrotato2470> Check Twitter Kappa
[08:18:59] <TrueEbag> !ctt
[08:19:00] <@^cheflethalbot> Loving the stream?! Tell your friends! Spread the hype! Spread the love! Click this link to spread the word! http://ctt.ec/Hnd8Q
[08:19:04] <Prowling_Panther> but im on mobile :/
[08:19:23] <TrueEbag> CHEFFYPOO! Did your new mic come in?
[08:19:45] <wackelkontaktak> dont worry i already followed
[08:19:46] <JABBERWOKKIE> @ChefLethalPlays you may have said this but why are there holes in thy bread
[08:20:19] <Shadowxdemon0> Kappa
[08:20:20] <LottieLatte> Okay I made a dinner
[08:20:23] <JABBERWOKKIE> Oooooo amazing
[08:20:25] <@^cheflethalbot> Caitnippers, that host accentuates your natural beauty quite nicely. Thank you!
[08:20:32] <@Caitnippers> I'm awake \o/
[08:20:37] MOD: Purekaos26
[08:20:40] <limnatide> Hi Cait
[08:20:41] <LottieLatte> Caaait
[08:20:42] <BaconBrotato2470> Cait! snowyLewd snowyLewd snowyLewd snowyLewd
[08:20:47] <Prowling_Panther> hi cait!!!
[08:20:51] <Shadowxdemon0> welcome back to the world of the living cait
[08:20:57] <BaconBrotato2470>* (o・・o)っ(‿|‿) Butt Touch!
[08:21:06] <@Caitnippers> Baconbaby <3 Heya everyone else o/
[08:21:06] <limnatide> owner of mah fav emote: caitLove
[08:21:09] <TrueEbag> Cait. I miss you
[08:21:14] <JABBERWOKKIE> Nipperz! Long time no see biiscuit
[08:21:16] <TrueEbag> thuluLOVE
[08:21:24] <Shadowxdemon0> (ditto) best emote
[08:21:24] <wackelkontaktak> good thing we dont have hurricanes in europe
[08:21:35] <TrueEbag> Chef, that's some bull
[08:21:44] MOD: Caitnippers
[08:21:46] <@Caitnippers> I miss you too True D: Jabber <3 and thank you Limna :)
[08:22:04] <TrueEbag> I'm finally moved. I should be more sociable now in the discordseseses
[08:22:12] <Shadowxdemon0> there's no hurricanes here either DatSheffy but we do have earthquakes NotLikeThis
[08:22:19] <@Caitnippers> Noticed, congrats hun :)
[08:22:38] <AllyRosepetal> put it in the holr bastLewd
[08:22:44] <AllyRosepetal> hole^
[08:22:45] <TrueEbag> Cait raid
[08:22:50] <LottieLatte> I do bad things to my health all the time
[08:22:56] <BaconBrotato2470> Cait, can I whisper you?
[08:23:01] <DoctorBooMD> !cheese
[08:23:01] <@^cheflethalbot> doctorboomd [Mozzarella] - Cheese: 2368
[08:23:05] <TrueEbag> I'M NOT A MODERATOR
[08:23:06] <Gotycki_Rosa> lol hai sis you missed the Chef dancing
[08:23:18] <limnatide> chefHeart
[08:23:23] <@Khostic> I'm a bad mod
[08:23:29] <AllyRosepetal> lol
[08:23:29] <DoctorBooMD> woo, should be back to 2600 by Saturday, can get two chance blocks if he plays minecraft.
[08:23:29] <@Khostic> I'm sorry FeelsBadMan
[08:23:34] <Shadowxdemon0> khostic is best mod Kappa
[08:23:47] <limnatide> !quote 127
[08:23:47] <@^cheflethalbot> Quote #127: "khostic is bestest mod" [Creative] [09/06/2016]
[08:23:49] <@Caitnippers> Of course you can Bacon
[08:23:49] <Gotycki_Rosa> (ditto)
[08:23:59] <Shadowxdemon0> (ditto)
[08:24:07] <AllyRosepetal> (ditto)
[08:24:08] <TrueEbag> HOW THE HECK IS DOC HIGHER THAN ME ALREADY?! AGAIN?!
[08:24:12] <TrueEbag> Chef is sabotaging me!
[08:24:25] <DoctorBooMD> what are you at true
[08:24:30] <TrueEbag> !points
[08:24:31] <@^cheflethalbot> Just by being here, you're earning CHEESE! Keep saving up to be the BIG CHEESE! Once you accumumlate at least 3,000 cheese, you can redeem your points to spin the WHEEL OF CHEESE that will throw a wrench in the stream's plan!
[08:24:32] <TrueEbag> wrong one
[08:24:33] <TrueEbag> !cheese
[08:24:34] <@^cheflethalbot> trueebag [Feta] - Cheese: 1976
[08:24:39] <TrueEbag> SEE
[08:24:43] <AllyRosepetal> who
[08:24:43] <DoctorBooMD> I only spent down to 2k, so I was always above you
[08:24:47] <AllyRosepetal> ?
[08:24:47] <Shadowxdemon0> PogChamp cheese
[08:24:49] <queenlillypetals12> are you sure chef that your batman
[08:24:51] <Shadowxdemon0> !cheese
[08:24:51] <@^cheflethalbot> shadowxdemon0 [Meunster] - Cheese: 154
[08:24:53] <TrueEbag> Still some bull
[08:24:55] <limnatide> He's been higher for a long time True, you're catching up
[08:24:56] <Gotycki_Rosa> !cheese
[08:24:56] <@^cheflethalbot> gotycki_rosa [Mozzarella] - Cheese: 2472
[08:25:00] <DoctorBooMD> he voiced lego batman
[08:25:07] <Gotycki_Rosa> I'm getting there lol
[08:25:08] <RU684> one must put the egg in the basket
[08:25:12] <AllyRosepetal> I dont know who that is lol what batman was he in
[08:25:18] <TrueEbag> I've been here since you started
[08:25:22] <DoctorBooMD> I just told you @AllyRosepetal lol
[08:25:24] <TrueEbag> the fuck you talkin' about? haha
[08:25:26] <DoctorBooMD> he voiced lego batman.
[08:25:27] <limnatide> !cheese
[08:25:27] <@^cheflethalbot> limnatide [Gouda] - Cheese: 680
[08:25:42] <AllyRosepetal> oh I was have awake lol
[08:25:45] <queenlillypetals12> how are you chef
[08:25:49] <jitspoe> What do you use to show the chat and stuff in your stream?
[08:25:52] <DoctorBooMD> it happens
[08:26:00] <limnatide> Hi queenlilly
[08:26:04] <AllyRosepetal> half ^
[08:26:07] <queenlillypetals12> hi @limnatide
[08:26:08] <THEJEWELMAN2> what r we cooking?
[08:26:15] <@^cheflethalbot> chefHat Fall is here! On the menu tonight: Butternut Squash Soup and (hopefully) 2 different grilled cheese sandwiches! chefHeart chefSkills
[08:26:18] <AllyRosepetal> I know the actor I didnt know he played batman
[08:26:20] <DoctorBooMD> he was also a recurring character on 30 Rock
[08:26:23] <TrueEbag> !whatscookin
[08:26:23] <@^cheflethalbot> chefHat Fall is here! On the menu tonight: Butternut Squash Soup and (hopefully) 2 different grilled cheese sandwiches! chefHeart chefSkills
[08:26:28] <Gotycki_Rosa> swallow first then dance SeemsGood
[08:26:41] <RU684> arrested developement is classic
[08:26:44] <TrueEbag> that was crazy timing
[08:26:45] <TrueEbag> lol
[08:26:54] <AllyRosepetal> it looks like you have to pee lol
[08:27:11] <AllyRosepetal> see
[08:27:12] <queenlillypetals12> i am doing okay but tripped up the stairs and hit my hip on the stairs at my course today
[08:27:13] <AllyRosepetal> LMAO
[08:27:14] <jitspoe> Urine trouble now!
[08:27:17] <Gotycki_Rosa> Ally called it lol
[08:27:21] <AllyRosepetal> I knew it haha
[08:27:26] <BaconBrotato2470> ChefLethalPees snowyHype
[08:27:33] <TrueEbag> ^^^
[08:27:42] <Shadowxdemon0> ConcernDoge make sure you wash your hands
[08:27:43] <Gotycki_Rosa> dont pee on the floor Kappa
[08:27:47] <limnatide> lol
[08:27:54] <Prowling_Panther> *sets timer to 45 seconds*
[08:27:59] <Prowling_Panther> Kappa
[08:28:03] <@Caitnippers> !cheese
[08:28:03] <@^cheflethalbot> caitnippers [Meunster] - Cheese: 494
[08:28:08] <christilia> Remember to wash your hands Kappa
[08:28:09] <newfieguy4> He turned the cam off so we don't watch him pee
[08:28:24] <jitspoe> Needs that extra camera to cover the bathroom.
[08:28:25] <DoctorBooMD> well the cam wouldn't follow him
[08:28:27] <jitspoe> Let's get it funded!
[08:28:33] <AllyRosepetal> he was doing do the pee pee dance lol
[08:28:45] <Gotycki_Rosa> lol
[08:28:45] <Prowling_Panther> how bad would it be if he forgot to mute the mic. xD
[08:28:50] <Shadowxdemon0> the cam totally has a tendency to grow legs and follow him into the bathroom
[08:29:12] <Gotycki_Rosa> wb Chef
[08:29:14] <AllyRosepetal> yay wb lol
[08:29:20] <limnatide> wb
[08:29:20] <DoctorBooMD> What game are you playing Saturday @ChefLethalPlays
[08:29:34] <newfieguy4> Yah never know doc the kitty plays with wires kitty might drag the cam to the bathroom
[08:29:37] <AllyRosepetal> haha
[08:29:40] <christilia> LOL
[08:29:44] <@Caitnippers> Where my lil Rosy baby at? :o
[08:29:45] <DoctorBooMD> It could
[08:29:48] <Prowling_Panther> that was 47 seconds!!!
[08:30:01] <TrueEbag> ok gaiz
[08:30:03] <TrueEbag> I got finals tonight
[08:30:06] <jitspoe> I'm just imagining Chef over there chugging the soap.
[08:30:09] <TrueEbag> I gotta go now.
[08:30:15] <AllyRosepetal> how many beers u have?
[08:30:15] <BaconBrotato2470> Haven't seen Rosey at all
[08:30:17] <DoctorBooMD> good luck @TrueEbag
[08:30:20] <AllyRosepetal> lol
[08:30:22] <jitspoe> "Mellons!" *glug glug glug**
[08:30:23] <christilia> Bye tru
[08:30:30] <DoctorBooMD> your dedication to being productive is why you'll never have as much cheese as me true :D
[08:30:30] <limnatide> Later True gl
[08:30:38] <@Caitnippers> Awe :/ Well atleast you're here bacon <3
[08:30:40] <queenlillypetals12> did you see my respond chef
[08:30:52] <TrueEbag> I know Cheffypoo. Giving you a hard time. CONSPIRACIES
[08:30:55] <Prowling_Panther> truthfully. no clue mate just wanted to give u ish cuz i could lol
[08:30:57] <BaconBrotato2470> Aww thx Cait. <3
[08:31:04] <AllyRosepetal> dos so
[08:31:06] <AllyRosepetal> lmao
[08:31:13] <TrueEbag> Love you Doc! Everyone else. Later. Have a wonderful evening! chefHeart
[08:31:14] <queenlillypetals12> i shall
[08:31:16] <AllyRosepetal> thats a new number
[08:31:19] <deejayred1234> Hai! im new!
[08:31:19] <AllyRosepetal> lol
[08:31:24] <jitspoe> Look at the bottom!
[08:31:27] <BaconBrotato2470> True, have fun
[08:31:28] <DoctorBooMD> noobsLove
[08:31:45] <AllyRosepetal> leg humper bastLewd
[08:31:54] <limnatide> So many ways to go wrong with that.
[08:32:28] <AllyRosepetal> how many is that?
[08:32:30] <AllyRosepetal> lol
[08:32:31] <queenlillypetals12> im doing okay but tripped up the stairs and hit my hip on them at my course today
[08:32:38] <jitspoe> You were saying that you didn't want to look at the bottom. I was trying to force you into it. Ahh, the chat lag.
[08:32:42] <limnatide> Ouch
[08:32:44] <RU684> been enjoying brews from treehouse brewery good stuff
[08:33:01] <jitspoe> Poor pour.
[08:33:02] <BaconBrotato2470>* _( ´ ω `_)⌒)_ ← Old Leg Humper!
[08:33:04] UNMOD: Purekaos26
[08:33:18] <Prowling_Panther> chef. that was almost alcohol abuse. we woulda had to report that. Kappa
[08:33:23] <jitspoe> nice, bacon.
[08:33:40] <BaconBrotato2470> ;)
[08:33:46] <queenlillypetals12> yea its okay i took painkiller for it
[08:33:49] <jitspoe> Just put the egg on your head while you're thinking.
[08:33:54] <jitspoe> That should cook it.
[08:33:55] <limnatide> The smoke is from the thinking, not the pan
[08:33:55] <Prowling_Panther> @cheflethalplays there is NO such thing as too much butter!!
[08:34:36] <wackelkontaktak> american beer WutFace Kappa
[08:34:57] <LottieLatte> There's a such thing as too much butter when you have high cholesterol
[08:35:00] <jitspoe> I hate it when I have leakage out the bottom.
[08:35:10] <jitspoe> No wonder he doesn't want to look at the bottom.
[08:35:12] <queenlillypetals12> you need cam there as it would look wow starletLove starletHype
[08:35:15] <Gotycki_Rosa> butttered pepper Kappa
[08:35:31] <Gotycki_Rosa> :O
[08:35:33] <AllyRosepetal> lol
[08:35:35] <limnatide> @queenlillypetals12, that's what the new tip goal is for. :)
[08:35:36] <jitspoe> She'll notice when you slither in.
[08:35:45] <Gotycki_Rosa> ^
[08:35:47] <queenlillypetals12> 1000 points to griffindor
[08:35:51] <BaconBrotato2470> @jitspoe xD
[08:35:53] <DoctorBooMD> What house is LNJ @ChefLethalPlays
[08:35:58] <wackelkontaktak> psychopath i called it Kappa
[08:36:12] <queenlillypetals12> oh i didnt see @limnatide
[08:36:43] <limnatide> I find it hard to read, but that's my monitor. :)
[08:36:52] <AllyRosepetal> you arent overweight
[08:36:54] <LottieLatte> >same
[08:36:54] <queenlillypetals12> chef where the tyson pics i miss them
[08:37:00] <AllyRosepetal> DansGame
[08:37:27] <Mrosiris1995> !cheese
[08:37:30] <BaconBrotato2470> Chef, may I suggest using 3 slices of bread? bottom slice with cheese and bacon, center slice with the egg, to skiff on top with more cheese and bacon on the eggs slice....
[08:37:30] <@^cheflethalbot> mrosiris1995 [Top Cheddah] - Cheese: 3760
[08:37:34] <LottieLatte> I flip things gently by putting the pan against it and turning the pan back
[08:37:54] <AllyRosepetal> !social
[08:37:54] <@^cheflethalbot> TWITTER: twitter.com/cheflethalplays and hit that Follow button! YOUTUBE: https://www.youtube.com/c/ChefLethalPlays . INSTAGRAM: instagram.com/cheflethalplays!
[08:38:05] <DoctorBooMD> that's a better tactic than chef's "I'm gonna lift this and slam it down"
[08:38:34] <AllyRosepetal> I just followed you on insta and twitter <3
[08:38:40] <newfieguy4> Looks like we are gonna be hit by a lot of rain.. One town is gonna possibly be flooded 128 mm of rain flood lvls not seen in 100 yrs
[08:38:43] <Mrosiris1995> !ctt
[08:38:43] <@^cheflethalbot> Loving the stream?! Tell your friends! Spread the hype! Spread the love! Click this link to spread the word! http://ctt.ec/Hnd8Q
[08:38:43] <wackelkontaktak> there is one thing better than cooking: eating
[08:39:01] <DoctorBooMD> Chef, aren't we owed like 40 pet treats still?
[08:39:07] <AllyRosepetal> :D
[08:39:08] <Mrosiris1995> ^
[08:39:12] <limnatide> Have you seen the article about Cape Breton @newfieguy4
[08:39:21] <@Caitnippers> Rosy AngelThump
[08:39:25] <BaconBrotato2470> Chef, my last post please?
[08:39:39] <queenlillypetals12> i love that food pics its yummy looks
[08:39:48] <newfieguy4> Haven't seen that one @limnatide
[08:39:48] <AllyRosepetal> Dont be scared at my twitter pic lmao
[08:39:55] <LottieLatte> >Chef follows me on Instagram Kappa
[08:39:56] <AllyRosepetal> im a zombie xD
[08:39:59] <Mrosiris1995> Cait! AngelThump
[08:40:05] <limnatide> linked in Pure's discord
[08:40:07] <queenlillypetals12> !tips
[08:40:08] <Mrosiris1995> !tips
[08:40:23] <queenlillypetals12> !cheese
[08:40:23] <@^cheflethalbot> queenlillypetals12 [Gouda] - Cheese: 592
[08:40:31] <Mrosiris1995> !quot
[08:40:34] <Mrosiris1995> !quote
[08:40:34] <@^cheflethalbot> Quote #44: 'I drink cranberry and vodka because I'm on my period apparently' [Creative] [23/06/2016]
[08:40:40] <Mrosiris1995> ^
[08:40:44] <newfieguy4> Oh yah chef I am gonna need your discord my other account crapped out
[08:41:00] <@PureKaos26> D:
[08:41:05] <Mrosiris1995> CHef you had to go into pure's discord and do !discord
[08:41:05] <AllyRosepetal> you have a discord? lol
[08:41:06] <Mrosiris1995> you pleb
[08:41:12] <@Caitnippers> Babygurl pls D:
[08:41:13] <newfieguy4> Hi pure <3 <3 <3 <3
[08:41:14] <BaconBrotato2470> Kaos snowyLewd snowyLewd
[08:41:15] <DoctorBooMD> bad @PureKaos26
[08:41:17] <limnatide> Noo, I started interweb dramas
[08:41:21] <AllyRosepetal> lmao that quote
[08:41:21] <@Khostic> !discord
[08:41:23] <@^cheflethalbot> Chef has recently opened up his Discord server to the whole community! Come join the party using this invite! https://discord.gg/Azqe2J7 Patreon Supporters have access to SECRET VIP rooms and stuff, too!
[08:41:25] <@PureKaos26> but...but...
[08:41:30] <newfieguy4> Pure I am gonna need yours also
[08:41:30] <@PureKaos26> star struck, come on, guys.
[08:41:31] <AllyRosepetal> cool
[08:41:41] <AllyRosepetal> ty
[08:41:45] <Mrosiris1995> go into her twitch FailFish
[08:41:48] <@PureKaos26> my chat not my discord, he means
[08:41:49] <@PureKaos26> lol
[08:41:56] <Mrosiris1995> you need experience to get experince chef Kappa
[08:42:00] <@Caitnippers> ^
[08:42:08] <queenlillypetals12> chef i tweeted your stream out
[08:42:21] <@PureKaos26> that would be you, Chef LOL
[08:42:24] Viewerstats (08:14-08:42): avg:100 min:86 max:113 [15/100+7+6-18-9+7+6+7-7-2-4+11+5-4-5]
[08:42:32] <Mrosiris1995> ban chef Kappa
[08:42:41] MOD: PureKaos26
[08:43:05] <@PureKaos26> hahahahaha
[08:43:06] <AllyRosepetal> I joined your discord :D
[08:43:08] <LottieLatte> Pure <3 Rosy <3
[08:43:15] <@PureKaos26> hi, guys, btw
[08:43:16] <@PureKaos26> <3
[08:43:21] <newfieguy4> Thnx for the discord
[08:43:32] <Mrosiris1995> pssh plez if I can kill you in mc I'm pretty too sexy for my shirt
[08:43:37] <AllyRosepetal> hehe
[08:43:39] <Gotycki_Rosa> LOL
[08:43:49] <DoctorBooMD> !quote
[08:43:49] <@^cheflethalbot> Quote #38: It give you something to put in your mouth other than balls [Creative] [04/06/2016]
[08:43:49] <AllyRosepetal> bastGasm
[08:43:54] <BaconBrotato2470> Did you say, "I'm the disaster here." Chef? Kappa
[08:43:56] <@PureKaos26> oh, dear, that quote.
[08:43:58] <Mrosiris1995> just like mayor mc cheese ordered the evac of all seasame seeds of potatos
[08:44:06] <AllyRosepetal> I have my twitch linked
[08:44:08] <@PureKaos26> mayor mccheese?
[08:44:10] <AllyRosepetal> so its the same name
[08:44:17] <limnatide> is it stalker soup>
[08:44:19] <limnatide> ?
[08:44:20] <@Khostic> already gave her the proper role
[08:44:34] <AllyRosepetal> so im gonna need permission :)
[08:44:40] <DoctorBooMD> I'm family friendly.
[08:44:41] <queenlillypetals12> yep family
[08:44:57] <Gotycki_Rosa> "pull out"
[08:44:57] <AllyRosepetal> got it ty
[08:44:58] <DoctorBooMD> I did get timed out for the first time in Julie's stream a day or two ago
[08:45:04] <moocmook2> Good evening
[08:45:07] <Mrosiris1995> lol
[08:45:07] <Gotycki_Rosa> bastLewd
[08:45:11] <Mrosiris1995> it was yesterday doc
[08:45:18] <Mrosiris1995> if only you behaved Kappa
[08:45:21] <Mrosiris1995> !quote
[08:45:21] <@^cheflethalbot> Quote #168: "The first thing I wanna do is get down on the china town." [Creative] [09/27/2016]
[08:45:32] <DoctorBooMD> I can barely remember earlier today
[08:45:33] <Homelessbabys> Hello
[08:45:41] <queenlillypetals12>* fingers crossed
[08:45:46] <limnatide> Hi Home
[08:45:49] <DoctorBooMD> One thing I have learned, all doctor's offices in this area run HGTV. I'm starting to like that channel.
[08:45:53] <BaconBrotato2470> !cheese
[08:45:54] <@^cheflethalbot> baconbrotato2470 [American Cheese] - Cheese: 82
[08:45:56] <Gotycki_Rosa> all over fac... I mean what?
[08:46:05] <queenlillypetals12>* paws and mittens crossed
[08:46:18] <Gotycki_Rosa>* blames Ally for my lewdness lol
[08:46:37] <AllyRosepetal> :p dont blame me
[08:46:48] <Gotycki_Rosa> yup all yer fault
[08:46:51] <queenlillypetals12> cant wait for the pic starletHype starletPigeon
[08:47:00] <Gotycki_Rosa> you took me to Basts stream lol
[08:47:13] <Gotycki_Rosa> now im constinly lewd haha
[08:47:17] <AllyRosepetal> lol
[08:47:34] <Gotycki_Rosa> lol chef
[08:47:36] <queenlillypetals12>* paws crossed
[08:47:37] <AllyRosepetal> lmao
[08:47:38] <jitspoe> What a crumby thing to eat.
[08:47:45] <Gotycki_Rosa> ^
[08:47:46] <AllyRosepetal> u drunk haah
[08:48:24] <Gotycki_Rosa> no doo dooing in the kitchen lol
[08:48:33] <AllyRosepetal> lol
[08:48:40] <AllyRosepetal> be careful
[08:48:44] <Mrosiris1995> wat
[08:48:45] <AllyRosepetal> roflmao
[08:48:47] <@Caitnippers> Looks delicious
[08:48:49] <limnatide> Good thing LNJ is home?
[08:48:50] <Mrosiris1995> quote
[08:48:50] <Gotycki_Rosa> chefDrunk
[08:48:53] <Mrosiris1995> plez
[08:48:53] <christilia> lol what!?
[08:49:09] <Gotycki_Rosa> bUrself beeeeeeeeeeee
[08:49:22] <jitspoe> Even though I don't like meat, you've still made me hungry.
[08:49:25] <Gotycki_Rosa> tigerLewd
[08:49:35] <Mrosiris1995> "that beer makes me want to humo a leg"
[08:49:38] <Mrosiris1995> hump*
[08:49:41] <Mrosiris1995> plez mods D:
[08:49:48] <AllyRosepetal> looks good to me if I ate bacon
[08:49:48] <limnatide> *shudder* ew runny egg yolk.
[08:49:57] <AllyRosepetal> and brea
[08:50:03] <DoctorBooMD> agreed limna
[08:50:07] <AllyRosepetal> I love runny egg yolk
[08:50:12] <AllyRosepetal> bread^
[08:50:45] <limnatide> That's why I order my eggs scrambled. lol
[08:50:48] <jitspoe> If I ever finish remodeling my kitchen, maybe I'll try doing some cooking streams.
[08:50:51] <DaddysGamerGiirl> show me on the doll where he bit you
[08:50:54] <@Caitnippers> bafon and egs, Chef? :')
[08:50:56] <jitspoe> I do have a new gas stove, now.
[08:51:10] <Jarkeler> Do you take this long to make dinner every night? Or just for streams
[08:51:15] <@^cheflethalbot> Loving the stream?! Tell your friends! Spread the hype! Spread the love! Click this link to spread the word! http://ctt.ec/Hnd8Q
[08:51:25] <jitspoe> So stay tuned for my cooking streams in 2020. ;)
[08:51:30] <Gotycki_Rosa> yummmmmmmmm
[08:52:17] <generalkyle7> thats a thick soup
[08:52:23] <jitspoe> I have some liquid almond in my fridge.
[08:52:29] <christilia> Almonds!
[08:52:33] <queenlillypetals12> make something pumpkin
[08:52:39] <Gotycki_Rosa> I followed you on instagram and twitter btw @Cheflethalplays
[08:52:46] <DoctorBooMD> it's actually cinnamon applesauce @generalkyle7
[08:52:58] <Prowling_Panther> @cheflethalplays so interesting idea. what if u found a way to put up a list of ingrediants and instructions for each of ur streams before u do the stream so people can try to follow along?
[08:53:07] <@Caitnippers> I want that sandwich D:
[08:53:08] <Gotycki_Rosa> lol
[08:53:19] <Gotycki_Rosa> I was already following you on twitter
[08:53:27] <queenlillypetals12> yay
[08:53:31] <AllyRosepetal> lol yea took ya long enough sis ;)
[08:53:33] <christilia> Carve it!
[08:53:37] <Gotycki_Rosa> playing with yer pump[kins
[08:54:16] <limnatide> That almost sounds like a special project kind of stream. :)
[08:54:45] <@Caitnippers> has snowblind been on yet?
[08:54:48] <Prowling_Panther> @cheflethalplays well. maybe do like a raffle during ur gaming streams and have the winner pick what ur gonna cook?
[08:54:56] <LottieLatte> a big ol carvin pumpkin
[08:55:18] <queenlillypetals12> @prowling_panther your right
[08:55:30] <limnatide> Mmmm snickers
[08:55:30] <AllyRosepetal> :O
[08:55:33] <Gotycki_Rosa> ohhhhhhhhhhhhhhhhhhhhhh Chef
[08:55:43] <Prowling_Panther> then do the list of ingredients and instructions and what not
[08:55:46] UNMOD: PureKaos26
[08:55:48] <AllyRosepetal> D:
[08:55:58] <queenlillypetals12> yea good idea @prowling_panther
[08:56:01] <@Caitnippers> Outrageous Chef.
[08:56:12] <Gotycki_Rosa> tigerGasm
[08:56:13] <AllyRosepetal> NomNom
[08:56:24] <Prowling_Panther> shall i send u this whole idea in a message so that u have it to reference? @cheflethalplays
[08:56:30] <AllyRosepetal> broGasm
[08:56:45] <DoctorBooMD> !cheese
[08:56:45] <@^cheflethalbot> doctorboomd [Mozzarella] - Cheese: 2404
[08:56:48] <@Caitnippers> FailFish
[08:57:04] <queenlillypetals12> thank you for liking the showing you my cookbook i brought chef
[08:57:09] <Prowling_Panther> arent you already mental mate?
[08:57:32] <limnatide> !quote
[08:57:32] <@^cheflethalbot> Quote #54: 'All I have to do is pull out' [Creative] [12/07/2016]
[08:58:12] <AllyRosepetal> that sandwich was missing something .. ketchup on the egg lol
[08:58:31] <DoctorBooMD> @AllyRosepetal is a spy for LNJ, confirmed
[08:58:48] <AllyRosepetal> what?? I love Ketchup on my eggs lol
[08:58:52] <limnatide> Sad, sad dancing
[08:59:11] <Gotycki_Rosa> Mmmm ketchup on eggs
[08:59:16] <AllyRosepetal> ^
[08:59:17] <LottieLatte> >Puts syrup on her eggs
[08:59:33] <Gotycki_Rosa> that too or peanut butter lol
[08:59:46] <ThaThrill> they only condiment i would put on my eggs are Tabasco sauce
[08:59:48] <LottieLatte> ENDORSED
[09:00:05] <Gotycki_Rosa> hubby likes sricha
[09:00:36] <dandevine> sriracha mayo on eggs
[09:00:51] <ThaThrill> yes siracha also good. however I get heartburn with it so I had to cut back on it :(
[09:01:09] <jitspoe> Think it was originally "griddled cheese", but people kept mispronouncing it?
[09:01:47] <AllyRosepetal> I used to put syrup on my eggs but ketchup tastes better to me
[09:01:58] <AllyRosepetal> I dont like spicy
[09:02:04] <Gotycki_Rosa> lol whatever i have is good
[09:02:06] <ThaThrill> i like syrup on sausage links
[09:02:13] <Gotycki_Rosa> ^
[09:02:27] <@Caitnippers> caitchup? D:
[09:02:33] <Gotycki_Rosa> I put that shit on everything...haha
[09:02:41] <AllyRosepetal> lol
[09:02:55] <AllyRosepetal> dont put shit on everything sis eww
[09:03:02] <AllyRosepetal> D:
[09:03:04] <Gotycki_Rosa> Chef has the same Gouda I have :O
[09:03:16] <Gotycki_Rosa> haha sis
[09:03:28] <Gotycki_Rosa> Chef? Chef?
[09:03:31] <jitspoe> "Guys, where's my tool?" is not a question a man wants to have to ask.
[09:03:41] <Gotycki_Rosa> LOL
[09:04:36] <Prowling_Panther> um Caitnippers would you mind running the Discord command please? i think itd be best if i sent my idea to Chef on there
[09:04:47] <@Caitnippers> !discord
[09:04:48] <@^cheflethalbot> Chef has recently opened up his Discord server to the whole community! Come join the party using this invite! https://discord.gg/Azqe2J7 Patreon Supporters have access to SECRET VIP rooms and stuff, too!
[09:04:57] <Prowling_Panther> thank you love matxHeart
[09:05:01] <jitspoe> Just dip it in the porta-john.
[09:05:04] <@Caitnippers> No problem :)
[09:07:25] <@^cheflethalbot> Reinessa, that host accentuates your natural beauty quite nicely. Thank you!
[09:07:41] <newfieguy4> You made half decent reviews by me so far new monday streamer cheflethalplays
[09:08:13] <Reinessa> You got it right <3
[09:08:18] <LetsGetItOnn> followed for hype levels of the bacon
[09:08:20] <Prowling_Panther> @Cheflethalplays, you have a message in discord sir
[09:08:24] <seeyainlehell> Heyho! Is he a famous cook in america?
[09:08:29] <LetsGetItOnn> easiest follow
[09:08:33] <Reinessa> we are bacon lovers
[09:08:52] <LetsGetItOnn> Kreygasm
[09:08:55] <newfieguy4> Chefers and especially from a newfoundlander lol
[09:09:27] <@^cheflethalbot> Prowling_panther, that host accentuates your natural beauty quite nicely. Thank you!
[09:09:49] <AllyRosepetal> gauda lol
[09:10:30] <newfieguy4> Ok chefers just because its egg, bread and bacon you have reached 8/10
[09:10:59] <AllyRosepetal> :D
[09:11:06] <Prowling_Panther> ok chef i am off for the evening sir.. time for bed as a 5am wake up call is due for tomorrow :/ ill leave the tab and host open for you sir
[09:11:09] <ezraeildoktor> Im so glad im ate before coming around this stream, id be dying for food LUL
[09:11:11] <jitspoe> That's not a gooda way to pronounce it.
[09:11:14] <ezraeildoktor> i ate*
[09:11:20] <queenlillypetals12> i love every stream of yours because every stream is helpful and inspirational to me
[09:11:27] <antiextreme> man is crazy, 2am going to bed have luck good cooking
[09:11:38] <Ikimonni> Its 04:11am here in Finland. Ffs I'm so freaking hungry now...
[09:11:43] <LetsGetItOnn> gn antie
[09:11:51] <jitspoe> Gotta head out. I think I might have to go home and make some griddled cheese.
[09:11:52] <antiextreme> seeya lets
[09:12:08] <Czades> Kappa
[09:12:11] <LetsGetItOnn> :D zades
[09:12:19] <Czades> 3:12 cooking hype
[09:12:24] Viewerstats (08:44-09:12): avg:105 min:82 max:149 [15/101-5+13-6-13-8+14+6+4-15+16-2-3+47-2]
[09:12:30] <Czades> almost got it right
[09:12:36] <jitspoe> But here's a farewell follow.
[09:12:45] <LetsGetItOnn> everyone butchers his name, but it's more relevant seeing as you're cooking
[09:12:55] <LetsGetItOnn> Keepo
[09:12:57] <onceforbidden> Im hungry :D
[09:12:59] <queenlillypetals12> npb
[09:13:05] <queenlillypetals12> np
[09:13:14] <queenlillypetals12> gesh i cant type
[09:13:40] <nano2564> love cooking bro maybe I will follow ur recipes one day
[09:13:47] <@Khostic> !social
[09:13:47] <@^cheflethalbot> TWITTER: twitter.com/cheflethalplays and hit that Follow button! YOUTUBE: https://www.youtube.com/c/ChefLethalPlays . INSTAGRAM: instagram.com/cheflethalplays!
[09:13:49] <@Khostic> !discord
[09:13:50] <@^cheflethalbot> Chef has recently opened up his Discord server to the whole community! Come join the party using this invite! https://discord.gg/Azqe2J7 Patreon Supporters have access to SECRET VIP rooms and stuff, too!
[09:14:04] <newfieguy4> Chefer's went to colon school??
[09:14:05] <ravioli_fabioso> this is a neato show
[09:14:37] <DoctorBooMD> !quote
[09:14:38] <@^cheflethalbot> Quote #114: 'Atleast I can play with one hand' [Diablo III: Reaper of Souls] [08/31/2016]
[09:14:56] <@Caitnippers> Chicken Kreygasm
[09:15:25] <limnatide> !quote
[09:15:25] <@^cheflethalbot> Quote #96: "you can suck my weiner later man, we got killing to do" [Diablo III: Reaper of Souls] [08/20/2016]
[09:15:45] <Gotycki_Rosa> LOL that quote
[09:15:54] <newfieguy4> To the new followers this guy is purrdy awesome if you find his streams boring thn your on drugs but if you enjoy the stream sneak in the kitchen taken some bacon and once again enjoy the stream
[09:16:09] <Gotycki_Rosa> ^
[09:16:11] <ravioli_fabioso> lol
[09:16:15] <@^cheflethalbot> TWITTER: twitter.com/cheflethalplays and hit that Follow button! YOUTUBE: https://www.youtube.com/c/ChefLethalPlays . INSTAGRAM: instagram.com/cheflethalplays!
[09:16:35] <AllyRosepetal> lol
[09:16:45] <DoctorBooMD> way to go limna
[09:16:46] <Gotycki_Rosa> LOL
[09:16:57] <Gotycki_Rosa> I like werid...I'm werid lol
[09:17:02] <ravioli_fabioso> dont worry mang im weird
[09:17:32] <newfieguy4> Your weird but you like werid @gotycki_rosa ? Hehe
[09:17:37] <Gotycki_Rosa> yell at that plate!
[09:17:56] <queenlillypetals12> its tuesday here
[09:18:13] <ravioli_fabioso> yo i speak spanish
[09:18:15] <AllyRosepetal> damn plate lol
[09:18:17] <newfieguy4> It's still monday here
[09:18:23] <ravioli_fabioso> cuz u know im in spanish uno
[09:19:21] <ravioli_fabioso> that makes me hungru
[09:19:26] <ravioli_fabioso> *hungry
[09:19:34] <queenlillypetals12> gesh food
[09:19:37] <Gotycki_Rosa> looks good
[09:19:51] <DoctorBooMD> looks pretty tasty
[09:19:53] UNMOD: mrslethalplays
[09:20:00] <AllyRosepetal> I couldnt eat that for once it has bread.. I cant have bread.. second.. the cheese would my upset my IBS.. and third I dont eat Pork lol
[09:20:10] <newfieguy4> And chefers i only speak the truth to my friends away from home
[09:20:11] <AllyRosepetal> but it looks good
[09:20:14] <Gotycki_Rosa> I got hungry earlier and made my own grilled cheese n bacon sandwich lol
[09:20:33] <@mrslethalplays> !cheese
[09:20:33] <@^cheflethalbot> mrslethalplays [LNJ Bae] - Cheese: 586
[09:20:44] <AllyRosepetal> yup xD
[09:20:46] <Gotycki_Rosa> yeah ally has all the digestion issues
[09:20:49] <AllyRosepetal> but oh wait lol
[09:20:54] <AllyRosepetal> well^
[09:21:12] <newfieguy4> !cheese
[09:21:12] <@^cheflethalbot> newfieguy4 [Parmegiano-Reggiano] - Cheese: 2632
[09:21:28] <Gotycki_Rosa> the gluten free bread is good tho
[09:21:39] <AllyRosepetal> but I found a gluten free pizza that I can have yesterday SeemsGood :D
[09:21:44] <queenlillypetals12> good
[09:21:48] <newfieguy4> !give mrslethalplays 500
[09:21:50] <Gotycki_Rosa> senstivity
[09:21:51] <Gotycki_Rosa> lol
[09:21:51] <AllyRosepetal> and it was nom
[09:21:55] MOD: mrslethalplays
[09:22:01] <queenlillypetals12> < got celic
[09:22:11] <Gotycki_Rosa> hai @mrslethalplays <3
[09:22:14] <newfieguy4> How da fack can ya give points?
[09:22:15] <AllyRosepetal> im sorry @queenlillypetals12
[09:22:22] <Gotycki_Rosa> :( @queenlillypetals12
[09:22:32] <queenlillypetals12> @mrslethalplays heyy starletLove
[09:22:39] <AllyRosepetal> I have just bad sensitivity
[09:22:50] <newfieguy4> Mods how can ya give points?
[09:22:53] <queenlillypetals12> its okay guys i live with it
[09:22:54] <Gotycki_Rosa> I'm happy Lucky Charms is gluten free
[09:22:58] <AllyRosepetal> cause I suffer from a chronic illness
[09:23:01] <AllyRosepetal> ^^
[09:23:24] <@mrslethalplays> hi yall!
[09:23:36] <AllyRosepetal> hi @mrslethalplays :)
[09:23:38] <DoctorBooMD> welcome back LNJ
[09:23:38] <ravioli_fabioso> waddup mrs
[09:23:45] <@mrslethalplays> haha newf
[09:23:46] <limnatide> Hi @mrslethalplays caitLove
[09:23:51] <evil_paprika_blajnd> This strem seems PogChamp had to follow
[09:23:52] <@mrslethalplays> thx doc, sorry in and out today
[09:23:58] <@mrslethalplays> how are you feeling?
[09:24:05] <queenlillypetals12> @allyrosepetal yea i have celic and have to have gluten free things
[09:24:10] <AllyRosepetal> yea I miss bread :(
[09:24:14] <newfieguy4> Im not loved @mrslethalplays lol no one will help me lol
[09:24:16] <@mrslethalplays> limna <3
[09:24:23] <DoctorBooMD> more blood tests today, have another test tomorrow and then on the 24th
[09:24:25] <@mrslethalplays> i don't think anyone knows how lol
[09:24:29] <evil_paprika_blajnd> haha good one
[09:24:37] <@mrslethalplays> ok, but still in pain?
[09:24:50] <AllyRosepetal> I used to love honey wheat bread
[09:24:51] <newfieguy4> !give 500 @mrslethalplays
[09:24:57] <Gotycki_Rosa> oops lol
[09:24:58] <AllyRosepetal> LOL failFish
[09:25:01] <DoctorBooMD> hasn't been much pain at all, just eating food makes me sick
[09:25:04] <Gotycki_Rosa> FailFish
[09:25:06] <AllyRosepetal> FailFish
[09:25:07] <@mrslethalplays> it's the thought that counts newf <3
[09:25:07] <christilia> Reckt
[09:25:12] <queenlillypetals12> TableHere
[09:25:21] <ravioli_fabioso> I love your hat man, fits the mood.
[09:25:21] <AllyRosepetal> LUL
[09:25:26] <@mrslethalplays> well that's one way to diet i guess Kappa
[09:25:39] <@mrslethalplays> hang in there buddy, hope the tests go well <3
[09:25:40] <ravioli_fabioso> Next thing you gotta do is cook with Swedish Chef
[09:25:47] <DoctorBooMD> thanks :)
[09:25:51] <AllyRosepetal> you drunk its hard to cook when drunk ;)
[09:26:02] <newfieguy4> Im not giving up @mrslethalplays lol
[09:26:02] <@mrslethalplays> his hat is wonky
[09:26:03] <@Khostic> I think points can either be given by me or chef himself @newfieguy4
[09:26:09] <ravioli_fabioso> Convection
[09:26:10] <DoctorBooMD> I sent you something on discord btw @mrslethalplays
[09:26:14] <ravioli_fabioso> or Conduction
[09:26:14] <@Khostic> or any mods maybe
[09:26:16] <ravioli_fabioso> Science
[09:26:25] <LetsGetItOnn> mhm gouda stringiness Kreygasm
[09:26:25] <@mrslethalplays> i knew khostic would know but didn't want to summon him
[09:26:37] <newfieguy4> @khostic can you take points from me? Lol
[09:26:39] <@Khostic> you can always summon me, lnj <3
[09:26:42] <@mrslethalplays> bc i don't need the points haha. I can troll chef whenevs lmao
[09:26:43] <@Caitnippers> Waify <3
[09:26:54] <@Khostic> ehm... why newfie?
[09:26:56] <limnatide> lol
[09:26:57] <DaddysGamerGiirl> weird is the new normal
[09:26:58] <@mrslethalplays> hi khostic & waifu <3 <3
[09:26:59] <DoctorBooMD> poofy hat
[09:27:00] <LetsGetItOnn> :D
[09:27:11] <newfieguy4> I wanna give mrslethal 500
[09:27:12] <@Khostic> Hey LNJ is my twinsie FeelsBadMan
[09:27:24] <LetsGetItOnn> PuppeyFace ?
[09:27:26] <@mrslethalplays> yas twin!
[09:27:27] <ravioli_fabioso> Get Toasted dude
[09:27:45] <christilia> !cheese
[09:27:46] <@^cheflethalbot> christilia [Feta] - Cheese: 1546
[09:27:48] <@Caitnippers> !quote add 'I'm sitting on your face!'
[09:27:48] <@^cheflethalbot> caitnippers --> Succesfully added Quote #188: 'I'm sitting on your face!' [Creative] [10/10/2016]
[09:28:01] <@mrslethalplays> love it
[09:28:04] <Gotycki_Rosa> lmao
[09:28:09] <newfieguy4> @khostic i wanna give points to @mrslethalplays
[09:28:18] <ravioli_fabioso> lol
[09:28:18] <Gotycki_Rosa> sit on my faceeeeeeee and tell me that you loveeee me
[09:28:19] <@Khostic> you sure about that, newfie?
[09:28:21] <incrediblegamez> hawt
[09:28:22] <@Khostic> :P
[09:28:24] <@mrslethalplays> ok these faces are weirding me out
[09:28:24] <@Caitnippers> LOL, so? :p
[09:28:27] <@mrslethalplays> no newf!
[09:28:28] <@Khostic> !cheese newfieguy4
[09:28:29] <@^cheflethalbot> newfieguy4 [Parmegiano-Reggiano] - Cheese: 2632
[09:28:29] <AllyRosepetal> lmao sis
[09:28:37] <newfieguy4> Yah @khostic
[09:28:37] <Gotycki_Rosa> o.O
[09:28:38] <@Khostic> so close to 3k though D:
[09:28:41] <@mrslethalplays> you're so close dude, keep going!
[09:28:42] <ravioli_fabioso> Roasted and Toasted
[09:28:42] <Gotycki_Rosa> ;)
[09:28:47] <@mrslethalplays> i veto this khostic
[09:28:47] <@Caitnippers> I take everything out of context
[09:28:55] <@mrslethalplays> ^
[09:29:00] <DoctorBooMD> @newfieguy4, can get lots of chance blocks on minecraft
[09:29:01] <@mrslethalplays> this is why i heart u
[09:29:25] <@Caitnippers> <3
[09:29:29] <@mrslethalplays> i'll take a virtual hug instead newf
[09:29:47] <@Khostic> you can also bribe me for it if you really want to give people points Kappa
[09:30:05] <limnatide> lol Khostic
[09:30:10] <newfieguy4> Booooooo lol
[09:30:19] <DoctorBooMD> !cheese
[09:30:19] <newfieguy4> !cheese
[09:30:19] <@^cheflethalbot> doctorboomd [Mozzarella] - Cheese: 2438
[09:30:21] <@^cheflethalbot> newfieguy4 [Parmegiano-Reggiano] - Cheese: 2632
[09:30:23] <ravioli_fabioso> This has been a good monday, I finally talked to my parents about something I've been waiting months to do
[09:30:53] <newfieguy4> Newfie hugs thn @mrslethalplays lol
[09:31:13] <@mrslethalplays> opportunistic khostic Kappa
[09:31:38] <@mrslethalplays> GivePLZ @newfieguy4
[09:31:39] <limnatide> !cheese
[09:31:39] <@^cheflethalbot> limnatide [Gouda] - Cheese: 762
[09:31:47] <serpico9270> !uptime
[09:31:47] <@^cheflethalbot> Chef Lethal has been live for 4 hours 2 minutes 1 second
[09:31:53] <newfieguy4> Ummmm i do have a question
[09:32:09] <@mrslethalplays> nice ravioli! always good to get stuff off your chest
[09:32:48] <newfieguy4> Ok this ! Cheese thing why not ! Bacon instead of cheese?
[09:32:49] <DoctorBooMD> !quote
[09:32:49] <@^cheflethalbot> Quote #185: "Where did you come form you stupid stupid!?" [Minecraft] [09/29/2016]
[09:32:52] <@mrslethalplays> emotional hoarder...i like it
[09:32:52] <serpico9270> what is your drink ?
[09:32:57] <arecklessbunn> what's up lethal and chat
[09:33:04] <AllyRosepetal> I dont that too
[09:33:05] <Gotycki_Rosa> me too @Cheflethalplays
[09:33:08] <@Caitnippers> High five for being emotional hoarders \o/
[09:33:14] <@mrslethalplays> !quote
[09:33:18] <Gotycki_Rosa> ^
[09:33:24] <ravioli_fabioso> ye i was waiting because I thought it was embarassing
[09:33:40] <queenlillypetals12> no he means currentey
[09:34:26] <AllyRosepetal> not me
[09:34:29] <ravioli_fabioso> same
[09:34:30] <limnatide> !quote
[09:34:30] <@^cheflethalbot> Quote #71: "shake it like you shake that booty in that video" [Creative] [28/07/2016]
[09:34:46] <AllyRosepetal> It explodes lol
[09:34:50] <@mrslethalplays> what do you do when people don't use their blinker tho
[09:35:05] <DoctorBooMD> it triggers me that some quotes are DD/MM/YYYY and some are MM/DD/YYYY
[09:35:12] <Belladonnarose> evening y'all
[09:35:23] <limnatide> Hi Bella
[09:35:24] <AllyRosepetal> me too OMG @DoctorBooMD
[09:35:26] <AllyRosepetal> lol
[09:35:37] <Gotycki_Rosa> :O
[09:35:41] <AllyRosepetal> broXD
[09:35:42] <IBCrazy17> herro
[09:35:50] <IBCrazy17> I can't stay long but I wanted to say hi
[09:35:58] <Gotycki_Rosa> issues? lol
[09:36:07] <mojokitty65> other one was gooer
[09:36:14] <mojokitty65> gooier
[09:36:15] <@mrslethalplays> !quote
[09:36:15] <@^cheflethalbot> Quote #161: 'And then true had to come and scew it all up" [Minecraft] [09/24/2016]
[09:36:23] <mojokitty65> wait.. is that even a word... gooier
[09:36:25] <@Khostic> cause you americans use the month first
[09:36:28] <@Khostic> Kappa
[09:36:37] <@mrslethalplays> so, correctly
[09:36:41] <@mrslethalplays> Kappa
[09:36:49] <AllyRosepetal> I dont and im american :P
[09:36:51] <ravioli_fabioso> Chef Boyardi, I love this show
[09:36:57] <DoctorBooMD> I wonder then if it all depends on who saves the quote?
[09:36:58] <AllyRosepetal> lol
[09:37:12] <The_NERF_Is_Real> Cheese pull!!
[09:37:15] <@Khostic> probably cause you say like october 10th and we say 10 october
[09:37:18] <@Khostic> is my guess
[09:37:20] <queenlillypetals12> OhMyDog OSkomodo
[09:37:21] <Gotycki_Rosa> i do month/ date/ year lol
[09:37:24] <AllyRosepetal> instagram every meal I have lol
[09:37:34] <pavoldemitra> TBTacoLeft TBCheesePull TBCheesePull TBCheesePull TBTacoRight
[09:37:38] <@Caitnippers> ChefHipsterPlays
[09:37:49] <Gotycki_Rosa> even cereal sis? lol
[09:38:07] <newfieguy4> Sry my ipad crapped out never heard the answer to the question ll
[09:38:19] <The_NERF_Is_Real> There it is!
[09:38:20] <Gotycki_Rosa> ITS GOOD
[09:38:22] <queenlillypetals12> cheese overload
[09:38:29] <Belladonnarose> chef is in nirvana right now
[09:38:33] <DoctorBooMD> !quote
[09:38:33] <@^cheflethalbot> Quote #9: "What I'm going to do is.... I didn't mean to do this... *Sigh*" [Creative] [03/05/2016]
[09:38:34] <@mrslethalplays> he didn't answer it correctly i don't think newf
[09:38:40] <newfieguy4> Oh ok
[09:38:56] <DoctorBooMD> he said there was bacon in it @newfieguy4
[09:39:02] <queenlillypetals12> @newfieguy4 he got confused
[09:39:09] <@mrslethalplays> i think u were asking about the cheese wheel?
[09:39:19] <FleamingFury> PogChamp
[09:39:19] <newfieguy4> !cheese
[09:39:19] <@^cheflethalbot> newfieguy4 [Parmegiano-Reggiano] - Cheese: 2644
[09:39:26] <queenlillypetals12> @newfieguy4 do you the !cheese thing
[09:39:31] <newfieguy4> The cheese points
[09:39:45] <@Caitnippers> As your wife's waify, I deserve one of those sandwiches
[09:39:49] <christilia> Mundo goes where he pleases
[09:39:53] <@mrslethalplays> ^
[09:39:59] <Belladonnarose> i missed Thurs was it epic cheese?
[09:40:00] <@mrslethalplays> rekt
[09:40:11] <newfieguy4> But its all guud lol
[09:40:27] <The_NERF_Is_Real> What kind of bread did you use?
[09:40:31] <AllyRosepetal> having a food gasm broGasm lol
[09:40:41] <queenlillypetals12> @mrslethalplays save your hubby
[09:41:01] <@Caitnippers> Or you know, just send it to me
[09:41:10] <newfieguy4> Chef next time i come to florida i want a chef sandwhich
[09:41:15] <@^cheflethalbot> BTTV (BetterTTV) is a browser plugin that allows you to customize your Twitch experience! Get it at www.betterttv.com! By doing so you open up the possibilities to use the 5 AMAZING emotes that are available on my channel! "chefBreak" chefBreak "chefSkills" chefSkills "chefHat" chefHat "chefHeart" chefHeart "chefDrunk" chefDrunk
[09:41:44] <AllyRosepetal> chefDrunk
[09:41:49] <AllyRosepetal> ^
[09:41:50] <@mrslethalplays> i'm too tired to get up queen. i think he's ok
[09:41:52] <AllyRosepetal> lol
[09:41:57] <@mrslethalplays> oh wait he's offering me food *runs*
[09:42:05] <queenlillypetals12> yea i agree @mrslethalplays
[09:42:06] <newfieguy4> Lol @mrslethalplays
[09:42:08] <limnatide> lol
[09:42:15] <DoctorBooMD> @mrslethalplays in the future again
[09:42:17] <limnatide> Go @mrslethalplays, go.
[09:42:24] Viewerstats (09:14-09:42): avg:102 min:77 max:148 [15/145-11+14-18-15-11-20+9-4-5+1-3-5+2+7]
[09:42:36] <newfieguy4> The future is in the samich
[09:42:59] <Gotycki_Rosa> lol
[09:43:14] <DoctorBooMD> !quote 58
[09:43:15] <@^cheflethalbot> Quote #58: "MrsLethal just made some sounds that made me very happy" [Creative] [12/07/2016]
[09:43:22] <DaddysGamerGiirl> lol
[09:43:23] <Gotycki_Rosa> chefDrunk
[09:43:33] <AllyRosepetal> chefDrunk
[09:43:34] <Gotycki_Rosa> RareParrot
[09:43:58] <DaddysGamerGiirl> TBTacoLeft TBCheesePull poppkellTEDDY
[09:44:09] <ravioli_fabioso> chefHeart
[09:44:28] <ravioli_fabioso> What is the meaning of life
[09:44:35] <Gotycki_Rosa> 42
[09:44:42] <ravioli_fabioso> Oh man
[09:44:46] <ravioli_fabioso> I should've known
[09:44:56] <Gotycki_Rosa> see lol
[09:45:14] <AllyRosepetal> im glad my sis told me about you :D
[09:45:20] <ravioli_fabioso> I've been blind this whole time
[09:45:22] <Belladonnarose> I'm happy to do a love rade
[09:45:22] <Gotycki_Rosa> <3
[09:45:31] <AllyRosepetal> you are silly <3
[09:45:36] <Belladonnarose> raid
[09:45:38] <ravioli_fabioso> I'm glad I left MonsterCat to search for something else
[09:45:41] <Gotycki_Rosa> I'm glad that Charlie radided you that day
[09:45:47] <newfieguy4> You get a 10 chefers on tonights stream
[09:45:53] <mojokitty65> now he'll have hiccu-burps coz he ate fast
[09:45:54] <Gotycki_Rosa> or was it Stronk
[09:46:07] <Gotycki_Rosa> lol might have been Stronk Raid
[09:46:20] <Gotycki_Rosa> they both are
[09:46:23] <DoctorBooMD> !quote
[09:46:25] <@^cheflethalbot> Quote #184: "He's up there just like, 'blow shit up, I don't care!'" [Minecraft] [09/29/2016]
[09:46:33] <Gotycki_Rosa> and yopu and the mrs are and everyone here <3
[09:46:36] <AllyRosepetal> whos charlie?
[09:46:52] <Gotycki_Rosa> i know it was one of them must have been Charlie
[09:47:25] <DoctorBooMD> let
[09:47:29] <Gotycki_Rosa> Ally Stronks gf lol she has celic disease shes a gluten free chef
[09:47:35] <DoctorBooMD> let's raid a @mrslethalplays social eating stream
[09:47:43] <AllyRosepetal> oh ok
[09:48:06] <newfieguy4> Sent u a whisper chef
[09:48:18] <Gotycki_Rosa> raid https://www.twitch.tv/spiritualjedi his birthday
[09:48:18] <@^cheflethalbot> Gotycki_rosa --> Ask for permission before posting a link! [Purge]
[09:48:19] <@Caitnippers> You left me when I said I couldnt have Lucy
[09:48:20] <Gotycki_Rosa> lol
[09:48:20] BAN: Gotycki_Rosa (1s)
[09:48:27] <AllyRosepetal> lol
[09:48:27] <@Caitnippers> you said*
[09:48:28] <Gotycki_Rosa> oops lol my bad
[09:48:32] <@Khostic> no links in chat rosa Kappa
[09:48:35] <@Caitnippers> lost
[09:48:36] <@Caitnippers> damn
[09:48:39] <@Caitnippers> I cant type
[09:48:46] <AllyRosepetal> pureRekt
[09:48:48] <Gotycki_Rosa> sorry jedis birthday
[09:48:56] <Gotycki_Rosa> he playing swtor
[09:48:58] UNMOD: mrslethalplays
[09:49:09] <Gotycki_Rosa> hes cool
[09:49:16] <ravioli_fabioso> eternal throne gameplay?
[09:49:22] <christilia> I played the old republic
[09:49:23] <Gotycki_Rosa> love ya too!
[09:49:32] <ravioli_fabioso> chefHeart
[09:49:38] <AllyRosepetal> <3
[09:49:45] <@Caitnippers> !social
[09:49:45] <@^cheflethalbot> TWITTER: twitter.com/cheflethalplays and hit that Follow button! YOUTUBE: https://www.youtube.com/c/ChefLethalPlays . INSTAGRAM: instagram.com/cheflethalplays!
[09:49:50] <@Caitnippers> !discord
[09:49:50] <@^cheflethalbot> Chef has recently opened up his Discord server to the whole community! Come join the party using this invite! https://discord.gg/Azqe2J7 Patreon Supporters have access to SECRET VIP rooms and stuff, too!
[09:50:02] <Gotycki_Rosa> chefHeart chefHeart chefHeart
[09:50:24] <AllyRosepetal> chefHeart chefHeart chefHeart chefHeart chefHeart chefHeart
[09:50:33] <newfieguy4> Your doin the gay-men? Hehe :-p jus gaming
[09:50:41] <~ChefLethalPlays> https://www.twitch.tv/purekaos26
[09:50:42] <~ChefLethalPlays> https://www.twitch.tv/purekaos26
[09:50:43] <~ChefLethalPlays> https://www.twitch.tv/purekaos26
[09:50:43] <~ChefLethalPlays> https://www.twitch.tv/purekaos26
[09:50:43] <Gotycki_Rosa> good to see you again Chef <3
[09:50:57] <~ChefLethalPlays> NomNom Chef Lethal Kitchen Raid
[09:50:59] <~ChefLethalPlays> NomNom Chef Lethal Kitchen Raid
[09:51:00] <~ChefLethalPlays> NomNom Chef Lethal Kitchen Raid
[09:51:00] <~ChefLethalPlays> NomNom Chef Lethal Kitchen Raid
[09:51:04] <AllyRosepetal> good to see ya chef :D
[09:51:20] <AllyRosepetal> NomNom Chef Lethal Kitchen Raid
[09:51:30] <AllyRosepetal> NomNom Chef Lethal Kitchen Raid :D
[09:51:50] <Gotycki_Rosa> lol
[09:51:58] <@Khostic> goodnight chef and chat <3 chefHeart
[09:51:59] <Gotycki_Rosa> have a good nite all <3
[09:52:03] <AllyRosepetal> Love ya Chef
[09:52:04] <AllyRosepetal> <3
[09:52:06] <@Caitnippers> caitLove
[09:52:08] <DoctorBooMD> have a good night @ChefLethalPlays and chat
[09:52:08] [Info] Now hosting PureKaos26.
[09:52:10] <christilia> Bye chef
[09:52:12] <AllyRosepetal> cya bastHi
[09:52:15] <DoctorBooMD> !cheese
[09:52:15] <@^cheflethalbot> doctorboomd [Mozzarella] - Cheese: 2474
[09:52:41] <christilia> Hi kaos!
[09:54:15] UNMOD: Caitnippers, Khostic
[09:59:04] ~Stream offline~
[10:12:24] Viewerstats (09:44-09:56): avg:68 min:61 max:78 [7/78+0-5-8-1-3+0_]
# Log closed: 2016-10-11 10:23:15 +0800
-
