# Log started: 2016-09-11 10:18:00 +0800
[10:18:00] Joining #reckful..
[10:18:00] ~Reckful - hair growing back PogChamp - day 20/21 (League of Legends)~
[10:18:00] You have joined #reckful
[10:18:00] MOD: Reynad27, Mrralphster, Reckful, Littleginger, Moneydoo, Kers55, Hotted89, Nightbot, Deputy_duck, Zombieforsale
[10:18:00] MOD: Jadefoxxfur, Exdeebot, Gapbl4, Macav1ty
[10:18:00] <Ludefice> 4Head
[10:18:01] <Xopurplehaze> HE PROLLY DID
[10:18:01] <FuryBerserker> its not
[10:18:02] <DrSheldore> she was uploading porn LUL
[10:18:02] MOD: Harrison_morde
[10:18:02] <PurplePanda32> crazy
[10:18:03] <gotree> he did
[10:18:03] <PhoxTrot> mid die
[10:18:03] <phailyor> HE DID
[10:18:03] <Pisquared> LUL
[10:18:03] <MehReg> Kappa
[10:18:03] <JukeJukem> LOL just saw clip
[10:18:03] <dagrothus> IT'S NOT UNLIKELY DUDE YOURE IN SILVER THAT HAPPENS EVERY OTHER GAME
[10:18:04] <creste1> THATS USUALLY WHY IM LAGGING LEGIT
[10:18:04] <Yahyan> THAT'S WHAT HAPPENED
[10:18:04] <sff45f> 4Head
[10:18:04] <Ability126> I CAN CONFIRM I AM SISTER
[10:18:04] <Genet1xz> he said i need money man
[10:18:05] <Pairate777> :tf:
[10:18:05] <phailyor> IT WAS
[10:18:05] <Wingsonmeth>* CALL MOM FeelsGoodMan CALL MOM FeelsGoodMan CALL MOM FeelsGoodMan CALL MOM FeelsGoodMan CALL MOM FeelsGoodMan CALL MOM FeelsGoodMan CALL MOM FeelsGoodMan CALL MOM FeelsGoodMan
[10:18:05] <Thyres> LUL
[10:18:06] <sevenskillz> Most likely
[10:18:06] <Sir_Kappanova> i think it actually was that way
[10:18:06] <Genet1xz> in game
[10:18:07] <sociopathtest> https://www.youtube.com/watch?v=WI0Twlt1aek I have been spaming for ever plz sir
[10:18:07] <refle3x> this isnt hearthstone
[10:18:07] <Fvckd_> I bet that dude paid him off
[10:18:07] <gunrunna> TILTING ALREADY
[10:18:07] <Sumo_Fred> 36
[10:18:07] <PaulTheDog> OH SHIT, THIS IS IT. THIS IS THE RUN, U GOT LOW PING, ITS 1:12
[10:18:08] <lospokes> it was
[10:18:08] <lemon_stealing_whor3> HER SISTER WAS WITH ME Kreygasm HER SISTER WAS WITH ME Kreygasm HER SISTER WAS WITH ME Kreygasm HER SISTER WAS WITH ME Kreygasm HER SISTER WAS WITH ME Kreygasm
[10:18:08] <kraken575> It's possible you're in silver
[10:18:08] <Teexl23> FUUUUUUCK
[10:18:08] <Kapriox> happy byroni FeeslGoodMan
[10:18:08] <Xwowx133> HE DID LOL
[10:18:08] <Coolstorym8> SHE WAS I CAN CONFIRM
[10:18:08] <Figgles> hes losing it
[10:18:08] <Drpoor> LUL
[10:18:08] <RoyUnderhill> ðŸ¤” why am i lvl 1
[10:18:08] <Bbcnig> Cx
[10:18:09] <Something_lol> u did
[10:18:09] <Evlgenious> CRAZY PERSON
[10:18:10] <IntelvsAMD> why did he say "I need the money"
[10:18:10] <fakersenpaiiiiii> HE DIDNT
[10:18:10] <KlausIsBackXD> @Reckful, the next event you go to im going to find you in your hotel room and scalp you, you stupid jew mother fuck
[10:18:10] <Cherrysun> HES A LIAR
[10:18:10] <SuperKurre> LUL
[10:18:11] <huntermaslowsky> horny virgins already talking about his sister FailFish
[10:18:11] <KingsandClubs> https://www.youtube.com/watch?v=gOzE-OpSdXU
[10:18:11] <gotree> HE DID THATS THE WORSE THING LUL
[10:18:11] <dagrothus> IT'S NOT UNLIKELY DUDE YOURE IN SILVER THAT HAPPENS EVERY OTHER GAME FailFIsh
[10:18:12] <phailyor> YEAH YOU DID
[10:18:12] <whyterice> YOU SAID CONCEDE = HEARTHSTONE
[10:18:12] <Bandtx> BRUH WHEN U DC U SOMETIMES GET VISUAL BUG FailFish
[10:18:12] <PC_Peasant> MOM BOOM ANELE MOM BOOM ANELE MOM BOOM ANELE
[10:18:12] <EiskalterSchiss> HE WAS LVL 1 CAUSE OF LAG+ RECONNECT BUG
[10:18:13] <sff45f> drugs FeelsGoodMan
[10:18:13] <kujikawa> hes lost it
[10:18:13] <treasurebandito> PEOPLE DO WATCH NETFLIX
[10:18:14] <l3adNamers> @Reckful He seemed dumb enough to belive it
[10:18:14] <WhackCheese> I'M HIS SISTER YOU ASSHOLE
[10:18:14] <alecs2233> WHY DID HE SAY I NEED MONEY THEN
[10:18:14] <ã‚¢ãƒ‹ãƒ¡ã®æ‹äºº> YES
[10:18:14] <dagrothus> YES
[10:18:14] <zanetazilisnkaite> cx
[10:18:15] <Britishpikachu> HE DID YOU SHOULD APOLOGIZE
[10:18:16] <%Acf3> YES
[10:18:16] <royaltybb> ðŸ¤” why am i lvl 1
[10:18:16] <phailyor> YOU DEFINITELY DID
[10:18:16] <Samb023> yes
[10:18:16] <Rapsfan231> YEAH
[10:18:16] <Haarknir> his sister was uploading porn
[10:18:16] <Kloony> yes
[10:18:16] <fireshade> bro that was most likely the case
[10:18:17] <Bbcnig> YESSS
[10:18:17] <Maotao11> U DID
[10:18:17] <SurrealLeftie> YES
[10:18:17] <Sir_Kappanova> yes
[10:18:17] <Xyles_O> yes
[10:18:17] <Something_lol> yeah
[10:18:17] <%+Dyrhoi> amu afk LUL
[10:18:18] <offtheWALZ> yes
[10:18:18] <TinkleTed> CiGrip CiGrip CiGrip CiGrip CiGrip CiGrip CiGrip CiGrip CiGrip CiGrip CiGrip CiGrip CiGrip CiGrip
[10:18:18] <les_sins> YES
[10:18:18] <@+^Nightbot> â“¸â“´ â„¬â„“É‘â„¨â„° â„‘È¶
[10:18:18] <huntermaslowsky> horny virgins already talking about his sister FailFish horny virgins already talking about his sister FailFish
[10:18:18] <sha_lex> I know his sister, we were Netflix and chill'n LuL
[10:18:18] <magickite> yes
[10:18:18] <Evlgenious> YEA
[10:18:18] <farmvilleguy> Yes
[10:18:18] <EiskalterSchiss> YES
[10:18:18] <kargur> YES
[10:18:18] <Cherrysun> no
[10:18:18] <ImCrazyDD> yes it can happen
[10:18:19] <Danielnichiata> SAY SURRENDER
[10:18:19] <%Snitchu> yes :tf:
[10:18:19] <Unbrokenlol1111> Yeah...
[10:18:19] <Taryn71> yea
[10:18:19] <Kukumbaz> YES
[10:18:19] <fireshade> yes
[10:18:19] <Thyres> YES
[10:18:19] <silverblazze> yes Kappa
[10:18:19] <GarbagePlayers> yea
[10:18:20] <Pairate777> Yes :tf:
[10:18:20] <spxZ> YES
[10:18:20] <Cherrysun> NO
[10:18:20] <Alphabeat_g> NOPE
[10:18:20] <Yahyan> YES
[10:18:20] <haxzorlive> yes Kappa
[10:18:20] <%KatDawg7> CALL JENNA FeelsGoodMan CALL JENNA FeelsGoodMan CALL JENNA FeelsGoodMan CALL JENNA FeelsGoodMan
[10:18:20] <%TTorsen> NO
[10:18:20] <badlski> yes
[10:18:20] <Whatsoever2> YEA
[10:18:20] <creste1> YES
[10:18:20] <MomoGamerzz> WHY THE FUCK NOT NotLikeThis
[10:18:20] <Oscar4732> yes
[10:18:20] <Maotao11> YES
[10:18:20] <Samb023> porn
[10:18:21] <Fvckd_> no
[10:18:21] <Wiids> YES
[10:18:21] <Therealsnake1> @reckful Byron go rest man, you're only bringing yourself down because of all of these people
[10:18:21] <Zachaotic> AMUMU AFK LUL
[10:18:21] <phailyor> YES
[10:18:21] <KlausIsBackXD> @Reckful, the next event you go to im going to find you in your hotel room and scalp you, you stupid jew mother fuck.
[10:18:21] <lazerf0x> LUL
[10:18:21] <fakersenpaiiiiii> NO
[10:18:22] <Mind_ifi_roll_weed> she was watching hentai VoHiYo
[10:18:22] <Xwowx133> YES
[10:18:22] <PaulTheDog> yes
[10:18:22] <Volarionn> no
[10:18:22] <daffyrino> <3 <3
[10:18:22] <skinny_knight> NETFLIX AND CHILLING
[10:18:22] <Thamastah> no
[10:18:22] <Muzzalol> we were netflix and chillin
[10:18:22] <Trippletimer> yes Kappa
[10:18:23] <stefanxz> yes
[10:18:23] <PaulTheDog> so?
[10:18:23] <kargur> SO WHAT
[10:18:23] <very_offensive> yes
[10:18:23] <PeRFeCT51> yyes
[10:18:23] <Sycto> its def possible
[10:18:23] <Quantumplate> yes
[10:18:24] <nunix16> yes
[10:18:24] <blehlol> YES
[10:18:24] <%Zaheer12a> she was streaming on a camsite Kappa
[10:18:24] <sociopathtest> https://www.youtube.com/watch?v=WI0Twlt1aek THIS IS THE ANSEWER
[10:18:24] <ã‚¢ãƒ‹ãƒ¡ã®æ‹äºº> WHAT NO ONE SAID THAT
[10:18:24] <biglo21> HIS SISTER NEEDED TO WATCH PRETTY LITTLE LIARS U FUKER
[10:18:25] <supergachiman> YES Kappa
[10:18:25] <MomoGamerzz> He said hearthstone cause you said concede NotLikeThis
[10:18:25] <phailyor> WE ARENT ALL RICH
[10:18:25] <nCogN2Burri2> my sis is watching netflix..
[10:18:25] <readmynameples> HE didn't know
[10:18:25] <ExileD32> Yes
[10:18:25] <treasurebandito> NETFLIX IS A POPULAR APP WHERE YOU CAN WATCH TV SHOWS
[10:18:25] <Excroat3> NO
[10:18:25] <Drpoor> Yes :tf:
[10:18:26] <Unbrokenlol1111> no
[10:18:26] <Wolfsythe1> YOU SAID CONCEDE
[10:18:26] <W0lfyB> LOL
[10:18:26] <Cherrysun> YES :TF:
[10:18:26] <Evlgenious> YOU SAID CONCEDE BYRON
[10:18:26] <zanetazilisnkaite> TriHard HE SAID IT
[10:18:26] <toby_sage> YES
[10:18:27] <Kukumbaz> its fucking SATURDAY YOU CUCKBOY
[10:18:27] <dagrothus> THEY DIDN'T, EVERYONE KNOWS ABOUT HEARTHSTONE
[10:18:27] <thisisjadin> HE SAID HE NEEDED MONEY PogChamp
[10:18:28] <Calvinvng> its cause you said concede instead of surrender
[10:18:28] <fakersenpaiiiiii> NOPE
[10:18:28] <kylegetspwnt> @reckful YOU SAID CONCEDE
[10:18:28] <Coolstorym8> https://clips.twitch.tv/reckful/LongEagleSoBayed https://clips.twitch.tv/reckful/LongEagleSoBayed https://clips.twitch.tv/reckful/LongEagleSoBayed https://clips.twitch.tv/reckful/LongEagleSoBayed https://clips.twitch.tv/reckful/LongEagleSoBayed https://clips.twitch.tv/reckful/LongEagleSoBayed
[10:18:28] BAN: Coolstorym8 (10s)
[10:18:29] <KlausIsBackXD> @Reckful, the next event you go to im going to find you in your hotel room and scalp you, you stupid jew mother fuck
[10:18:29] <Bandtx> LMAO AMUMU RIP FailFish
[10:18:29] <Elquinez> YES HIS SISTER WAS WATCHING NETFLEX, I WAS BANGING HER AT THE SAME TIME
[10:18:29] <MehReg> :tf:
[10:18:29] <river42> YES LUL
[10:18:29] BAN: Coolstorym8 (10s)
[10:18:30] <kargur> SO WHATT
[10:18:30] <Cherrysun> YES :tf:
[10:18:30] <Cryandie> it was real and concede isnt used in LOL we say surrender or FF @Reckful
[10:18:30] <VeloursRouge> this is such an uncomfortable stream
[10:18:30] <aYvaAa> YEAH
[10:18:31] <Sysonwow> imagine if you was a real dude and actually talked about games irl might get your ass beat
[10:18:31] <HideInYellow> LMAO
[10:18:31] <infratoryx> QUEST HIS SISTER FeelsGoodMan
[10:18:31] <phailyor> SOME OF US SHARE INTERNET
[10:18:31] <%Doniac> LUL
[10:18:31] <Wiids> YOU SAID CONCEDE NOT FORFEIT
[10:18:32] <Algonkins> maybe that guy plays hearthstone
[10:18:33] <Kixkk> !uptime
[10:18:33] <jamiexoxoxoxo> YOU SAID CONCEDE = HEARTSTHONE
[10:18:33] <supergachiman> HE SAID IT TriHard
[10:18:33] <bossinx> "I need the money" - yasuo 2016
[10:18:33] <@+^Nightbot> Kixkk 15 hours, 42 minutes
[10:18:34] <Yahyan> :tf:
[10:18:34] <LurkingWololo> i do. you said concede so thats why hearthstone
[10:18:35] <readmynameples> YOU SAID CONCEDE
[10:18:35] <RoyUnderhill> :tf:
[10:18:35] <river42> QUEST HIS SISTER FeelsGoodMan QUEST HIS SISTER FeelsGoodMan QUEST HIS SISTER FeelsGoodMan QUEST HIS SISTER FeelsGoodMan QUEST HIS SISTER FeelsGoodMan QUEST HIS SISTER FeelsGoodMan QUEST HIS SISTER FeelsGoodMan QUEST HIS SISTER FeelsGoodMan
[10:18:36] <Rosbifes> NO YOU SAID CONCEDE
[10:18:36] <%opjuice> yeah people in chat are trolling
[10:18:37] <FuryBerserker> @Reckful you said ''concende'' like HS
[10:18:37] <ItzVino> LOLLLLL
[10:18:37] <gotree> IT WAS BECAUSE YOU SAID CONCEDE INSTEAD OF SURRENDER
[10:18:37] <%+Dyrhoi> AMUMU AFK LUL
[10:18:37] <IntelvsAMD> maybe he offered $100
[10:18:37] <sociopathtest> https://www.youtube.com/watch?v=WI0Twlt1aek THIS IS THE STUFF
[10:18:37] <Lohtric> i was watching netflix with his sister
[10:18:38] <Gingerminty> Dude, you're @reckful, everyone knows you. lol
[10:18:39] <Zerker4ever> HE SAID IT TriHard
[10:18:39] <Pisquared> LUL LUL
[10:18:39] <Kukumbaz> I OFFERED HIM $100 JEW
[10:18:39] <nCogN2Burri2> but he wasnt throwing
[10:18:40] <KlausIsBackXD> @Reckful, the next event you go to im going to find you in your hotel room and scalp you, you stupid jew mother fuck.
[10:18:41] <Suppie2g> LUL
[10:18:41] <treasurebandito> @Reckful IM HIS SISTER FAM, I WAS WATCHING SHREK
[10:18:42] <kylegetspwnt> @reckful YOU SAID CONCEDE NOT FF
[10:18:42] <Berkanadam> QUEST HIS SISTER LUL
[10:18:42] <phailyor> YOU SAID CONCEDE
[10:18:42] <skinny_knight> HE WAS NETFLIX AND CHILLING WITH HIS SISTER LUL
[10:18:42] <Xyles_O> you said concede retard
[10:18:42] <Therealbuttmanofdeath> NotLikeThis
[10:18:42] <Amigogang> HE WANTED TO TRIGGER U U DUMB JEEEEEEEEEEEEEEWWWWWWWWWWWWW
[10:18:42] <Voychoi> CONCEDE ITS A HEARTHSTONE THING
[10:18:43] <Cherrysun> IT WASNT MORE
[10:18:43] <D00MBRINGER23> trolling knows no bounds not even monetary
[10:18:43] <CynicalVortex> U SAID CONCEDE THATS HOW HE KNEW
[10:18:43] <Bbcnig> He is Smart FeelsGoodMan
[10:18:44] <drinthap> PARANOIDFUL
[10:18:44] <Chromen66> you said concede!
[10:18:44] <gotree> HE DIDNT KNOW, HE WAS JUST TROLLING BRO
[10:18:44] <daffyrino> 5 dollars is 5 dollars LUL 5 dollars is 5 dollars LUL 5 dollars is 5 dollars LUL
[10:18:44] <%Snitchu> MIND GAMES :tf:
[10:18:44] <MordekaiserN1> QUEST HIS SISTER FeelsGoodMan QUEST HIS SISTER FeelsGoodMan QUEST HIS SISTER FeelsGoodMan QUEST HIS SISTER FeelsGoodMan QUEST HIS SISTER FeelsGoodMan QUEST HIS SISTER FeelsGoodMan QUEST HIS SISTER FeelsGoodMan QUEST HIS SISTER FeelsGoodMan
[10:18:45] <nawncentz> YOU SAID CONCEDE. CONCEDE = HS TERM
[10:18:45] <dagrothus> YOU OFERED THE MONEY FIRST
[10:18:45] <nCogN2Burri2> on purpose
[10:18:45] <Ruzmuz> YOU SAID CONCEDE
[10:18:45] <McDobo> TriHard HE SAID IT TriHard HE SAID IT TriHard HE SAID IT
[10:18:47] <kujikawa> how do you know hwo much he was offered?
[10:18:47] <ElectroV0rtex> FeelsBadMan this FeelsBadMan used FeelsBadMan to FeelsBadMan be FeelsBadMan an FeelsBadMan interactive FeelsBadMan stream FeelsBadMan
[10:18:47] <lshaml> Reckful is retarded
[10:18:47] <huntermaslowsky> horny virgins already talking about his sister FailFish
[10:18:47] <EiskalterSchiss> YOU SAID CONCEDE THATS WHY THEY SAY HEARTHSTONE
[10:18:48] <gunrunna> hi plz win thx
[10:18:48] <Cherrysun> IT WASNT MORE THAN THE OTHER GUY OFFERED
[10:18:48] <FuryBerserker> concede*
[10:18:48] <biglo21> PUT UR SEED IN HIS SISTER
[10:18:49] <refle3x> guy offered more
[10:18:49] <Theguy1> HE WAS TELLING THE TRUTH, I WAS FUCKING HIS SISTER
[10:18:49] <kraken575> YOU SAID CONCEDE
[10:18:50] <doppler33> he said "i need money man" because you were acting like a asshole so he wanted to troll you FailFish
[10:18:50] <HoHeyHoHey> You said concede
[10:18:50] <midnas_> CONCEDE ITS A HEARTHSTONE THING
[10:18:50] <Danielnichiata> YOU SAID CONCEDE FailFish YOU SAID CONCEDE FailFish
[10:18:51] <Sockeys> IT WASNT MORE LUL
[10:18:51] <Samb023> maybe he knew you from hs
[10:18:51] <KlausIsBackXD> @Reckful, the next event you go to im going to find you in your hotel room and scalp you, you stupid jew mother fuck
[10:18:51] <Therealsnake1> @reckful Byron go rest man, you're only bringing yourself down because of all of these people
[10:18:51] <%+Dyrhoi> :tf: worth
[10:18:51] <sociopathtest> https://www.youtube.com/watch?v=WI0Twlt1aek THROW FOR NUDES
[10:18:52] <Kwuall> @Reckful, I offered him 100 LUL
[10:18:52] <kamraten> its not about the money, its about sending a message LEL
[10:18:52] <Bbcnig> UR A CRAZY JEW FailFish
[10:18:52] <0000000000000000000_pleb1> 15 hour stream WutFace reckClap
[10:18:53] <%Dabie1234> :tf:
[10:18:53] <TinkleTed> CiGrip VITAMIN D CiGrip VITAMIN D CiGrip VITAMIN D CiGrip VITAMIN D CiGrip VITAMIN D CiGrip VITAMIN D CiGrip VITAMIN D CiGrip VITAMIN D CiGrip
[10:18:53] <@+^Nightbot> â“¸â“´ â„¬â„“É‘â„¨â„° â„‘È¶
[10:18:54] <Oscar4732> hehe xD
[10:18:54] <river42> ðŸ¤”
[10:18:54] <obitorules> PARANOID LUL
[10:18:54] <lemon_stealing_whor3> LOL
[10:18:55] <Sir_Kappanova> concede= hearthstone forfeit=LoL
[10:18:57] <m1rAcLes> @reckful they said about Hearthstone because you said CONCEDE
[10:18:57] <emezzzzz> dude, you trolled more than any other person in that game
[10:18:57] <thef4ggit1> RECKFUL WE ARE BALDING CUZ OF EXCESSIVE MASTURBATING. WE NEED TO STOP @Reckful
[10:18:57] <les_sins> ONLY REASON HE SAID HEARTHSTONE IS CAUSE YOU SAID CONCEDE @Reckful
[10:18:57] <Samb023> :tf: LUL
[10:18:58] <thisisjadin> :tf: I offered Yasuo more than $50 :tf:
[10:18:58] <KlausIsBackXD> @Reckful, the next event you go to im going to find you in your hotel room and scalp you, you stupid jew mother fuck.
[10:18:58] <EiskalterSchiss> HE WAS TELLING THE TRUTH
[10:18:58] <gotree> YOU SAID CONCEDE INSTEAD OF SURRENDER
[10:18:58] <supergachiman> :tf:
[10:18:59] <Kotuqt> its kinda getting funny now tho lol
[10:18:59] <Twosmall> He said I need money to be funny, probably.
[10:19:02] <ElectroV0rtex> FeelsBadMan this FeelsBadMan used FeelsBadMan to FeelsBadMan be FeelsBadMan an FeelsBadMan interactive FeelsBadMan stream FeelsBadMan .
[10:19:04] <Haarknir> SOME MEN JUST WANT TO SEE THE WORLD BURN FeelsBadMan
[10:19:05] <M_U_D_K_I_P> concede was a word before hearthstone you stupid fucks
[10:19:05] <%David18645> reckRage
[10:19:06] <Platypustamer> Trolling you is definitely worth it. Look at this shit lol
[10:19:06] <%+Dyrhoi> CS LUL
[10:19:07] <KoziRekt> BAM Cx
[10:19:07] <zanetazilisnkaite> Cx
[10:19:07] <ketchuponthedog> get adderal
[10:19:08] <Dark_Binder> paranoid jew FeelsBadMan
[10:19:08] <Alaxai> CONCEDE IS HEARTHSTONE TERMINOLOGY
[10:19:08] <%Snitchu> SeemsGood
[10:19:09] <%Dabie1234> i need money Kappa
[10:19:09] <BestBunnyEverNA> CS
[10:19:10] <Samb023> aalive
[10:19:11] <ketchuponthedog> LUL
[10:19:11] <KlausIsBackXD> @Reckful, the next event you go to im going to find you in your hotel room and scalp you, you stupid jew mother fuck
[10:19:11] <HaraaAamOp> XD
[10:19:11] <supergachiman> LUL
[10:19:11] <MrShamie> Last hit BibleThump
[10:19:12] <metrad> anyone have an oddshot of reckful yelling?
[10:19:12] <zanetazilisnkaite> BAM Cx
[10:19:13] <Thamastah> Sir_Kappanova, its surrender not forfit
[10:19:13] <Yahyan> Cx LUL
[10:19:13] <ç¬¬äº”ä¸ªå¸Œæœ›> reynad in chat
[10:19:14] <Mincognito> !uptime
[10:19:14] <river42> Cx
[10:19:15] <@+^Nightbot> Mincognito 15 hours, 43 minutes
[10:19:15] <Bbcnig> 2
[10:19:15] <Vwitkowsk> @reckful COnspiRaCy? I THinK So
[10:19:16] <Erythroxlym> 2/5
[10:19:16] <ElectroV0rtex> FeelsBadMan this FeelsBadMan used FeelsBadMan to FeelsBadMan be FeelsBadMan an FeelsBadMan interactive FeelsBadMan stream FeelsBadMan ...
[10:19:16] <N1njaTac0z> Troll haHAA
[10:19:16] <nCogN2Burri2> he didnt want to take ur money for wronging u bc he wasnt wronging u
[10:19:16] <Ruzmuz> YOU SAID CONCEDE THATS WHY HE MENTIONED HEARTHSTONE
[10:19:16] BAN: N1njaTac0z (300s)
[10:19:18] <treasurebandito> HIS SISTER WAS WATCHING TOY STORY AND YOURE PUTTING HIM ON BLAST
[10:19:18] <Areth4> that level one is not possible @Reckful
[10:19:19] <Voychoi> HE WAS THE ONE WATCHING NETFLIX
[10:19:19] <bossinx> PogChamp
[10:19:19] <Zerker4ever> SAY IT AGAIN TriHard
[10:19:19] <@+^Nightbot> PogChamp
[10:19:19] <AkizzRs> Daily Kappa .
[10:19:20] <MatzoBallSoup> @reckful call coach
[10:19:20] <Lohtric> Cx Cx
[10:19:20] <Mind_ifi_roll_weed> 1 cs a minute PogChamp
[10:19:20] <river42> LUL
[10:19:21] <jsbri> I remember when u had light in your room and u had colorful shirts...
[10:19:22] <DisguisedSpy> LUL PEOPLE STILL WATCH THIS MANCHILD LUL
[10:19:23] <nCogN2Burri2> maybe
[10:19:23] <sociopathtest> https://www.youtube.com/watch?v=WI0Twlt1aek NOW HE CAN EAT CUZ OF YOUR STREAM
[10:19:24] <%+Dyrhoi> 50% PogChamp
[10:19:24] <SuperKurre> ONLY REASON HE SAID HEARTHSTONE IS CAUSE YOU SAID CONCEDE @Reckful
[10:19:25] <NotAGymLdr> 2 cs 2 minutes PogChamp
[10:19:25] <Bendings> Kappa
[10:19:26] <Bbcnig> Kappa
[10:19:26] <Therealsnake1> @reckful Byron go rest man, you're only bringing yourself down because of all of these people
[10:19:26] <Erythroxlym> 3/7
[10:19:26] <PurplePanda32> it wouldn't have mattered
[10:19:26] <Samb023> LUL
[10:19:28] <MomoGamerzz> Nice ward reckClap
[10:19:28] <%Dabie1234> Daily LUL
[10:19:29] <prussia45> i came here from lfg chat in wow. talking about reckgul LUL
[10:19:30] <Genozi> :)
[10:19:32] <bossinx> 4
[10:19:32] <aYvaAa> PedoBear
[10:19:32] <Rapsfan231> lol
[10:19:32] <supergachiman> PedoBear
[10:19:33] <Raedos> @reynad27 Kappa
[10:19:33] <greenstackred> PedoBear
[10:19:33] <Mind_ifi_roll_weed> TriHard
[10:19:34] <river42> 1 CS PER MINUTE PogChamp
[10:19:35] <zanetazilisnkaite> ANELE
[10:19:35] <lemon_stealing_whor3> ANELE
[10:19:35] <Bbcnig> East La ?
[10:19:35] <@%MrRalphster> SAYID
[10:19:36] <nCogN2Burri2> the tilt has begun
[10:19:36] <XGrimajowX> Relaxing and League LUL
[10:19:36] <Erythroxlym> 4/8
[10:19:36] <Samb023> WutFace inc
[10:19:36] <Teexl23> oddshot
[10:19:37] <ZenfulGaming> NOR CAL REPRESENT
[10:19:37] <electricicy> Calling a 8 year old a whore
[10:19:37] <D00MBRINGER23> leage and relaxing in the same sentence k
[10:19:38] <Geotree26> TriHard
[10:19:38] <A1Soucy> @Reckful dumbass.. you said concede ... that is HS that is how he knew that
[10:19:38] <%Snitchu> ANELE
[10:19:38] <OKish_Player> ANELE
[10:19:38] <RoyUnderhill> CoolCat
[10:19:38] <Mind_ifi_roll_weed> WE CHILLIN TriHard
[10:19:39] <rubikscube44> KKool in the chat
[10:19:39] <BillNyeThePieGuy> TriHard
[10:19:39] <hanson64> WESTSAYIIIIIIDE
[10:19:40] <Yahyan> ANELE
[10:19:40] <Ludefice> WEST SAID ANELE
[10:19:40] <Zeeba_> West ANELE ?
[10:19:41] <Thyres> ANELE
[10:19:41] <Teexl23> ODDSHOT THE RECKRAGE
[10:19:41] <ANELE_xD> EID? ANELE
[10:19:41] <Bandtx> U FCK ANNIE LUL\
[10:19:41] <Voychoi> :)
[10:19:42] <KlausIsBackXD> @Reckful, the next event you go to im going to find you in your hotel room and scalp you, you stupid jew mother fuck.
[10:19:42] <sociopathtest> https://www.youtube.com/watch?v=WI0Twlt1aek CHILL WILL THIS ID
[10:19:42] <0000000000000000000_pleb1> 7 year old whore WutFace ?
[10:19:43] <Wingsonmeth> ISRAEL DAYS <3 ANELE
[10:19:44] <poisenedsoul> Nor Cal
[10:19:44] <AkizzRs> Kappa doesn't break
[10:19:44] <Yahyan> SAEED? ANELE
[10:19:45] <GoExplode> CoolCat
[10:19:45] <Erythroxlym> 5/9
[10:19:45] <MetaSMD> ANELE
[10:19:45] <machooski> <3 <3 <3 <3 <3 <3 <3
[10:19:46] <Algonkins> SAID ANELE
[10:19:46] <river42> LUL
[10:19:46] <supergachiman> ANELE
[10:19:47] <fakersenpaiiiiii> ANELE
[10:19:47] <Mind_ifi_roll_weed> ANELE
[10:19:48] <MehReg> ANELE
[10:19:48] <poisenedsoul> califronia
[10:19:48] <TheWelshLlama> MOM BOOM
[10:19:49] <%Snitchu> ANELE MOM BOOM
[10:19:49] <mackoka3> Kappa
[10:19:49] <Alaxai> the terrorist won. byron will always be paranoid FeelsBadMan
[10:19:49] <HaraaAamOp> XDDD
[10:19:50] <KlausIsBackXD> @Reckful, the next event you go to im going to find you in your hotel room and scalp you, you stupid jew mother fuck @Reckful, the next event you go to im going to find you in your hotel room and scalp you, you stupid jew mother fuck
[10:19:50] <Ibngwithnopants> WE CHILLIN haHAA
[10:19:50] BAN: Ibngwithnopants (300s)
[10:19:50] <aYvaAa> ANELE
[10:19:51] <Erythroxlym> 6/10
[10:19:51] <i2net> chllin ANELE
[10:19:53] <supergachiman> BOOM ANELE
[10:19:53] <Samb023> LUL NA Q
[10:19:54] <Mind_ifi_roll_weed> KAPOW ANELE KAPOW
[10:19:54] <Hellomynameisname> https://clips.twitch.tv/reckful/PowerfulBeeArgieB8
[10:19:54] <Predaxio> WEST SIDE? ITS 4 AM BrokeBack
[10:19:54] <misterhughglass> GivePLZ TakeNRG
[10:19:55] <UnorthodoxCringe> LUL
[10:19:56] <badlski> ANELE BOOM
[10:19:56] <AkizzRs> Press Kappa for golden Kappa !!!
[10:19:56] <ozokimarou> HE SAID IT ANELE
[10:19:56] <ic3b0rg> ANELE âœˆ â–Œ â–ŒSORRY I SPACED OUT ANELE âœˆ â–Œ â–ŒSORRY I SPACED OUT ANELE âœˆ â–Œ â–ŒSORRY I SPACED OUT
[10:19:56] <Sysonwow> west coast is weak
[10:19:57] <Ueana> gachiGASM
[10:19:57] <Wingsonmeth> GET HIT deIlluminati
[10:19:59] <bolachabiscoito> PogChamp
[10:19:59] <MehReg> MOM BOOM
[10:19:59] <@+^Nightbot> PogChamp
[10:20:00] <ElectroV0rtex> West Sahid ANELE
[10:20:00] <bossinx> WutFace
[10:20:00] <sociopathtest> https://www.youtube.com/watch?v=WI0Twlt1aek MY FINERS ARE GETTING TIRED
[10:20:01] <Erythroxlym> 7/13
[10:20:01] <McDobo> ANELE 2 more day NA ANELE
[10:20:03] <KlausIsBackXD> @Reckful, the next event you go to im going to find you in your hotel room and scalp you, you stupid jew mother fuck
[10:20:03] <daffyrino> 9/11 cs ANELE
[10:20:03] <D00MBRINGER23> pro level cs
[10:20:04] <Bbcnig> U did
[10:20:04] MOD: Nowstreamingfulltimekappa
[10:20:05] <Amigogang> bad
[10:20:05] <jsbri> go out, catch some sun.
[10:20:05] <MomoGamerzz> :plane:
[10:20:05] <Sir_atomo> Forfeit = League Concede= Heartstone
[10:20:06] <Bluepurgatory> bad...
[10:20:06] <xxxweroxxx> LUL
[10:20:06] <Ludefice> 1:12 PogChamp
[10:20:06] <pablopicass0> LUL
[10:20:06] <Bandtx> LUL
[10:20:07] <im_ethan_bradb3rry> I r8 ur gameplay 9/11
[10:20:07] <Lordpaez> NotLikeThis
[10:20:07] <kawochii> LUL
[10:20:08] <river42> REYNAD STILL HERE FeelsGoodMan
[10:20:08] <Kerfala> BYRONZE LUL
[10:20:08] <xnitely> GET HIT WutFace
[10:20:08] <bolachabiscoito> LUL
[10:20:09] <miksa25> I HAD SEX WITH A GIRL TONIGHT AND YOU? WATCHI NG STREAM? NICE NICE MAN YOU ARE EleGiggle
[10:20:09] <zonegraff> LUL
[10:20:09] <lmaokaigg420> ANNIE IS BRONZE 4ANNIE IS BRONZE 4ANNIE IS BRONZE 4ANNIE IS BRONZE 4ANNIE IS BRONZE 4ANNIE IS BRONZE 4ANNIE IS BRONZE 4ANNIE IS BRONZE 4ANNIE IS BRONZE 4ANNIE IS BRONZE 4ANNIE IS BRONZE 4
[10:20:09] <Mad_Life> NA CS LUL
[10:20:12] <Coolstorym8> https://clips.twitch.tv/reckful/LongEagleSoBayed
[10:20:12] <toastrecneps> LUL
[10:20:12] <supergachiman> LUL
[10:20:12] <Theguy1> MISSED LUL
[10:20:13] <%kikiraa> @reckful I'm sorry people DC'd on you, that really really sucks. Don't be discouraged! You play very very well, you're an amazing person, you have an awesome stream, and you also have a ton of people who love and support you!
[10:20:15] <MrShamie> CANNON BibleThump
[10:20:15] <Kapituhlize> NA W
[10:20:17] <TRUS8> Cs God
[10:20:17] <midnas_> @prussia45, https://clips.twitch.tv/reckful/StrangePartridgeKappaPride rageful
[10:20:17] <G3fo> I can't watch this NotLikeThis
[10:20:18] <Wingsonmeth> VisLaud
[10:20:18] <nCogN2Burri2> spell all ur cs ftw
[10:20:18] <Mind_ifi_roll_weed> PogChamp
[10:20:19] <Pairate777> !rank
[10:20:19] <Ryzepwns> NA VCOUNTERSTRIKE LUL
[10:20:20] <@+^Nightbot> Pairate777, Byronze's current rank: Silver V | op.gg: http://na.op.gg/summoner/userName=Byronze
[10:20:20] <sociopathtest> https://www.youtube.com/watch?v=WI0Twlt1aek JUST CLICK AND I WILL BE HAPPY
[10:20:21] <Mind_ifi_roll_weed> PogChamp
[10:20:21] <KlausIsBackXD> @Reckful, the next event you go to im going to find you in your hotel room and scalp you, you stupid jew mother fuck @Reckful, the next event you go to im going to find you in your hotel room and scalp you, you stupid jew mother fuck
[10:20:21] <KingsandClubs> https://www.youtube.com/watch?v=gOzE-OpSdXU
[10:20:22] <Heart_Of_The_Oak> has he figured out E does damange yet?
[10:20:22] <Areth4> @Reckful, even if he had a "level one bug" it would only be visual and he would know he wasn't level one because he would have 5 skill points
[10:20:22] <Samb023> PogChamp
[10:20:22] <Mind_ifi_roll_weed> PogChamp
[10:20:22] <miksa25> I HAD SEX WITH A GIRL TONIGHT AND YOU? WATCHI NG STREAM? NICE NICE MAN YOU ARE EleGiggle LUL
[10:20:23] <StainXIII> annie tried to trade in the middle of 10 minions LUL
[10:20:23] <DefaL_> CANNON
[10:20:23] <MetaSMD> PogChamp
[10:20:23] <nCogN2Burri2> but save mana
[10:20:25] <Thyres> PogChamp
[10:20:26] <lmaokaigg420> ANNIE IS BRONZE 4ANNIE IS BRONZE 4ANNIE IS BRONZE 4ANNIE IS BRONZE 4ANNIE IS BRONZE 4
[10:20:26] <zioshimas> PogChamp
[10:20:28] <Heart_Of_The_Oak> damage too
[10:20:28] <%Snitchu> cmonBruh
[10:20:29] <Enzyi> INC GANK
[10:20:29] <river42> PogChamp
[10:20:29] <@+^Nightbot> PogChamp
[10:20:30] <gotree> PogChamp
[10:20:30] <BestBunnyEverNA> NO D
[10:20:30] <Xwowx133> PogChamp
[10:20:31] <KlausIsBackXD> @Reckful, the next event you go to im going to find you in your hotel room and scalp you, you stupid jew mother fuck
[10:20:31] <Mind_ifi_roll_weed> HIT THAT BITCH TriHard
[10:20:32] <%Dabie1234> PogChamp
[10:20:32] <nCogN2Burri2> spell ur cs
[10:20:33] <toastrecneps> No d FeelsBadMan
[10:20:34] <miksa25> I HAD SEX WITH A GIRL TONIGHT AND YOU? WATCHI NG STREAM? NICE NICE MAN YOU ARE EleGiggle LMAO
[10:20:35] <OKish_Player> this cs LUL;
[10:20:35] <river42> NO D LUL
[10:20:35] <Ryzepwns> CHAT TELL ME IS CS=COUNTERSTRIKE?????
[10:20:36] <Therealsnake1> @reckful Byron go rest man, you're only bringing yourself down because of all of these people
[10:20:36] <supergachiman> NO D LUL
[10:20:37] <Muji25> annie is bronze 4 LUL
[10:20:37] <OKish_Player> this cs LUL
[10:20:38] <%HadesTheDkGod> @Reckful, the next event you go to im going to find you in your hotel room and scalp you, you stupid jew mother fuck @Reckful, the next event you go to im going to find you in your hotel room and scalp you, you stupid jew mother fuck
[10:20:38] <Samb023> cmonBruh
[10:20:43] <KlausIsBackXD> @Reckful, the next event you go to im going to find you in your hotel room and scalp you, you stupid jew mother fuck @Reckful, the next event you go to im going to find you in your hotel room and scalp you, you stupid jew mother fuck
[10:20:43] <seeiyanerds> PedoBear
[10:20:44] <toby_sage> CS LUL
[10:20:44] <Bandtx> OH GOD
[10:20:44] <lemon_stealing_whor3> LUL
[10:20:44] <river42> 4Head
[10:20:44] <sociopathtest> https://www.youtube.com/watch?v=WI0Twlt1aek MAN I AM IN THE SAD ZONE SAVE MY DAY
[10:20:44] <Pairate777> kickman21 Bronze 4 (97 LP)
[10:20:45] <BillNyeThePieGuy> pedoBear
[10:20:45] <Alaxai> think about your CS'ing pattern NotLikeThis
[10:20:45] <Ryzepwns> CHAT TELL ME IS CS=COUNTERSTRIKE?????????
[10:20:45] <OnlyInferior> LOW ECONOMY STYLE LUL
[10:20:46] <Sneke_> PedoBear
[10:20:46] <stark0s> PogChamp pm me for PORN PogChamp
[10:20:46] <OKish_Player> PedoBeart
[10:20:46] <beagles1337> PedoBear
[10:20:47] <kawochii> PedoBear
[10:20:47] <dagrothus> PedoBear Kreygasm
[10:20:47] <BillNyeThePieGuy> PedoBear
[10:20:48] <greenstackred> PedoBear
[10:20:49] <OKish_Player> PedoBear
[10:20:49] <ORIONBOUND> PedoBear
[10:20:49] <Thyres> PedoBear
[10:20:49] <wCFrOBerT> ðŸ¤”
[10:20:51] <Yahyan> PedoBear
[10:20:51] <%Acf3> SourPls
[10:20:51] <%+Dyrhoi> PedoBear
[10:20:51] <kargur> PedoBear
[10:20:51] <Mind_ifi_roll_weed> TriHard
[10:20:52] <Ry4nR> PedoBear
[10:20:52] <rylansykes2> LOL
[10:20:52] <supergachiman> PedoBear
[10:20:53] <PurplePanda32> lalahofhdo
[10:20:53] <stark0s> PogChamp pm me for PORN PogChamp
[10:20:53] <treasurebandito> ANNIE GROWS
[10:20:53] <qualityfart> aaaand it's out there
[10:20:53] <ZenfulGaming> RAPEFUL
[10:20:53] <DrSheldore> SourPls
[10:20:53] <hanson64> PROVOCATIVE
[10:20:53] <McDobo> gachiGASM
[10:20:53] <Drpoor> PedoBear
[10:20:54] <river42> PedoBear
[10:20:54] <voltick> PedoBear
[10:20:54] <KlausIsBackXD> @Reckful, the next event you go to im going to find you in your hotel room and scalp you, you stupid jew mother fuck
[10:20:54] <Ryzepwns> CHAT TELL ME IS CS=COUNTERSTRIKE?????
[10:20:55] <Sobern01> PedoBear
[10:20:55] <HappyWaifu> BECAUSE YOU ARE A PEDO LUL
[10:20:55] <%DJofWarr> DansGame
[10:20:55] <%Snitchu> BrokeBack
[10:20:55] <Greenstuffguy> CiGrip BLAZE CiGrip IT CiGrip BOYS CiGrip
[10:20:55] <@+^Nightbot> â“¸â“´ â„¬â„“É‘â„¨â„° â„‘È¶
[10:20:55] <Bendings> LUL
[10:20:55] <Bandtx> ALL THAT JUNK INSIDE THAT 7 YEAR OLD TRUNK LUL
[10:20:56] <jsbri> it's 3am here. imma go to sleep
[10:20:56] <Oscar4732> RAPEFUL LUL
[10:20:56] <creste1> LUL
[10:20:56] <Karamon10> ha HAA
[10:20:56] <lmaokaigg420> ANNIE IS BRONZE 4ANNIE IS BRONZE 4ANNIE IS BRONZE 4ANNIE IS BRONZE 4ANNIE IS BRONZE 4ANNIE IS BRONZE 4ANNIE IS BRONZE 4ANNIE IS BRONZE 4ANNIE IS BRONZE 4ANNIE IS BRONZE 4ANNIE IS BRONZE 4
[10:20:57] <Foraan> so bipolar.
[10:20:57] <JustAnotherOrdinaryGamer> PedoBear
[10:20:57] <Juiceboxed> PedoBear haHAA
[10:20:57] <Mabukboy> RAPEFUL
[10:20:57] <OKish_Player> gachiGASM
[10:20:57] BAN: Juiceboxed (300s)
[10:20:57] <Nesisoth> LUL
[10:20:57] <Coolstorym8> TriHard
[10:20:57] <HellBloodXD> wiBlush
[10:20:57] <xnitely> reckYeah
[10:20:57] <%+Dyrhoi> him LUL
[10:20:58] <sociopathtest> https://www.youtube.com/watch?v=WI0Twlt1aek THIS IS THE STUFF https://www.youtube.com/watch?v=WI0Twlt1aek
[10:20:59] <SuperKurre> PedoBear
[10:20:59] <Theguy1> RAPEFUL
[10:20:59] <treasurebandito> HAHAA
[10:20:59] <Brelovix> gachiGASM
[10:20:59] <midnas_> INVERTED SUMSPELLS DON'T FORGET
[10:21:00] <bossinx> PedoBear Kreygasm PedoBear Kreygasm PedoBear Kreygasm PedoBear Kreygasm
[10:21:00] <Ryzepwns> CHAT TELL ME IS CS=COUNTERSTRIKE?????????
[10:21:00] <i2net> PedoBear
[10:21:00] <KlausIsBackXD> @Reckful, the next event you go to im going to find you in your hotel room and scalp you, you stupid jew mother fuck @Reckful, the next event you go to im going to find you in your hotel room and scalp you, you stupid jew mother fuck
[10:21:00] <supergachiman> RAPE PedoBear
[10:21:00] <MehReg> PEDO PedoBear
[10:21:01] <nathanbillet> PedoBear
[10:21:01] <gotree> KKool
[10:21:02] <Xyles_O> ha HAA
[10:21:02] <Derf97> PedoBear
[10:21:04] <Doomsworn> this is why your bronze
[10:21:04] <OKish_Player> KKool
[10:21:04] <Lightninghammer> PedoBear
[10:21:04] <ilikesoldat> addicted
[10:21:05] <hanson64> NO ONE KNOWS WHAT IT MEANS
[10:21:05] <%Dabie1234> haHEE
[10:21:05] <lmaokaigg420> ANNIE IS BRONZE 4ANNIE IS BRONZE 4ANNIE IS BRONZE 4ANNIE IS BRONZE 4ANNIE IS BRONZE 4ANNIE IS BRONZE 4ANNIE IS BRONZE 4ANNIE IS BRONZE 4vANNIE IS BRONZE 4ANNIE IS BRONZE 4ANNIE IS BRONZE 4ANNIE IS BRONZE 4ANNIE IS BRONZE 4ANNIE IS BRONZE 4ANNIE IS BRONZE 4
[10:21:05] <Ryzepwns> CHAT TELL ME IS CS=COUNTERSTRIKE?????
[10:21:05] BAN: lmaokaigg420 (10s)
[10:21:05] <Bbcnig> Crazy Jew
[10:21:06] <river42> ReckPls
[10:21:06] <%EyyDesp> ANNIES TRUNK Kreygasm
[10:21:06] <DemhaG> WHATS THAT SONG CALLED?
[10:21:06] <Ludefice> PEDOFUL PedoBear PEDOFUL PedoBear PEDOFUL PedoBear PEDOFUL PedoBear PEDOFUL PedoBear PEDOFUL PedoBear PEDOFUL PedoBear PEDOFUL PedoBear PEDOFUL PedoBear PEDOFUL PedoBear
[10:21:06] BAN: lmaokaigg420 (10s)
[10:21:07] <StainXIII> FUCK HER UP PedoBear
[10:21:07] <Nozagg> TriHard
[10:21:08] <midnas_> INVERTED SUMSPELLS DON'T FORGET!
[10:21:08] <sociopathtest> https://www.youtube.com/watch?v=WI0Twlt1aek BAM https://www.youtube.com/watch?v=WI0Twlt1aek BAM
[10:21:11] <supergachiman> PedoBear NICE
[10:21:11] <Samb023> LUL
[10:21:12] <KlausIsBackXD> KKool
[10:21:12] <Lohtric> PedoBear
[10:21:13] <ORIONBOUND> bttvPedo
[10:21:14] <%bojij> PedoBear
[10:21:15] <LordGWAS> !
[10:21:15] <ArmyManVa> @Ryzepwns yes
[10:21:15] <Kloony> PedoBear
[10:21:15] <Drpoor> Happy? FeelsGoodMan
[10:21:16] <MehReg> PedoBear
[10:21:16] <HappyWaifu> STOP
[10:21:16] <%Snitchu> bttvPedo
[10:21:16] <lmaokaigg420> ANNIE IS BRONZE 4ANNIE IS BRONZE 4ANNIE IS BRONZE 4ANNIE IS BRONZE 4ANNIE IS BRONZE 4ANNIE IS BRONZE 4ANNIE IS BRONZE 4ANNIE IS BRONZE 4
[10:21:16] <Xyles_O> PedoBear
[10:21:17] <ORIONBOUND> reckYeah
[10:21:17] <Lordpaez> stfu klausis
[10:21:18] <bossinx> PedoBear Kreygasm
[10:21:18] <kawochii> WutFace
[10:21:18] <D00MBRINGER23> smite > league
[10:21:19] <Ludefice> PEDOFUL PedoBear PEDOFUL PedoBear PEDOFUL PedoBear PEDOFUL PedoBear PEDOFUL PedoBear
[10:21:19] <Lightninghammer> YOU SLUT PedoBear
[10:21:19] <nCogN2Burri2> ?
[10:21:20] <PC_Peasant> PEDO SOCIOPATH
[10:21:20] <%+Dyrhoi> so scared PedoBear
[10:21:22] <DrSheldore> NO MANA
[10:21:22] <Leok55> IS THIS THE NEW GROSSGORE??? IS THIS THE NEW GROSSGORE??? IS THIS THE NEW GROSSGORE??? IS THIS THE NEW GROSSGORE??? WutFace ?
[10:21:24] <Sneke_> PedoBear PedoBear PedoBear
[10:21:24] <toastrecneps> Scared of the pedo
[10:21:24] <Skillpoweruser> stop wasting mana
[10:21:25] <KlausIsBackXD> KKool @Reckful, the next event you go to im going to find you in your hotel room and scalp you, you stupid jew mother fuck
[10:21:25] <Brelovix> cmonBruh
[10:21:26] <VeloursRouge> no mana
[10:21:27] <KasparaitisTV> 1:12
[10:21:28] <Hbib1> the sounds is so out
[10:21:28] <MomoGamerzz> @Ryzepwns, I think it's creep score, as in the amount of minions he killed
[10:21:29] <lmaokaigg420> @Reckful ANNIE IS BRONZE 4ANNIE IS BRONZE 4ANNIE IS BRONZE 4ANNIE IS BRONZE 4ANNIE IS BRONZE 4ANNIE IS BRONZE 4
[10:21:29] <Ci425> NO MANA
[10:21:32] <treasurebandito> WE WATCHING
[10:21:32] <monkeydoido> CS NotLikeThis
[10:21:33] <Amigogang> NOOOOOOOOOOOOOOOOOOOOOOOOOOOOB
[10:21:33] <miksa25> I HAD SEX WITH A GIRL TONIGHT AND YOU? WATCHI NG STREAM? NICE NICE MAN YOU ARE EleGiggle
[10:21:33] <Ludefice> PEDOFUL PedoBear PEDOFUL PedoBear PEDOFUL PedoBear PEDOFUL PedoBear PEDOFUL PedoBear PEDOFUL PedoBear PEDOFUL PedoBear PEDOFUL PedoBear PEDOFUL PedoBear
[10:21:33] <sociopathtest> https://www.youtube.com/watch?v=WI0Twlt1aek I JUST NEED THE LINK
[10:21:33] <%Brocantin> Annie is useless lategame at lvl 18 reck7
[10:21:34] <Yahyan> SCAREDY CAT PedoBear
[10:21:34] <Bio1444> NO MANA
[10:21:37] <RekkingRectums> reckYeah
[10:21:39] <whyterice> CONCEDE IS A HEARTHSTONE TERM FailFish
[10:21:40] <3310> CS BrokeBack
[10:21:41] <KlausIsBackXD> @Reckful, the next event you go to im going to find you in your hotel room and scalp you, you stupid jew mother fuck @Reckful, the next event you go to im going to find you in your hotel room and scalp you, you stupid jew mother fuck
[10:21:41] <thetonesTV> cs god PogChamp
[10:21:41] <sociopathtest> https://www.youtube.com/watch?v=WI0Twlt1aek JUST SEE THE LINK
[10:21:41] <hanson64> ANNIE R U OK
[10:21:43] <hellios6> nice last hit
[10:21:45] <Heart_Of_The_Oak> STOP TRYING TO HIT HER AND CS
[10:21:46] <%HadesTheDkGod> ANNIE GROW TriHard ANNIE GROW TriHard ANNIE GROW TriHard ANNIE GROW TriHard ANNIE GROW TriHard ANNIE GROW TriHard ANNIE GROW TriHard
[10:21:48] <Kruiserful> CS
[10:21:50] <Slambronies> PogChamp cannon
[10:21:50] <@+^Nightbot> PogChamp
[10:21:50] <Samb023> ha haa
[10:21:51] <Heiight> soft tune?
[10:21:51] <sociopathtest> https://www.youtube.com/watch?v=WI0Twlt1aek DAD WERE AREE YOU
[10:21:51] <hanson64> ANNIE R U OK R U OK ANNIE
[10:21:51] <KlausIsBackXD> @Reckful, the next event you go to im going to find you in your hotel room and scalp you, you stupid jew mother fuck @Reckful, the next event you go to im going to find you in your hotel room and scalp you, you stupid jew mother fuck
[10:21:51] <McDobo> TriHard HE SAID IT TriHard HE SAID IT TriHard HE SAID IT TriHard HE SAID IT TriHard HE SAID IT
[10:21:54] <zioshimas> Kreygasm
[10:21:55] <Muzzalol> gachiGASM
[10:21:58] <MatzoBallSoup> didn't miss cannon FeelsGoodMan
[10:21:58] <SuperKurre> PedoBear
[10:22:00] <hanson64> ANNIE R U OK R U OK R U OK ANNIE
[10:22:00] <%Snitchu> ANNIE GROW cmonBruh
[10:22:00] <Sneke_> NNIE GROW TriHard ANNIE GROW TriHard ANNIE GROW TriHard ANNIE GROW TriHard ANNIE GROW TriHard ANNIE GROW TriHard ANNIE GROW TriHard
[10:22:00] <sociopathtest> https://www.youtube.com/watch?v=WI0Twlt1aek THIS IS THE CRY MODE
[10:22:01] <sff45f> LUL
[10:22:01] <Reizingd> focus on cs
[10:22:03] <%HadesTheDkGod> ANNIE GROW TriHard ANNIE GROW TriHard ANNIE GROW TriHard ANNIE GROW TriHard ANNIE GROW TriHard ANNIE GROW TriHard
[10:22:03] <iamryl> ???????????
[10:22:03] <supergachiman> LUL
[10:22:04] <KlausIsBackXD> @Reckful, the next event you go to im going to find you in your hotel room and scalp you, you stupid jew mother fuck @Reckful, the next event you go to im going to find you in your hotel room and scalp you, you stupid jew mother fuck
[10:22:05] <hanson64> ANNIE R U OK
[10:22:05] <kawochii> ðŸ¤” where is the enemy jungler
[10:22:06] <Samb023> LUL LUL
[10:22:07] <zoriak10> wat is this cs fiesta
[10:22:07] <Lordpaez> stfu klausis
[10:22:07] <ZaresHS> first blood LUL
[10:22:08] <6andthe9> give annie first blood so she can become a woman
[10:22:09] <gotree> LUL
[10:22:10] <nCogN2Burri2> annie from community is lil slut
[10:22:11] <SaltySenpai> LUL
[10:22:13] <Happythen00b> !uptime
[10:22:13] <QuintinTalonTeemo> sadMan
[10:22:13] <SaltySenpai> FIST ANNNIE
[10:22:14] <@+^Nightbot> Happythen00b 15 hours, 46 minutes
[10:22:14] <agelakute> Ice Poseidon PogChamp
[10:22:14] <azkabhan1> rank?
[10:22:15] <RoyUnderhill> Cx
[10:22:15] <Bjornwhizbang420> oh no
[10:22:15] <Bandtx> Q THROUGH MINIONS TO INCREASE RANGE
[10:22:16] <dIGIMURDER> The w from annie is so bronze
[10:22:17] <KlausIsBackXD> @Reckful, the next event you go to im going to find you in your hotel room and scalp you, you stupid jew mother fuck
[10:22:19] <MehReg> NA Q's WutFace
[10:22:19] <josephsavage> Lololo
[10:22:20] <Blaoop> POKE ANNIE
[10:22:20] <Wingsonmeth> fag fag fag fag KappaPride
[10:22:20] <sociopathtest> https://www.youtube.com/watch?v=WI0Twlt1aek IM SAD
[10:22:21] <%RockdooMC> ISIS BORN ANELE
[10:22:21] <FrinkerZ> Don't be sad sociopathtest. Have a FrankerZ
[10:22:23] <FlexGod> just use your passive for your ult and it doesn't cost anything...
[10:22:25] <jenaholic> !rank
[10:22:25] <Heiight> You need to land your Q on a minion to make it go further mate @Reckful
[10:22:25] <@+^Nightbot> jenaholic, Byronze's current rank: Silver V | op.gg: http://na.op.gg/summoner/userName=Byronze
[10:22:25] <Samb023> 4Head
[10:22:26] <%Swank_Hozer> FeelsGoodMan MedTime meowDuck
[10:22:26] <Sneke_> ?????????????
[10:22:27] <DefaL_> MY B
[10:22:27] <MomoGamerzz> Funions OpieOP
[10:22:27] <KlausIsBackXD> @Reckful, the next event you go to im going to find you in your hotel room and scalp you, you stupid jew mother fuck @Reckful, the next event you go to im going to find you in your hotel room and scalp you, you stupid jew mother fuck
[10:22:27] <%Snitchu> WutFace
[10:22:27] <Amigogang> ANELE
[10:22:28] <phailyor> the hell
[10:22:28] <Muji25> that annie is doing everything you can possibly do wrong, wrong
[10:22:28] <Ueana> BrokeBack
[10:22:29] <QuintinTalonTeemo> :O
[10:22:29] <sociopathtest> https://www.youtube.com/watch?v=WI0Twlt1aek MAKE ME GLAD
[10:22:29] <MayleMan> ...
[10:22:29] <TinkleTed> WutFace wuwuuwuw
[10:22:30] <Adurkadurka> !uptime
[10:22:30] <i2net> GRILLS WATCHING ? PogChamp
[10:22:30] <daffyrino> Testing link: https://clips.twitch.tv/reckful/CarefulMallardShadyLulu
[10:22:30] <Geotree26> ?
[10:22:30] <phailyor> someone ban that dude
[10:22:31] <@+^Nightbot> Adurkadurka 15 hours, 46 minutes
[10:22:33] <daffyrino> <3
[10:22:35] <sociopathtest> https://www.youtube.com/watch?v=WI0Twlt1aek WATCH THE VID
[10:22:38] <supergachiman> HotPokket BITCH ????
[10:22:38] <KlausIsBackXD> @Reckful, the next event you go to im going to find you in your hotel room and scalp you, you stupid jew mother fuck @Reckful, the next event you go to im going to find you in your hotel room and scalp you, you stupid jew mother fuck
[10:22:39] <chocolatebumbumfactory> You have been timed out for 300 seconds. Reason: Banned phrase (ID: 57d28f674f4d1faf1f9ac149)
[10:22:39] <heyBoss420> ILLUMINATE WutFace
[10:22:40] <QuintinTalonTeemo> warding :D reckClap
[10:22:40] <Tydus93> !uptime
[10:22:41] <@+^Nightbot> Tydus93 15 hours, 46 minutes
[10:22:43] <azubu_conation> U have a free stell up
[10:22:43] <iamryl> STOP Q'ING WHEN SHE WALKS AWAY
[10:22:45] <Samb023> BabyRage
[10:22:48] <SuperKurre> PogChamp reckClap
[10:22:49] <@+^Nightbot> PogChamp
[10:22:51] <phoenixflare42> PedoBear FUCK HER PedoBear @Reckful
[10:22:53] <sociopathtest> https://www.youtube.com/watch?v=WI0Twlt1aek I NEED YOU TO SEE THIS
[10:22:53] <grams199> ANELE
[10:22:53] <Kamyn> KlausIsBack DatSheffy 7
[10:22:53] <seeiyanerds> this annie BrokeBack
[10:22:55] <KlausIsBackXD> @Reckful, the next event you go to im going to find you in your hotel room and scalp you, you stupid jew mother fuck.@Reckful, the next event you go to im going to find you in your hotel room and scalp you, you stupid jew mother fuck
[10:22:57] <Cpt_Cosmo> He's still playing PogChamp
[10:22:58] <SixoBBQ> Q when she goes for last hit on minions
[10:22:59] <sociopathtest> https://www.youtube.com/watch?v=WI0Twlt1aek THIS IS IT
[10:23:00] <supergachiman> VROOOM
[10:23:01] <SmexyCops> 30k car going by LUL
[10:23:01] <xaos100> GG
[10:23:02] <FlexGod> does he know that passive gives you a free ability?
[10:23:03] <%Snitchu> if Kappa
[10:23:06] <Rapsfan231> lol
[10:23:07] <sociopathtest> https://www.youtube.com/watch?v=WI0Twlt1aek THIS IS THE SAME LINK
[10:23:08] <Dieablo93> LS KappaPride
[10:23:11] <KlausIsBackXD> @Reckful, the next event you go to im going to find you in your hotel room and scalp you, you stupid jew mother fuck @Reckful, the next event you go to im going to find you in your hotel room and scalp you, you stupid jew mother fuck
[10:23:13] <kashoun> Very Interesting Gamplay ResidentSleeper
[10:23:14] <nawncentz> @klausisbackxd this fag danSgame
[10:23:15] <supergachiman> 4 MANA PogChamp
[10:23:15] <Wingsonmeth> LUL CANT CS
[10:23:16] <imsvennn7> PedoBearreckClap
[10:23:16] <Paranoidr01d> but you said bitch though
[10:23:16] <Coolstorym8> https://clips.twitch.tv/reckful/LongEagleSoBayed
[10:23:17] <Astrodinger> it adds up
[10:23:17] <SaltySenpai> LUL
[10:23:17] <KrustyPJbottoms> ???
[10:23:18] <Lightninghammer> NICE CANNON Kappa
[10:23:18] <%+Dyrhoi> canons in 2016 LUL
[10:23:19] <scarred4lyfe> CANNON
[10:23:21] <QuintinTalonTeemo> SEX LS gachiGASM
[10:23:22] <dogcatfrog> THIS annie cant cs for shit
[10:23:22] <Astrodinger> yes it is
[10:23:22] <theef1aw> edgy commenters PogChamp
[10:23:22] <ZaresHS> hehe xd
[10:23:22] <Oscar4732> NA CS LUL
[10:23:23] <lloydy2> bro i just took a 14 day suspension so now i have to watch TWITCH
[10:23:23] <KlausIsBackXD> @Reckful, the next event you go to im going to find you in your hotel room and scalp you, you stupid jew mother fuck @Reckful, the next event you go to im going to find you in your hotel room and scalp you, you stupid jew mother fuck
[10:23:23] <MehReg> KILL HER LUL
[10:23:23] <sociopathtest> https://www.youtube.com/watch?v=WI0Twlt1aek I HAVE BEEN SPAMING FOR AN HOUR
[10:23:26] <Erythroxlym> cant watch this csing anymore looks liek my own silver games
[10:23:26] <23xtrbiceps> YOU FUCKING SUCK
[10:23:28] <treasurebandito> O SHIT WADDUP
[10:23:28] <Samb023> Kreygasm
[10:23:29] <Brelovix> gachiGASM
[10:23:30] <FlexGod> you're dead in 1 spell
[10:23:30] <Dark_Annie> Annie counters Lissandra tho Lul
[10:23:30] <supergachiman> gachiGASM
[10:23:32] <syrenel> gachiGasm
[10:23:32] <legendary_meme> @lloydy2, level a new account
[10:23:33] <mycomian> @Reckful, you get 4 mana per minion
[10:23:33] [Notification] CaptToasty subscribed for 2 months in a row!
[10:23:35] <syrenel> gachiGASM
[10:23:35] <CharlyWE> CSING SO BAD
[10:23:36] <Wingsonmeth> ??????????????
[10:23:36] <DefaL_> NA cs
[10:23:37] <Rapsfan231> lol
[10:23:37] <SaltySenpai> triggered from him missing every cannon NotLikeThis
[10:23:37] <Xyles_O> cs LUL
[10:23:38] <lemon_stealing_whor3> LOL\
[10:23:38] <sociopathtest> https://www.youtube.com/watch?v=WI0Twlt1aek JUST LOOK AT ME
[10:23:39] <KlausIsBackXD> @Reckful, the next event you go to im going to find you in your hotel room and scalp you, you stupid jew mother fuck @Reckful, the next event you go to im going to find you in your hotel room and scalp you, you stupid jew mother fuck
[10:23:40] <D00MBRINGER23> ult the cree[s [;s
[10:23:40] <MehReg> gachiGASM
[10:23:41] <%RockdooMC> PogChamp
[10:23:41] <@+^Nightbot> PogChamp
[10:23:41] <ScrollStorm> 4*4=16 mana=20-40% on spellcosts
[10:23:42] <cynr_lol> DansGame
[10:23:42] <Brelovix> shaco DansGame
[10:23:43] <1jijing1> NA GANK LUL
[10:23:43] <bolachabiscoito> gachiGASM
[10:23:44] <MetaSMD> NA GANK
[10:23:44] <%RockdooMC> MingLee
[10:23:45] <Sycto> did you say bitch though?
[10:23:45] <Samb023> double team LUL
[10:23:46] <QuintinTalonTeemo> SHAC :O
[10:23:46] <heyBoss420> yes :)
[10:23:46] <K1saac> dat gank
[10:23:48] <Karamon10> use Q to cs DUDE LOL
[10:23:48] <KlausIsBackXD> @Reckful, the next event you go to im going to find you in your hotel room and scalp you, you stupid jew mother fuck@Reckful, the next event you go to im going to find you in your hotel room and scalp you, you stupid jew mother fuck
[10:23:49] <supergachiman> MingLee
[10:23:49] <Bandtx> ?????????????
[10:23:50] <MehReg> ??
[10:23:50] <%KatDawg7> I've never played this game before and I can tell he isn't doing well
[10:23:51] <FuryBerserker> @23xtrbiceps fuck you
[10:23:52] <sociopathtest> https://www.youtube.com/watch?v=WI0Twlt1aek I NEED SOME ATENTION
[10:23:53] <MehReg> ??????????
[10:23:53] <lloydy2> @legendary_meme that shit boring as hell but im trying
[10:23:53] <KlausIsBackXD> @Reckful, the next event you go to im going to find you in your hotel room and scalp you, you stupid jew mother fuck @Reckful, the next event you go to im going to find you in your hotel room and scalp you, you stupid jew mother fuck
[10:23:55] <iamryl> NO MANA NOW LUL
[10:23:58] <cynr_lol> Kregasm CS
[10:23:58] <senpaimoe> Watch my dank stream
[10:23:58] <Nerdstepx> dads still live FeelsGoodMan
[10:23:58] <g00nk1ng> @Reckful, ban this stupid cunt
[10:23:58] <Ttiewinwt> MODS
[10:23:59] <mstrx1993> uncoachable
[10:23:59] <dagrothus> LOL
[10:24:01] <cynr_lol> KreyGasm CS
[10:24:02] <QuintinTalonTeemo> OOM OF MANA sadMAn
[10:24:02] <legendary_meme> @lloydy2, dont play bots, play normal
[10:24:02] <XxsharpshootxX9> LOL
[10:24:03] <%+Dyrhoi> anyone LUL
[10:24:04] <QuintinTalonTeemo> sadMan
[10:24:04] <OnlyInferior> RIP MANA LUL
[10:24:04] <j0o0e04> BACK TO HEARTHSTONE PogChamp
[10:24:05] <cynr_lol> GachiGasm
[10:24:05] <sociopathtest> https://www.youtube.com/watch?v=WI0Twlt1aek LLINK TO THE DANGER ZONE
[10:24:06] <1jijing1> play with 1 hand Kappa
[10:24:07] <bossinx> 69
[10:24:07] <KlausIsBackXD> @Reckful, the next event you go to im going to find you in your hotel room and scalp you, you stupid jew mother fuck @Reckful, the next event you go to im going to find you in your hotel room and scalp you, you stupid jew mother fuck
[10:24:07] <Yahyan> LUL
[10:24:08] <sff45f> FeelsBadMan
[10:24:09] <Amigogang> KlausIsBackXD: @Reckful, the next event you go to im going to find you in your hotel room and scalp you, you stupid jew mother fuck
[10:24:09] <ProfessorDinks> @KlausIsBackXD, Cmonbruh
[10:24:09] <cynr_lol> Gachigasm
[10:24:09] <supergachiman> LUL
[10:24:10] <kruncho66> jew
[10:24:10] <syrenel> CHA CHING
[10:24:10] <Ghoulist> JEW LUL
[10:24:11] <IntelvsAMD> jew
[10:24:11] <phailyor> how is no one banning him?
[10:24:11] <%Snitchu> JEW LUL
[10:24:11] <NoSiiii> FeelsBadMan
[10:24:11] <MehReg> gachiGASM
[10:24:11] <Sneke_> JEW
[10:24:11] <bolachabiscoito> sadMan
[10:24:11] <greenstackred> JEW LUL
[10:24:12] <Samb023> JEWWWWWW
[10:24:12] <dcuuks> jew
[10:24:13] <Theguy1> JEW
[10:24:13] <Andrew1798> come on u dumb mods LUL
[10:24:13] <%+Dyrhoi> JEW LUL
[10:24:13] <DLG_Syrup> JEW
[10:24:14] <JusticeBeaver_> JEW FeelsAmazingMan
[10:24:14] <phailyor> are there no mods?
[10:24:14] <23xtrbiceps> @furyberserker Triggered cause you and him are shit
[10:24:14] <cynr_lol> qtpPLS
[10:24:14] <Xyles_O> jew LUL
[10:24:14] <dshiznitt> JEW LUL
[10:24:14] <Thyres> JEW
[10:24:15] <daffyrino> https://www.youtube.com/watch?v=WI0Twlt1aek sociopathtest we in this together <3
[10:24:15] <McDobo> JEW
[10:24:15] <lemon_stealing_whor3> MingLee
[10:24:15] <supergachiman> JEW
[10:24:15] <Bluepurgatory> CLASSIC jew
[10:24:15] <the_weeknd12> JEW
[10:24:15] <DatPMFCorvis> CHA CHING
[10:24:16] <liknz> JEW
[10:24:16] <readmynameples> KEW
[10:24:16] <Mabukboy> JEW
[10:24:16] <beagles1337> JEW LUL
[10:24:17] <Drpoor> LUL
[10:24:17] <supergachiman> JEW LUL
[10:24:17] <Andrew1798> JEW
[10:24:17] <trihardtrihard1> JEW
[10:24:17] <23xtrbiceps> JUDEN
[10:24:18] <sociopathtest> https://www.youtube.com/watch?v=WI0Twlt1aek IF YOU WATCH i CAN DYE HAPPY
[10:24:18] <readmynameples> JEW
[10:24:19] <KlausIsBackXD> @Reckful, the next event you go to im going to find you in your hotel room and scalp you, you stupid jew mother fuck @Reckful, the next event you go to im going to find you in your hotel room and scalp you, you stupid jew mother fuck
[10:24:20] <bolachabiscoito> LUL
[10:24:20] <scarred4lyfe> EXCITED 70 TIMES A GAME LUL
[10:24:20] <enigmaticpapaya> JEW
[10:24:20] <Wingsonmeth> JEW LUL
[10:24:21] <QuintinTalonTeemo> HairBack cha ching
[10:24:21] <Theirieone> $$$$$$$
[10:24:21] <gotree> LUL
[10:24:21] <sff45f> shekels gachiGASM
[10:24:21] <lloydy2> @legendary_meme i do play normal but its just like bots before level 30
[10:24:22] <tiojoe7> JEW
[10:24:22] <bonbonista> sweet jew gold Kappa
[10:24:22] <Bbcnig> jew
[10:24:22] <Yahyan> JEW LUL
[10:24:23] <Andrew1798> LUL
[10:24:23] <bossinx> 69 +20
[10:24:23] <cynr_lol> SourPls
[10:24:24] <%RockdooMC> PogChamp
[10:24:24] <Lightninghammer> JEW LUL
[10:24:24] <@+^Nightbot> PogChamp
[10:24:24] <%Snitchu> $$$$$$$$$$$
[10:24:24] <treasurebandito> HE DOES LIKE GOLD
[10:24:25] <Bbcnig> FUCKING JEWS
[10:24:25] <Katalist_> jew gold FeelsGoodMan
[10:24:26] <Bobouroon> rareJew
[10:24:26] <NoSiiii> JEW LUL
[10:24:26] <Amigogang> KlausIsBackXD: @Reckful, the next event you go to im going to find you in your hotel room and scalp you, you stupid jew mother fuck .
[10:24:27] <Pow_3r> LOL MISSED
[10:24:27] <Karamon10> LUL
[10:24:27] <1jijing1> MINIMAP
[10:24:29] <Alexonwheels> "I'm not used to getting it"
[10:24:29] <1jijing1> LUL
[10:24:30] <Andrew1798> LUL IN 2016
[10:24:30] <awk133> GAS THE JEW
[10:24:30] <midnas_> JEW LUL
[10:24:30] <Bbcnig> JEWS DID 9/11
[10:24:31] <Grumahr> !uptime
[10:24:31] <cynr_lol> RareParrot
[10:24:31] <KlausIsBackXD> @Reckful, the next event you go to im going to find you in your hotel room and scalp you, you stupid jew mother fuck @Reckful, the next event you go to im going to find you in your hotel room and scalp you, you stupid jew mother fuck
[10:24:31] <Demonkelol> TIME IS MONEY FRIEND CHA CHING MingLee
[10:24:32] <Skillpoweruser> HAPPY MERCHANT :)
[10:24:32] <@+^Nightbot> Grumahr 15 hours, 48 minutes
[10:24:33] <Zeekey> yeah right, a jew not used to getting gold Kappa
[10:24:34] <heyBoss420> miss 30
[10:24:35] <%RockdooMC> JEW GOLD LUL
[10:24:35] <Unbrokenlol1111> MISSED 40 GOLD LUL
[10:24:35] <%+Dyrhoi> 0 cannons LUL
[10:24:37] <Oscar4732> rareJew CHA CHING
[10:24:38] <LiveHiFi> @reckful NEW SUB SOUND CHA-CHING
[10:24:38] <Karamon10> .........
[10:24:38] <MordekaiserN1> @KlausIsBackXD, what a badass you are LUL
[10:24:38] <CaptainK14> shaco inc LUL
[10:24:39] <23xtrbiceps> WHERMACHT
[10:24:40] <Harry_PotHead420BlazeIt> Epiknise CS KaRappa
[10:24:40] <Bandtx> LUL
[10:24:40] <KlausIsBackXD> @Reckful, the next event you go to im going to find you in your hotel room and scalp you, you stupid jew mother fuck @Reckful, the next event you go to im going to find you in your hotel room and scalp you, you stupid jew mother fuck
[10:24:40] <%Snitchu> Missed 3 caddys NotLikeThis
[10:24:41] <supergachiman> LUL
[10:24:41] <Amigogang> KlausIsBackXD: @Reckful, the next event you go to im going to find you in your hotel room and scalp you, you stupid jew mother fuck
[10:24:41] <Artour_Babaev> cs LUL
[10:24:41] <fireshade> SHACO
[10:24:42] <Something_lol> b
[10:24:42] <sociopathtest> https://www.youtube.com/watch?v=WI0Twlt1aek THIS WILL FIX THE MOD
[10:24:42] <nCogN2Burri2> ward
[10:24:44] <%HadesTheDkGod> ANNIE GROW TriHard ANNIE GROW TriHard ANNIE GROW TriHard ANNIE GROW TriHard ANNIE GROW TriHard
[10:24:47] <Karamon10> RIP
[10:24:47] <sociopathtest> https://www.youtube.com/watch?v=WI0Twlt1aek MOOD
[10:24:47] <ScrollStorm> Shaco inc LUL
[10:24:49] <carrylordkev> back up
[10:24:49] <bossinx> LUL DEAD LUL
[10:24:50] <nCogN2Burri2> wards are good
[10:24:50] <Seoulsticee> 30% Luck; 0% Skill; 15% Concentrated Power of Will; 100% Feed; 50% Flame. 100% Chance of Missing Cannon Again.
[10:24:52] <DefaL_> CS
[10:24:52] <daddys_boy2016> SO FUCKING HARD TO WATCH
[10:24:52] <Yahyan> 0 CANNONS NotLikeThis
[10:24:52] <creste1> WARD
[10:24:52] <sociopathtest> https://www.youtube.com/watch?v=WI0Twlt1aek THIS THE THE LINK
[10:24:52] <azkabhan1> u sux lol
[10:24:53] <bossinx> LUL DEAD LUL LUL DEAD LUL
[10:24:54] <spyroh97> fake yawn
[10:24:54] <MlgKevin> ANNIE GROW TriHard ANNIE GROW TriHard ANNIE GROW TriHard ANNIE GROW TriHard ANNIE GROW TriHard
[10:24:55] <Predaxio> TriHard
[10:24:56] <Demonkelol> RIP LUL
[10:24:57] <i2net> @Reckful, ward because Shaco
[10:24:58] <%HadesTheDkGod> ANNIE GROW TriHard ANNIE GROW TriHard ANNIE GROW TriHard ANNIE GROW TriHard
[10:24:59] <%Snitchu> cmonBruh
[10:24:59] <KlausIsBackXD> Amigogang: KlausIsBackXD: @Reckful, the next event you go to im going to find you in your hotel room and scalp you, you stupid jew mother fuck Amigogang: KlausIsBackXD: @Reckful, the next event you go to im going to find you in your hotel room and scalp you, you stupid jew mother fuck
[10:24:59] BAN: KlausIsBackXD (10s), KlausIsBackXD (10s)
[10:25:00] <creste1> USE WARDS BYRONE
[10:25:01] <z0mbified> KRIPP ONLINE PogChamp KRIPP ONLINE PogChamp KRIPP ONLINE PogChamp KRIPP ONLINE PogChamp KRIPP ONLINE PogChamp KRIPP ONLINE PogChamp KRIPP ONLINE PogChamp KRIPP ONLINE PogChamp
[10:25:02] <jdks41806> Back now
[10:25:03] <supergachiman> TriHard
[10:25:03] <Unbrokenlol1111> yeah
[10:25:03] <skinny_knight> @reckful slap yourself everytime you miss a CS, it's what Athene used to do
[10:25:04] <Bandtx> Q
[10:25:04] <syrenel> FFARM gachiGASM
[10:25:05] <nimon7> god his csing tilts me hard
[10:25:05] <Artour_Babaev> no denies LUL
[10:25:06] <ScrollStorm>* Calling Annie stun and shaco gank LUL
[10:25:08] <Doctormikehunt> @Reckful Byron, you should take the Mastery called Bandit since you're not the greatest at CSing it will give you gold even if you don't last hit the minions.
[10:25:08] <bossinx> yes
[10:25:10] <sociopathtest> https://www.youtube.com/watch?v=WI0Twlt1aek I NEED YOU LOVE
[10:25:10] <Crafted> @Reckful, you could have like 2.5k gold now 4Head
[10:25:10] <ttylPark> @reckful go abyssal first item
[10:25:12] <KlausIsBackXD>* Amigogang: KlausIsBackXD: @Reckful, the next event you go to im going to find you in your hotel room and scalp you, you stupid jew mother fuck
[10:25:12] <heyBoss420> ?????????
[10:25:13] <MrHoodieTV> MingLee
[10:25:14] <brondan> !uptime
[10:25:15] <@+^Nightbot> brondan 15 hours, 49 minutes
[10:25:15] <HitmanM24> !rank
[10:25:16] <casualQ> 911 ANELE ANELE ANELE ANELE
[10:25:16] <@+^Nightbot> HitmanM24, Byronze's current rank: Silver V | op.gg: http://na.op.gg/summoner/userName=Byronze
[10:25:16] <Amigogang> KlausIsBackXD: @Reckful, the next event you go to im going to find you in your hotel room and scalp you, you stupid jew mother fuck
[10:25:17] <Stillsoceebs> MingLee
[10:25:17] <carrylordkev> buy mr
[10:25:18] <alecs2233> YE
[10:25:18] <Bbcnig> LACIST MingLee
[10:25:18] <KlausIsBackXD>* Amigogang: KlausIsBackXD: @Reckful, the next event you go to im going to find you in your hotel room and scalp you, you stupid jew mother fuck.
[10:25:18] <Sockeys> ???????
[10:25:18] <Samb023> MingLee
[10:25:18] <Wingsonmeth> TriHard
[10:25:19] <supergachiman> MingLee
[10:25:19] <%Snitchu> reck7 reck7
[10:25:20] <LiveHiFi> MingLee
[10:25:21] <Amigogang> KlausIsBackXD: @Reckful, the next event you go to im going to find you in your hotel room and scalp you, you stupid jew mother fuck .
[10:25:21] <sociopathtest> V I NEED YOU WATCHhttps://www.youtube.com/watch?v=WI0Twlt1aek
[10:25:22] <MehReg> TriHard
[10:25:22] <Bbcnig> LACIST REPORTED MingLee
[10:25:22] <McDobo> TriHard HE SAID IT TriHard HE SAID IT TriHard HE SAID IT TriHard HE SAID IT
[10:25:24] <bolachabiscoito> TriHard o7
[10:25:24] <Samb023> cmonBruh
[10:25:24] <Kozwey> Tai dzao le MingLee
[10:25:24] <dclbmimvdclbmimv> hot babes here t.co/NjyGA2C6Pt
[10:25:24] <Hundekeks300> TriHard
[10:25:24] <@+^Nightbot> dclbmimvdclbmimv -> ( Â° ÍœÊ–Í¡Â°)â•­âˆ©â•® [warning]
[10:25:24] BAN: dclbmimvdclbmimv (5s)
[10:25:24] <lloydy2> !rank
[10:25:25] <MrHoodieTV> MingLee ?
[10:25:26] <xxxwandalxxx> @Reckful do you know that there is no point is hiding a champion selection screen because you have 2 clients and you can chat and add friends while you playing a game, so if anyone of you teammates use it in this way then there is still a chance to contact your teammates to throw the game?
[10:25:26] BAN: xxxwandalxxx (10s)
[10:25:26] <gugabris> hes so tired
[10:25:26] BAN: dclbmimvdclbmimv (20s)
[10:25:26] <Wingsonmeth> TriHard ALRIGHT ALRIGHT ALRIGHT ALRIGHT ALRIGHT TriHard
[10:25:26] <supergachiman> TriHard
[10:25:26] <%RockdooMC> TriHard
[10:25:26] <KlausIsBackXD>* Amigogang: KlausIsBackXD: @Reckful, the next event you go to im going to find you in your hotel room and scalp you, you stupid jew mother fuck .
[10:25:27] <%HadesTheDkGod> ANNIE GROW TriHard ANNIE GROW TriHard ANNIE GROW TriHard ANNIE GROW TriHard ANNIE GROW TriHard
[10:25:27] BAN: dclbmimvdclbmimv (20s), xxxwandalxxx (10s)
[10:25:28] <Amigogang> KlausIsBackXD: @Reckful, the next event you go to im going to find you in your hotel room and scalp you, you stupid jew mother fuck
[10:25:29] <MehReg> HE SAID IT TriHard
[10:25:31] <skinny_knight> @reckful slap yourself everytime you miss a CS, it's what Athene used to do
[10:25:31] <Ttiewinwt> LUL LITERALLY GOLDFISH MEMORY
[10:25:31] <DatPMFCorvis> LMAO
[10:25:31] <sociopathtest> https://www.youtube.com/watch?v=WI0Twlt1aek WATCH PLZ
[10:25:32] <supergachiman> TriHard ALRIGHT ALRIGHT ALRIGHT
[10:25:32] <Taryn71> @KlausIsBackXD, wtf is ur problem
[10:25:33] <DefaL_> MingLee
[10:25:34] <Skillpoweruser> TriHard
[10:25:35] <KlausIsBackXD>* Amigogang: KlausIsBackXD: @Reckful, the next event you go to im going to find you in your hotel room and scalp you, you stupid jew mother fuck.
[10:25:36] <Amigogang> KlausIsBackXD: @Reckful, the next event you go to im going to find you in your hotel room and scalp you, you stupid jew mother fuck .
[10:25:37] <Wingsonmeth> LUL
[10:25:37] <Samb023> ALRIGHT ALRIGHT TriHard
[10:25:38] <MehReg> HE SAID IT TriHard HE SAID IT TriHard HE SAID IT TriHard HE SAID IT TriHard HE SAID IT TriHard HE SAID IT TriHard HE SAID IT TriHard HE SAID IT TriHard HE SAID IT TriHard
[10:25:39] <advancedcss> MingLee
[10:25:40] <%+Dyrhoi> ks LUL
[10:25:40] <sociopathtest> https://www.youtube.com/watch?v=WI0Twlt1aek PLZ SIR
[10:25:42] <Xyles_O> ult LUL
[10:25:42] <EnEiAre> KS LUL
[10:25:43] <Eyoi7> Full trap niggy TriHard Full trap
[10:25:43] <Samb023> MingLee
[10:25:44] <pilotgg> YAAAAAAAAS
[10:25:45] <ZaresHS> alright alright TriHard
[10:25:45] <Marshrooom> !uptime
[10:25:46] <supergachiman> KS LUL
[10:25:46] <KlausIsBackXD>* Amigogang: KlausIsBackXD: @Reckful, the next event you go to im going to find you in your hotel room and scalp you, you stupid jew mother fuck ..
[10:25:46] <Yahyan> ULT LUL
[10:25:46] <zonegraff> CARRIED LUL
[10:25:47] <@+^Nightbot> Marshrooom 15 hours, 49 minutes
[10:25:47] <Winkledony> trihard
[10:25:47] <Bbcnig> ha HAA
[10:25:47] <wthandrew> FailFish 2 man spam FailFish
[10:25:47] <DatPMFCorvis> WARD b/C SHACO ALRIGHT ALRIGHT
[10:25:47] <Brkatheboss> kYs
[10:25:48] <ertdre> IM ALIE
[10:25:49] <McDobo> VoHiYo
[10:25:49] <Coolstorym8> KappaPride
[10:25:50] <Wingsonmeth> <3
[10:25:50] <retallic> fuck yeaaaa KappaPride
[10:25:50] <nimon7> KILL SECURED
[10:25:51] <advancedcss> TriHard
[10:25:51] <SpamAndHope> Can the mods do their jobs please?
[10:25:51] <Samb023> ha AAA
[10:25:52] <Figgles> IM ALIE
[10:25:53] <Unbrokenlol1111> IM ALIE LUL
[10:25:53] <supergachiman> VoHiYo
[10:25:54] <Sneke_> KappaPride
[10:25:55] <%+Dyrhoi> baby
[10:25:55] <Samb023> haH AA
[10:25:55] <SfakuS15> gachiGASM
[10:25:55] <advancedcss> KKona
[10:25:55] <%Snitchu> KappaPride
[10:25:56] <Quantumplate> KappaPride
[10:25:56] <Ci425> IM A LIE
[10:25:57] <xaos100> haHAA
[10:25:57] <Oscar4732> sry fam
[10:25:57] BAN: xaos100 (300s)
[10:25:58] <ScrollStorm> The cake was a lie PogChamp
[10:25:58] <Lightninghammer> NotLikeThis NEED TO CRINGE
[10:25:59] <sociopathtest> https://www.youtube.com/watch?v=WI0Twlt1aek I WANT YOU TO SEE
[10:25:59] <KlausIsBackXD>* Amigogang: KlausIsBackXD: @Reckful, the next event you go to im going to find you in your hotel room and scalp you, you stupid jew mother fuck ,
[10:25:59] <Samb023> ha AAAAAAAAAAAA
[10:26:00] <fireshade> IM ALIE
[10:26:01] <skinny_knight> @reckful slap yourself everytime you miss a CS, it's what Athene would do
[10:26:01] <alahma> can someone explain that FUCK oddshot
[10:26:01] <zanetazilisnkaite> NA CS
[10:26:02] <nawncentz> Useless mods danLUL
[10:26:02] <trihardtrihard1> KappaPride
[10:26:02] <Bbcnig> KappaPride Fag
[10:26:03] <tiojoe7> LUL
[10:26:03] <Eyoi7> 0 Cannons LUL
[10:26:03] <ropeshoted> Kill the WELLY first and it will be an easy kill
[10:26:04] <StainXIII> ha HAA
[10:26:04] <DrSheldore> MAX D SECOND
[10:26:05] <TidaladiT> @SpamAndHope lol mods?
[10:26:05] <iKingOnPC> haHAA
[10:26:05] BAN: iKingOnPC (300s)
[10:26:06] <cynr_lol> baby kreyGASM
[10:26:06] <daffyrino> https://www.youtube.com/watch?v=WI0Twlt1aek byron pls listen
[10:26:06] <Rapsfan231> w
[10:26:07] <Wingsonmeth> MAX E LUL
[10:26:08] <wthandrew> FailFish 2 man spam FailFish FailFish 2 man spam FailFish
[10:26:08] <Samb023> hA HAAAAAAAAAAAAAAAAa
[10:26:08] <supergachiman> PogChamp
[10:26:08] <@+^Nightbot> PogChamp
[10:26:09] <Rapsfan231> S
[10:26:10] <cynr_lol> KreGASM
[10:26:11] <Kackandu> haHAA
[10:26:11] BAN: Kackandu (300s)
[10:26:12] <%Snitchu> KappaPride KappaPride
[10:26:12] <Excroat3> LUL
[10:26:12] <sociopathtest> https://www.youtube.com/watch?v=WI0Twlt1aek
[10:26:13] <Samb023> ha HAAAAAAAAAAAaa\\\\\\
[10:26:13] <KlausIsBackXD> Amigogang: KlausIsBackXD: @Reckful, the next event you go to im going to find you in your hotel room and scalp you, you stupid jew mother fuck .
[10:26:14] <QuintinTalonTeemo> talb
[10:26:14] <@+^Nightbot> TALB FeelsGoodMan
[10:26:15] <retallic> take the d KappaPride
[10:26:15] <Ttiewinwt> @alahma he was mad at how the game was going
[10:26:15] <OnlyInferior> TAKE THE D THIS TIME LUL
[10:26:17] <destroymashine> ???????????????
[10:26:17] <Addelipaddeli> TAKE S
[10:26:17] <Amigogang> KlausIsBackXD: @Reckful, the next event you go to im going to find you in your hotel room and scalp you, you stupid jew mother fuck
[10:26:18] <xxxwandalxxx> @Reckful do you know that there is no point is hiding a champion selection screen because you have 2 clients and you can chat and add friends while you playing a game?
[10:26:18] <Oscar4732> lol
[10:26:18] <major_rager21> SMOrc SMOrc SMOrc
[10:26:19] <Amigogang> KlausIsBackXD: @Reckful, the next event you go to im going to find you in your hotel room and scalp you, you stupid jew mother fuck .
[10:26:19] <LY0NEX> TAKE THE D
[10:26:19] <Mantahawk> TAKE D gachiGASM
[10:26:20] <KlausIsBackXD>* Amigogang: KlausIsBackXD: @Reckful, the next event you go to im going to find you in your hotel room and scalp you, you stupid jew mother fuck 420
[10:26:20] <SfakuS15> MitchPls
[10:26:20] <@+^Nightbot> MitchPls THIS MitchPls SONG MitchPls IS MitchPls ILL MitchPls NASTY MitchPls
[10:26:21] <FuryBerserker> @nawncentz dan subs DansGame
[10:26:21] <Therealsnake1> @klausisbackxd kys
[10:26:22] <cynr_lol> smorc
[10:26:22] <Amigogang> KlausIsBackXD: @Reckful, the next event you go to im going to find you in your hotel room and scalp you, you stupid jew mother fuck
[10:26:22] <advancedcss> ANOTHA ONE AFTER THIS PogChamp
[10:26:24] <McDobo> ha HAAA test ? :tf:
[10:26:24] <Amigogang> KlausIsBackXD: @Reckful, the next event you go to im going to find you in your hotel room and scalp you, you stupid jew mother fuck .
[10:26:27] <zonegraff> THEY COUNTER US LUL
[10:26:27] <Bandtx> I JUST NOTICED AMUMU SUPPORT LUL
[10:26:27] <sociopathtest> I WILL TEST HIM https://www.youtube.com/watch?v=WI0Twlt1aek
[10:26:28] <%+Dyrhoi> PogChamp
[10:26:28] <KlausIsBackXD> Amigogang: KlausIsBackXD: @Reckful, the next event you go to im going to find you in your hotel room and scalp you, you stupid jew mother fuck.
[10:26:30] <KlausIsBackXD> Amigogang: KlausIsBackXD: @Reckful, the next event you go to im going to find you in your hotel room and scalp you, you stupid jew mother fuck,
[10:26:30] <Samb023> Kreygasm
[10:26:30] <TheEpicLink1> gachiGASM
[10:26:31] <beagles1337> gachiGASM
[10:26:31] <Hbib1> k
[10:26:32] <KlausIsBackXD> Amigogang: KlausIsBackXD: @Reckful, the next event you go to im going to find you in your hotel room and scalp you, you stupid jew mother fuck/
[10:26:32] BAN: KlausIsBackXD (300s)
[10:26:33] <daffyrino>* https://www.youtube.com/watch?v=WI0Twlt1aek pls just open this and listen
[10:26:33] <RoyUnderhill> @KlausIsBackXD, Someone wants attention LUL
[10:26:33] <supergachiman> K
[10:26:34] <Skunkzz66> wtf reckful still streaming? all nighter?
[10:26:35] <Ttiewinwt> @alahma and his overall lack of progress in league
[10:26:35] <Excroat3> Mods LUL
[10:26:36] <%Snitchu> PogChamp
[10:26:36] <%HadesTheDkGod> FREE HAhaa ðŸ¤“ FREE HAhaa ðŸ¤“ FREE HAhaa ðŸ¤“ FREE HAhaa ðŸ¤“ FREE HAhaa ðŸ¤“ FREE HAhaa ðŸ¤“ FREE HAhaa ðŸ¤“ FREE HAhaa ðŸ¤“ FREE HAhaa ðŸ¤“ FREE HAhaa ðŸ¤“
[10:26:37] <bossinx> Kreygasm GIVE ANNIE THE D Kreygasm
[10:26:39] <Mind_ifi_roll_weed> WARD UP CUH TriHard
[10:26:39] <MetaSMD> NA GANK
[10:26:39] <sociopathtest> https://www.youtube.com/watch?v=WI0Twlt1aek FOR SICENCE
[10:26:41] <secretsultan> ResidentSleeper
[10:26:42] <skillsize> !logs pro_y
[10:26:43] <@+^Nightbot> skillsize, https://tab-bot.net/overrustlelogs/reckful/pro_y
[10:26:44] <Unbrokenlol1111> ?????????
[10:26:44] <%HadesTheDkGod> FREE HAhaa ðŸ¤“ FREE HAhaa ðŸ¤“ FREE HAhaa ðŸ¤“ FREE HAhaa ðŸ¤“ FREE HAhaa ðŸ¤“ FREE HAhaa ðŸ¤“ FREE HAhaa ðŸ¤“ FREE HAhaa ðŸ¤“ .
[10:26:44] <Bbcnig> PogChamp
[10:26:45] <@+^Nightbot> PogChamp
[10:26:45] <StainXIII> shaco ganks Kappa
[10:26:46] <Unbrokenlol1111> STOP
[10:26:47] <syrenel> lol
[10:26:48] <Bandtx> LUL
[10:26:49] <Mabukboy> LUL
[10:26:49] <Samb023> HA HAAAAAAAAAAAA
[10:26:49] <doppler33> FREE HAhaa ðŸ¤“ FREE HAhaa ðŸ¤“ FREE HAhaa ðŸ¤“ FREE HAhaa ðŸ¤“ FREE HAhaa ðŸ¤“ FREE HAhaa ðŸ¤“ FREE HAhaa ðŸ¤“ FREE HAhaa ðŸ¤“ FREE HAhaa ðŸ¤“ FREE HAhaa ðŸ¤“
[10:26:49] <Dark_Annie> LOL
[10:26:50] <%Swank_Hozer> cmonBruh
[10:26:51] <Bbcnig> LUL
[10:26:52] <MehReg> ?
[10:26:52] <%RockdooMC> come on in PedoBear
[10:26:52] <Taryn71> lmfao
[10:26:52] <huntermaslowsky> wtf??
[10:26:52] <NoSiiii> LUL
[10:26:53] <Unbrokenlol1111> ??!?!?!?!?!?!?!?!
[10:26:53] <JusticeBeaver_> ALPHAFUL LUL
[10:26:54] <major_rager21> PogChamp
[10:26:54] <nawncentz> ME RACIST TriHard ME SPAM TriHard NO MOD TriHard NO BAN ME RACIST TriHard ME SPAM TriHard NO MOD TriHard NO BAN ME RACIST TriHard ME SPAM TriHard NO MOD TriHard NO BAN
[10:26:54] <Diarrhoeafantasty> forsenClown
[10:26:54] <StainXIII> ???????????????
[10:26:54] <Andrew1798> LUL
[10:26:56] <Chromen66> !logs imaqtpie
[10:26:56] <retallic> ???????
[10:26:57] <huntermaslowsky> ?????????????????????????????????????????????
[10:26:57] <%Lirux97> WutFace
[10:26:57] <Bandtx> ???????????????????????????????????????
[10:26:58] <Unbrokenlol1111> !??!?!?!?!?!??!!?!??!?!!?
[10:26:58] <mstrx1993> ?
[10:26:58] <Sneke_> ???????????
[10:26:58] <FRULMFAO> LOL
[10:26:58] <st0neh> LUL
[10:26:58] <chrisjhin> ?????????????????????????????????????
[10:26:59] <alahma> @Ttiewinwt thats it ^
[10:26:59] <Bbcnig> ???
[10:26:59] <Xyles_O> ????
[10:26:59] <sociopathtest> https://www.youtube.com/watch?v=WI0Twlt1aek 1 MAN SPAM FOR THE WIN
[10:26:59] <MetaSMD> WTF
[10:27:00] <Andrew1798> alphaful
[10:27:00] <huntermaslowsky> ?????????????????????????????????????
[10:27:00] <Samb023> :UL
[10:27:00] <nCogN2Burri2> ur are
[10:27:00] <Unbrokenlol1111> >?????????????????????????????????????
[10:27:00] <mycomian> ????????????????????????/
[10:27:00] <Dark_Annie> CUCKED
[10:27:01] <Ghoulist> ????????????????????????
[10:27:01] <squab_rl> LOL
[10:27:01] <Excroat3> LUL
[10:27:01] <pablopicass0> ?????????????????????????????
[10:27:01] <Theirieone> wtf are you doing
[10:27:01] <desecrated_aces> LUL
[10:27:02] <Zeeba_> LUL
[10:27:02] <Wingsonmeth> LUL LUL LUL
[10:27:02] <Bendings> ??????????????????
[10:27:02] <Ptitjo97> ????????
[10:27:02] <FRULMFAO> ???????????
[10:27:02] <TheEpicLink1> gachiGASM gachiGASM
[10:27:02] <Kefunxdd> LOL>>>>>>>>????
[10:27:02] <MordekaiserN1> ROFL
[10:27:02] <AceGoesLive> lol
[10:27:03] <McDobo> LUL
[10:27:03] <daffyrino>* https://www.youtube.com/watch?v=WI0Twlt1aek pls just open this and listen
[10:27:03] <%+Dyrhoi> LUL
[10:27:03] <Zequre> ????????????????
[10:27:03] <woldin> CLOSE
[10:27:03] <DLG_Syrup> LUL
[10:27:03] <ropeshoted> LOL
[10:27:03] <MehReg> LUL LUL LUL
[10:27:03] <3310> ??????
[10:27:03] <phailyor> u r
[10:27:03] <%bojij> WutFace
[10:27:03] <ZenfulGaming> LUL
[10:27:03] <DragonC0ck> forsenW forsenW forsenW forsenW forsenW forsenW forsenW
[10:27:03] <huntermaslowsky> WTF WAS THAT
[10:27:03] <Jzamaus> LUL
[10:27:03] <BIGxBerg> WutFace
[10:27:03] <beagles1337> LOL
[10:27:03] <subzstanc3> LUL
[10:27:03] <Sneke_> ??????????????????????????????????????????6
[10:27:03] <Justinyummy1998> ???????????
[10:27:03] <Pow_3r> hahahaha
[10:27:03] <Taryn71> LOL
[10:27:03] <mstrx1993> LUL
[10:27:03] <Bandtx> WAT R U DOING LUL
[10:27:03] <jake_ssbm> ??????????????????
[10:27:03] <Ghoulist> ??????????????????????????????
[10:27:03] <haxzorlive> LUL
[10:27:03] <MetaSMD> ??????????????????????????????????
[10:27:05] <Samb023> WutFace
[10:27:05] <MlgKevin> LUL SO BAD
[10:27:05] <SuperNinjaZX9R> Baited :(
[10:27:05] <Kapriox> Kappa
[10:27:05] <Magaziine> LUL
[10:27:05] <Erythroxlym> BabyRage
[10:27:05] <lolbawz> LOL
[10:27:05] <%Demobalderes> ROFL
[10:27:05] <sff45f> LUL
[10:27:05] <Zlozmaj> LUL
[10:27:05] <Ghoulist> ?????????????????????????????????????????????
[10:27:06] <lucifertu> LULULUL
[10:27:06] <siegfried1011> SNIPED
[10:27:06] <ptrnguyen> LUL
[10:27:06] <phailyor> LOL
[10:27:06] <Stillsoceebs> ????????????????????????????????
[10:27:06] <Azerthas> ???????????????????????
[10:27:06] <Cpt_Cosmo> SwiftRage
[10:27:06] <DragonC0ck> forsenW forsenW forsenW forsenW forsenW forsenW
[10:27:06] <Yahyan> LUL
[10:27:06] <Ptitjo97> WutFace
[10:27:06] <Bbcnig> LOL
[10:27:06] <readmynameples> ROFL
[10:27:06] <Momentz64> WTF
[10:27:06] <refle3x> WutFace
[10:27:06] <Ghoulist> ???????????????
[10:27:06] <BestBunnyEverNA> xD
[10:27:07] <gamerexq> so bad :)
[10:27:07] <xnitely> LOOOL
[10:27:07] <MehReg> WutFace
[10:27:07] <%+Dyrhoi> DOOOOOOOOOOOOOOOOD D:
[10:27:07] <lukazarra1> ??????????????
[10:27:07] <Zeekey> 4Head
[10:27:07] <the_weeknd12> LUL
[10:27:07] <safkjgs> FUCK
[10:27:07] <OnlyInferior> ????????
[10:27:07] <Thyres> LUL
[10:27:07] <thejasman2106> TTours
[10:27:07] <Momentz64> ARE U DOING
[10:27:07] <ãƒ‘ã‚¤ãƒ‘ãƒ³æœ€é«˜> FailFish
[10:27:07] <vo3thefabulous> ??
[10:27:07] <Brelovix> LOL
[10:27:07] <Foxk3h> LUL
[10:27:07] <SkeeterVanBuren> ??????
[10:27:07] <Whatsoever2> lol
[10:27:07] <Sumo_Fred> LOL
[10:27:07] <WikInnes> ????????????????
[10:27:09] <SfakuS15> LUL
[10:27:09] <supergachiman> LOOOOOL
[10:27:09] <Corvus__> Wtf was that play
[10:27:09] <Hazzium> HES SO BAD
[10:27:09] <Quantumplate> BabyRage
[10:27:09] <LiveHiFi> LUL
[10:27:09] <Brkatheboss> LOL SO BAD
[10:27:09] <dagrothus> ????????????
[10:27:09] <umamis> smart
[10:27:09] <%RockdooMC> WutFace
[10:27:10] <badlski> ??????????????????
[10:27:10] <Geronimo973> PogChamp
[10:27:10] <D00MBRINGER23> ULU
[10:27:10] <Mind_ifi_roll_weed> LUL
[10:27:10] <FatalStrife> reckRage
[10:27:10] <beagles1337> NICE FLASH LOL
[10:27:10] <grego77a> lol
[10:27:10] <HugeDonger69> LOL
[10:27:10] <doppler33> FREE HAhaa ðŸ¤“ FREE HAhaa ðŸ¤“ FREE HAhaa ðŸ¤“ FREE HAhaa ðŸ¤“ FREE HAhaa ðŸ¤“ FREE HAhaa ðŸ¤“ FREE HAhaa ðŸ¤“ FREE HAhaa ðŸ¤“ FREE HAhaa ðŸ¤“ FREE HAhaa ðŸ¤“.
[10:27:10] <sunny7208> ?????????????????
[10:27:10] <qualityfart> SURPRISE
[10:27:10] <glocke19> ?????????????????????????????????
[10:27:11] <azubu_conation> LUL
[10:27:11] <Azerthas> ????????????????????????????????
[10:27:11] <nCogN2Burri2> lvl 5 with ignite
[10:27:11] <WikInnes> ????????????
[10:27:11] <Wabbbit6> ????????
[10:27:11] <beagles1337> LOOOL
[10:27:11] <Abuxlol> LUL SO BAD
[10:27:11] <Samb023> ?????????????????
[10:27:12] <Nikoshibo> wtf was that
[10:27:12] <Wingsonmeth> ANELE KAPOW
[10:27:12] <KiLL000RD> get beter
[10:27:12] <jrmunro11> LUL
[10:27:12] <Style_bot> Wtf
[10:27:12] <thefirekeeper> ??????????
[10:27:12] <Mprizza> ???????????????
[10:27:12] <Kingofthelolz100> WutFace LUL
[10:27:12] <Wertyre> WutFace
[10:27:12] <Yahyan> WTF
[10:27:12] <Ahoz> @wthandrew, nice 1 man spam bitch
[10:27:12] <%HadesTheDkGod> ???????????
[10:27:13] <syrenel> WTF U WALKED UP TO THEM
[10:27:13] <Britishpikachu> ONLY LEVEL 5 LUL
[10:27:13] <Katalist_> WutFace
[10:27:13] <Viewerzzzz> WutFace
[10:27:13] <squab_rl> SHOULD OF FOCUSED SHACO IF ANYTHING
[10:27:13] <Alaxai> running back in LUL
[10:27:13] <%Snitchu> WutFace
[10:27:13] <Sneke_> LITERALLY AUTISTIC
[10:27:13] <supah6> wow
[10:27:13] <Franzeir> lul
[10:27:14] <cynr_lol> DansGame
[10:27:14] <Sumo_Fred> WHY GO BACK
[10:27:14] <Bbcnig> CRAZY JEW GOING INSANE WutFace
[10:27:14] <tiojoe7> LUL
[10:27:15] <sff45f> feeding a level 5 scrub LUL
[10:27:15] <ItzVino> LLLLLLLLLLLLLLLLLLLLLLL
[10:27:15] <sociopathtest> https://www.youtube.com/watch?v=WI0Twlt1aek SIR PLZ 1 MAN SPAM
[10:27:15] <Ayjayo> LUL
[10:27:16] <Bandtx> ?????????????????
[10:27:16] <Drpoor> ???????????????
[10:27:16] <fwulol> he wants to rage so hard but he's hiding it LUL
[10:27:16] <liknz> wtf
[10:27:16] <theef1aw> Why tho?
[10:27:16] <kurts04> LUL
[10:27:16] <riugan> AROUUUUUUUUUUUUUUUUU
[10:27:17] <Dat_Guy_Oliver> ???
[10:27:17] <SuperNinjaZX9R> :( baited :(
[10:27:17] <Reydric> SO BAD LUL
[10:27:17] <Theguy1> ????????????????????
[10:27:17] <Excroat3> ????????Â¿Â¿Â¿Â¿!Â¿'
[10:27:18] <raithyx2> ??????????????
[10:27:18] <glocke19> ?????!?!???/
[10:27:18] <MordekaiserN1> noooooo KappaPride
[10:27:18] <undeadnipple> LUL
[10:27:19] <mycomian> ????????????????????????????????????????????????
[10:27:19] <Whatsoever2> :P
[10:27:19] <qualityfart> YOU WERE CORRECT
[10:27:19] <PC_Peasant> MOM BOOM ANELE MOM BOOM ANELE
[10:27:20] <Drpoor> ??????????????????????????????????????????????
[10:27:20] <Rapsfan231> 50 cs at 10 not bad
[10:27:20] <tiojoe7> ??????????????????????
[10:27:20] <Azerthas> WTF DID I JUST WATHC
[10:27:20] <MehReg> HES GOING INSANE WutFace
[10:27:21] <riugan> FrankerZ
[10:27:22] <Abuxlol> ??? reckClap ??? reckClap ??? reckClap ??? reckClap ??? reckClap ??? reckClap ??? reckClap ??? reckClap ??? reckClap ??? reckClap ??? reckClap ??? reckClap ??? reckClap ??? reckClap ??? reckClap
[10:27:22] <supergachiman> BabyRage
[10:27:22] <mstrx1993> jew death
[10:27:22] <r4dko> NA PLAYS Kappa
[10:27:22] <Ghoulist> ??????????????????????????????
[10:27:23] <DrFuzzles> 2v1 LETS TURN AROUND
[10:27:23] <Crazyhob02> SO ASS LOL
[10:27:24] <SfakuS15> Good play =]
[10:27:24] <Samb023> FUCCCCCCCCCK WutFace
[10:27:24] <Dan_437> worth
[10:27:24] <FrinkerZ> FrankerZ
[10:27:24] <BoiledBadger> !uptime
[10:27:24] <treasurebandito> USA USA USA
[10:27:24] <Stillsoceebs> kill the fucking shaco
[10:27:24] <Danielnichiata> hahahah
[10:27:24] <Nikoshibo> not even under tower
[10:27:25] <Zlozmaj> The liss nerf actually killed him lol, otherwise he might have lived
[10:27:25] <%RockdooMC> uncoachable
[10:27:25] <@+^Nightbot> BoiledBadger 15 hours, 51 minutes
[10:27:25] <@gapbl4> reckSanta FUCK
[10:27:25] <advancedcss> LUL
[10:27:25] <Lightninghammer> YOU WALKED INTO THEM LUL
[10:27:25] <Malzzel> ANNIE IS BRONZE FOUR LUL ANNIE IS BRONZE FOUR LUL ANNIE IS BRONZE FOUR LUL ANNIE IS BRONZE FOUR LUL ANNIE IS BRONZE FOUR LUL ANNIE IS BRONZE FOUR LUL
[10:27:25] <Xyles_O> why did you run at her?
[10:27:25] <xBl4ckHood> What was that? lol
[10:27:25] <BeautifulModestAverageD> ?????????????????????????????
[10:27:26] <Bandtx> THAT WAS THE MOST SURVIVABLE GANK IVE EVER SEEN
[10:27:26] <Crazyhob02> KYS
[10:27:26] <Trophyplayer> SOCIOPATH
[10:27:27] <HaraaAamOp> JAJAHAHAAHAHAHA
[10:27:28] <JusticeBeaver_> RAGE SwiftRage RAGE SwiftRage RAGE SwiftRage RAGE SwiftRage
[10:27:29] <squab_rl> YOULL GET EM NEXT TIME DAD
[10:27:29] <Danielnichiata> LOLLLL
[10:27:29] <Bbcnig> JEW WutFace
[10:27:30] <Coolstorym8> CALL MOM SHES CELEBRATING 9/11 ANELE
[10:27:30] <riugan> AROOOOOOOOOOOOOOOUUUUUUUUUU FrenkerZ
[10:27:30] <Magaziine> XD LUL
[10:27:30] <%Explodeowl> losing it
[10:27:30] <ScrollStorm> Is this godful? I thought this was godful? I guess its not godful LUL
[10:27:30] <hola11342> STILL WASTED FASH AND ULT LUL
[10:27:30] <Syll_> Rapsfan231, thats not good lmfao
[10:27:32] <Drpoor> MitchPls
[10:27:32] <@+^Nightbot> MitchPls THIS MitchPls SONG MitchPls IS MitchPls ILL MitchPls NASTY MitchPls
[10:27:32] <xnitely> BrokeBack he' lost it bois
[10:27:32] <ProfessorDinks> ðŸ¤” has reckful finally gone insane? ðŸ¤”
[10:27:32] <HaraaAamOp> im dying man
[10:27:32] <RoyUnderhill> WutFace dont rage
[10:27:32] <%Snitchu> GO TO SLEEP WutFace
[10:27:33] <supergachiman> FUCK MAN? gachiGASM
[10:27:33] <Galaxydragon1199> @reckful can I play a game with u
[10:27:33] <i2net> xxxwandalxxx: no
[10:27:33] <Kingofthelolz100> PAID TO THROW LUL
[10:27:35] <sociopathtest> https://www.youtube.com/watch?v=WI0Twlt1aek THIS GAME IS BREAKING YOUR MIND
[10:27:35] <MehReg> HE SAID IT TriHard HE SAID IT TriHard HE SAID IT TriHard HE SAID IT TriHard HE SAID IT TriHard HE SAID IT TriHard HE SAID IT TriHard HE SAID IT TriHard HE SAID IT TriHard
[10:27:36] <xenforcer> at least hes not raging
[10:27:36] <iTsNerdRage> !uptime
[10:27:36] <FuryBerserker> Byron u need food to chill
[10:27:37] <nunix16> 50 cs 10 minutes 4Head
[10:27:37] <@+^Nightbot> iTsNerdRage 15 hours, 51 minutes
[10:27:38] <%HadesTheDkGod> ANNIE GROWING TriHard ANNIE GROWING TriHard ANNIE GROWING TriHard ANNIE GROWING TriHard ANNIE GROWING TriHard ANNIE GROWING TriHard ANNIE GROWING TriHard
[10:27:38] <lcooper50> TriHard
[10:27:39] <riugan> AROOOOOOOOOOOOOOOUUUUUUUUUU FrankerZ
[10:27:39] <CSI_d00d> trying so hard to be happy NotLikeThis
[10:27:39] <Snafu8> IM OUT LUL
[10:27:40] <Bbcnig> PAID TO THROW Kappa
[10:27:40] <raithyx2> WutFace
[10:27:41] <BeautifulModestAverageD> ???????????????????????????/
[10:27:42] <Sir_atomo> this is actually really creepy
[10:27:43] <sociopathtest> https://www.youtube.com/watch?v=WI0Twlt1aek SO GOOD
[10:27:43] <T3hChamp> !uptime
[10:27:44] <Kiwiboy1994> League is corrupting papa reckful :(
[10:27:44] <@+^Nightbot> T3hChamp 15 hours, 51 minutes
[10:27:45] <Samb023> GO TO FUCKIN SLEEEEEEEEP
[10:27:45] <%HadesTheDkGod> ANNIE GROWING TriHard ANNIE GROWING TriHard ANNIE GROWING TriHard ANNIE GROWING TriHard ANNIE GROWING TriHard ANNIE GROWING TriHard
[10:27:46] <DLG_Syrup> NO
[10:27:46] <babyfootmanLFA> paralympic plays
[10:27:47] <Rapsfan231> @Syll_, are u new? he normally gets 25 at 10 LOL
[10:27:48] <Bandtx> NOPE
[10:27:48] <i2net> haha
[10:27:49] <jake_ssbm> no
[10:27:49] <ã‚¤ãƒŸãƒ¯ã‚«ãƒ³ãƒŠã‚¤> LUL
[10:27:49] <DoubleLush> DAD IS SCARY WHEN ANGRY
[10:27:49] <ExileD32> reckSanta reckSanta reckSanta reckSanta
[10:27:50] <Theguy1> NO WTF LUL
[10:27:50] <jake_ssbm> 0% chance
[10:27:50] <Brkatheboss> You cant 1v1 bro
[10:27:51] <NoSiiii> LUL
[10:27:52] <BoiledBadger> !rank
[10:27:52] <@+^Nightbot> BoiledBadger, Byronze's current rank: Silver V | op.gg: http://na.op.gg/summoner/userName=Byronze
[10:27:54] <mycomian> NO THERE WASNT
[10:27:54] <Joe7115> No fam
[10:27:55] <nCogN2Burri2> they did 1v2 u
[10:27:56] <Joe7115> just no
[10:27:56] <Astrodinger> no there absolutely was not
[10:27:57] <%Snitchu> Easy double
[10:27:57] <supergachiman> ????
[10:27:57] <RoyUnderhill> ðŸ¤”
[10:27:58] <Hootzin> not at all
[10:27:58] <Britishpikachu> PLAY KATARINA TO 1V2
[10:27:59] <SuperKurre> LUL
[10:28:00] <Theguy1> NA MATH LUL
[10:28:01] <sunny7208> YES
[10:28:01] <riugan> YR TOO ASS BRO LUL
[10:28:01] <DragonC0ck> TriHard anne grow
[10:28:02] <%Snitchu> Cant
[10:28:02] <twitchjebac> THERE WAS LOL BRONZE CHAT
[10:28:02] <Unbrokenlol1111> ???
[10:28:03] <Therealsnake1> @amigogang kys
[10:28:03] <Blaoop> CS
[10:28:04] <Blue_Clouds> play with GoodGuyGarry
[10:28:04] <%morquexlolz> neilyo that stun dwag
[10:28:04] <Excroat3> ðŸ¤”
[10:28:04] Viewerstats (10:18-10:26): avg:10,568 min:10,468 max:10,738 [5/10,468+43+46+11+170]
# Log closed: 2016-09-11 10:28:04 +0800
-
