# Log started: 2016-09-16 06:28:46 +0800
[06:28:46] Joining #cheflethalplays..
[06:28:46] ~Chilaquiles w/Sous Vide Chicken!  !points !discord #food #cooking #d2s (Creative)~
[06:28:46] You have joined #cheflethalplays
[06:28:46] MOD: Cheflethalplays, Khostic, Purekaos26, Cheflethalbot, Cherrygryffon, Caitnippers, Thepimz, Mrslethalplays
[06:28:52] <Mrosiris1995> oh jeez
[06:28:56] <@+ThePimz> alright brb need to pee
[06:29:00] <Mrosiris1995> LOL tyson
[06:29:01] <@PureKaos26> pee safely?
[06:29:06] <@CherryGryffon> Lmaooooo XD Poor Tyson
[06:29:17] <Mrosiris1995> teach you to lock me out hooman
[06:29:18] <Gotycki_Rosa> wow lol
[06:29:21] <@Khostic> that's what you get for closing the door
[06:29:23] <@Khostic> Kappa
[06:29:24] <Mrosiris1995> ^
[06:29:26] <xFlare25> pimmly boo bear
[06:29:29] <xFlare25> hi
[06:29:29] <@Caitnippers> ^
[06:29:30] <limnatide> lol
[06:29:31] <@Caitnippers> ruined
[06:29:34] <@Caitnippers> damnit drizz
[06:29:37] <@PureKaos26> ^
[06:29:39] <xFlare25> ^
[06:29:43] <@Caitnippers> ^
[06:29:48] <DoctorBooMD> ^
[06:29:48] <@CherryGryffon> I just put in earplugs when I go to sleep anymore. I've decided sleep is more valuable so I'll clean up what the cats break in teh morning xD
[06:29:50] <@PureKaos26> He says hi to Pimmy, and ignores the rest of us.
[06:29:51] <@PureKaos26> nice.
[06:29:52] <@PureKaos26> :-P
[06:29:54] <@Caitnippers> Right?
[06:30:04] <@PureKaos26> And Pimmy isn't even here right now!!
[06:30:04] <@Khostic> what a deck
[06:30:05] <@PureKaos26> Geesh
[06:30:17] <@Caitnippers> He'sjust like Chad from that show
[06:30:29] <@Khostic> fucking chad
[06:30:30] <Mrosiris1995> LOL
[06:30:34] <xFlare25> hi purekaos26, hi caitnippers, hi khostic, hi cherrygryffon, hi doctorboomd, hi limnatide, hi mrosiris1995
[06:30:38] <Gotycki_Rosa> my cat does that
[06:30:39] <xFlare25> there, you happy? Kappa
[06:30:39] <Gotycki_Rosa> lol
[06:30:40] <Mrosiris1995> hai drizz <3
[06:30:41] <@PureKaos26> <3
[06:30:42] <@Caitnippers> No
[06:30:42] <@Khostic> too late, drizz
[06:30:42] <@CherryGryffon> O/ Flaaare chefHeart
[06:30:46] <limnatide> HI Drizz
[06:30:55] <DoctorBooMD> howdy @xFlare25
[06:31:04] <@Caitnippers> You used to love us more Drizz BibleThump
[06:31:12] <xFlare25> khostic, i'll give you a special hello later FeelsAmazingMan
[06:31:20] <@Khostic> oh boy KappaPride
[06:31:22] <Mrosiris1995> ^
[06:31:22] <@PureKaos26> pics or it didn't happen
[06:31:24] <@Caitnippers> ^
[06:31:26] <Mrosiris1995> ^^
[06:31:38] <Belladonnarose> chipettes music
[06:31:48] <@Caitnippers> Pimmy promised me pics if he and drizz would ever kiss
[06:31:54] <@PureKaos26> Oh, dear
[06:31:55] <xFlare25> uh
[06:32:00] <Mrosiris1995> RIP
[06:32:01] <xFlare25> ewwwwwww
[06:32:01] <@+ThePimz> Only because it would ruin the image of drizz in your head
[06:32:06] <@+ThePimz> Hi drizz
[06:32:10] <@CherryGryffon> PogChamp firrrre
[06:32:15] <@CherryGryffon> sketchFeels oh
[06:32:35] <@Caitnippers> Drimz <3
[06:32:39] <@PureKaos26> ^
[06:32:52] <@PureKaos26> I'd let that ship sail all around the world three times.
[06:32:57] <@Caitnippers> ^
[06:33:07] <@+ThePimz> This is getting tiresome
[06:33:18] <Butterwhales> beep beep beep?
[06:33:19] <@+ThePimz> You're like the golden girls without the drug addictions.
[06:33:30] <@PureKaos26> who?
[06:33:31] <Butterwhales> lol
[06:33:41] <Mrosiris1995> beep boop beep
[06:33:45] <xFlare25> that ship is on dry land, ladies
[06:33:48] <@+ThePimz> ^
[06:33:52] <@Caitnippers> ppft
[06:33:54] <@+ThePimz> Drizzy doesn't love me anymore
[06:33:57] <@PureKaos26> ^
[06:34:00] <xFlare25> ^
[06:34:01] <@PureKaos26> oh
[06:34:03] <@Caitnippers> LOL
[06:34:04] <@PureKaos26> mine was for Cait
[06:34:07] <xFlare25> nah too late
[06:34:11] <@+ThePimz> Yep
[06:34:11] <Butterwhales> lol
[06:34:11] <xFlare25> pimmy never loved me anyway
[06:34:12] <Gotycki_Rosa> omg lol
[06:34:17] <Mrosiris1995> LOL
[06:34:18] <@+ThePimz> Drizz is right
[06:34:19] <@PureKaos26> Drizz doesn't love anyone, it's okay.
[06:34:25] <@Caitnippers> ^
[06:34:28] <Mrosiris1995> ^
[06:34:28] <xFlare25> that's fair
[06:34:30] <@+ThePimz> I only have room for one person in my heart.
[06:34:43] <@+ThePimz> And that's me.
[06:34:44] <AllyRosepetal> hello chef :D
[06:34:47] <Mrosiris1995> the hamburgerler?
[06:34:48] <Mrosiris1995> oh
[06:34:49] <Gotycki_Rosa> heya sis
[06:34:51] <xFlare25> hahah yes
[06:34:52] <@Caitnippers> Damn, I was about to say your doge
[06:34:55] <Mrosiris1995> rip Cait
[06:34:56] <Mrosiris1995> :c
[06:34:57] <limnatide> Hi Ally Hi Rosa
[06:34:58] <AllyRosepetal> heya sis lol
[06:35:01] <xFlare25> rip briggsy
[06:35:02] <@+ThePimz> Cait, always thinking of the animals first
[06:35:07] <@Caitnippers> well yeah
[06:35:10] <AllyRosepetal> hi @limnatide
[06:35:10] <Gotycki_Rosa> hai @limnatide
[06:35:26] <Butterwhales> Does Drizz love the endangered butterwhales?
[06:35:28] <Nycozation> Helloes!
[06:35:34] <@PureKaos26> no, sorry
[06:35:36] <Butterwhales> lel
[06:35:36] <Gotycki_Rosa> lol kitteh
[06:35:39] <@PureKaos26> he has no heart or soul
[06:35:39] <@Caitnippers> He's heartless
[06:35:40] <@+ThePimz> Wait is chef still talking? Kappa
[06:35:47] <limnatide> Hi Coz
[06:35:47] <AllyRosepetal> lol
[06:35:47] <@+ThePimz> And no face either
[06:35:48] <xFlare25> hello mister whale :D
[06:35:49] <@^cheflethalbot> Nycozation, that host accentuates your natural beauty quite nicely. Thank you!
[06:35:49] <Mrosiris1995> aww tyson <3
[06:35:50] <newfieguy4> Chefersssssssss
[06:35:54] <Prowling_Panther> chef! o/
[06:35:58] <limnatide> Hey Newf
[06:35:59] <@^cheflethalbot> Gotycki_rosa, that host accentuates your natural beauty quite nicely. Thank you!
[06:36:20] <newfieguy4> Hi @limnatide :-D
[06:36:35] <LottieLatte> ohhey it Chef
[06:36:37] <@PureKaos26> CAIT
[06:36:39] <@PureKaos26> I figured it out
[06:36:42] <@Caitnippers> WHAT
[06:36:43] <@PureKaos26> Drizzle is Voldemort.
[06:36:43] <limnatide> Lottie!
[06:36:46] <DoctorBooMD> !quote 3
[06:36:47] <@^cheflethalbot> Quote #3: "I'm a married man! ...Oh, hello, who are YOU?" [Stardew Valley] [03/02/2016]
[06:36:49] <@PureKaos26> explains SOOOO much
[06:36:50] <@Caitnippers> Omg that makes sense
[06:36:51] <AllyRosepetal> chicken
[06:36:53] <AllyRosepetal> mmmm
[06:36:54] <Butterwhales> do you have fire alarms now?
[06:36:54] <LottieLatte> c:
[06:37:04] <xFlare25> explains why my nose disappeared
[06:37:05] <Bakamon0> I'd like to recommend Ear Plugs. Mrs. Baka and I use them every night.
[06:37:06] <xFlare25> SeemsGood
[06:37:07] <@+ThePimz> You guys are so rude. Drizz isn't that bad.
[06:37:09] <Gotycki_Rosa> my sis is here chef lol
[06:37:12] <AllyRosepetal> :)
[06:37:15] <@Khostic> "that bad"
[06:37:17] <@Khostic> wow pimz
[06:37:19] <newfieguy4> Hi mods :-D n hi lurkers and non-lurks
[06:37:22] <@+ThePimz> What?
[06:37:30] <@+ThePimz> He makes mom jokes about his own mom.
[06:37:35] <@Khostic> hey newfie o/
[06:37:37] <@PureKaos26> Drizz is actually a cutie patootie, but he's got the soul of Voldemort.
[06:37:40] <@Khostic> rofl
[06:37:42] <Prowling_Panther> were u able to find ur wireless setup that u wanted chef?
[06:38:01] <LottieLatte> I'm between like, passed out moments
[06:38:10] <Gotycki_Rosa> nah I like stories @Cheflethalplays :)
[06:38:11] <newfieguy4> Hi purrrrrrrre <3 <3 <3
[06:38:12] <xFlare25> pimmy you left out the dead part
[06:38:17] <@+ThePimz> Well
[06:38:17] <@+ThePimz> Yea
[06:38:19] <AllyRosepetal> whatcha making
[06:38:21] <@Caitnippers> damn
[06:38:35] <Prowling_Panther> got ya. good to hear. :) cant wait for the first test run
[06:38:38] <@^cheflethalbot> Rumplefugs, that host accentuates your natural beauty quite nicely. Thank you!
[06:38:41] <limnatide> !quote 93
[06:38:41] <@^cheflethalbot> Quote #93: "mrslethal is best mod" [Creative] [08/18/2016]
[06:38:42] <@PureKaos26> I make jokes about my mom, too, but it doesn't have the same...evilness to it...b/c she's not dead.
[06:38:45] <@+ThePimz> Hi rumple
[06:38:50] <rumplefugs> o/
[06:38:51] <@PureKaos26> the dead jokes make it...soulless
[06:38:55] <Butterwhales> 🐳 <-- best animal
[06:39:10] <xFlare25> @Cheflethalplays, how do you keep the thighs from getting greasy/oily tasting? thighs always seem really slimy even when cooked for me
[06:39:10] <Mrosiris1995> wow chef is murdering pokemon
[06:39:12] <Mrosiris1995> D:
[06:39:14] <Mrosiris1995> Unsub
[06:39:18] <@CherryGryffon> What does bay taste like D:
[06:39:18] <@Caitnippers> I make jokes about my deadbeat dad sometimes, does that count? :')
[06:39:30] <@PureKaos26> yes, dead.
[06:39:33] <@PureKaos26> key word
[06:39:47] <@Caitnippers> lol
[06:39:53] <@+ThePimz> Let's be real Cait
[06:39:56] <LottieLatte> I just enjoyed the way he said 'boneless skinless chicken thighs '
[06:39:56] <@+ThePimz> He is a joke.
[06:40:01] <Mrosiris1995> mmm forest
[06:40:04] <@Caitnippers> True
[06:40:07] <@CherryGryffon> Is it like cilantro? Like that kinda spicy? Or more like garlic spicy?
[06:40:10] <Shadzar> pine needle tea is ok :p
[06:40:15] <@+ThePimz> Imma lurk for a bit. Too much feels.
[06:40:16] <@PureKaos26> pine needles tea???
[06:40:30] <Butterwhales> for a min i thought you said bae @CherryGryffon
[06:40:32] <AllyRosepetal> lol
[06:40:44] <@CherryGryffon> Oh I know what bae tastes like Kappa
[06:40:46] <@CherryGryffon> PogChamp SHAD
[06:40:49] <LottieLatte> I ate pine needles when I was younger
[06:40:49] <@CherryGryffon> sketchH O/
[06:40:55] <HnossOfHEL> Rosemary is the same way.
[06:40:56] <@PureKaos26> I'm not surprised, Lottie
[06:40:57] <@PureKaos26> lol
[06:40:58] <Shadzar> o/
[06:41:09] <Mrosiris1995> lol lottie who hasn't done that
[06:41:14] <@CherryGryffon> I can't do Rosemary D: Tastes like mechanic's soap D:
[06:41:25] <@CherryGryffon> HOG PogChamp
[06:41:27] <LottieLatte> pffft
[06:41:31] <@CherryGryffon> You're describing all the things I love, Chef sketchGasm
[06:41:36] <Butterwhales> @Mrosiris1995, people who dont live near pine trees
[06:41:38] <LottieLatte> I ate a lot of nature things as a kid
[06:41:38] <rainbows1234> heyyyy
[06:41:45] <AllyRosepetal> cant talk lmao
[06:41:52] <Mrosiris1995> sounds like scrubs to me Kappa
[06:41:53] <taolos> so you don't have to talk?
[06:41:54] <@+ThePimz> Just mute it before it gets more awkward
[06:41:54] <HnossOfHEL> blow your ear drums
[06:41:56] <limnatide> Hi rainbows
[06:41:59] <LottieLatte> I once tried to eat a pine cone
[06:42:01] <rainbows1234> ear balls?
[06:42:04] <Butterwhales> lol @Mrosiris1995
[06:42:05] <rainbows1234> hiii
[06:42:07] <Prowling_Panther> words chef! wingwish for da win!
[06:42:27] <@PureKaos26> MAGIC
[06:42:34] <@PureKaos26> Wingwish lolololol
[06:42:38] <@PureKaos26> omg I'm so stealing that
[06:42:40] <@Khostic> MAGIC PogChamp
[06:42:48] <@Caitnippers> D:
[06:42:50] <taolos> seal that meat good Kreygasm
[06:42:51] <rainbows1234> Chef why do you say it twelve thirty four?
[06:43:01] <@PureKaos26> I need new glasses - I saw Chef put his hand up and thought it was another face.
[06:43:17] <LottieLatte> magic
[06:43:17] <DoctorBooMD> as long as you don't think the chicken is a face
[06:43:22] <xFlare25> WutFace @PureKaos26
[06:43:25] <rainbows1234> alright makes sense
[06:43:35] <@PureKaos26> that's about what I saw, drizz
[06:43:45] <Butterwhales> but the chicken will die without air chef
[06:43:53] <blankspaceblank> is it worth to buy a sous vide cooker or just do it the ghetto way
[06:44:03] <LottieLatte> plot twist, the chicken is already dead
[06:44:10] <@PureKaos26> SPOILERS
[06:44:26] <Mrosiris1995> wow lottie thanks for spoiling it for me D:
[06:44:32] <Mrosiris1995> I'm 3 weeks behind
[06:44:44] <LottieLatte> aw rosy
[06:44:48] <LottieLatte> I'm sorry
[06:44:53] <Mrosiris1995> :(
[06:44:58] <Bakamon0> Chef, if the kitty is bothering you at night, I recommend using ear plugs, Mrs Baka and I dont go without them.
[06:44:59] <Bleikfisk> do you use fahrenheit or celcius?
[06:45:03] <DaddysGamerGiirl> where are the chicks?
[06:45:18] <Mrosiris1995> it's ok Lottie I forgive you <3
[06:45:23] <LottieLatte> the cat bothers me at night
[06:45:31] <Gotycki_Rosa> moist
[06:45:33] <Gotycki_Rosa> lol
[06:45:37] <LottieLatte> <3
[06:45:42] <@CherryGryffon> Agreed Baka, I HAVE to sleep with earplugs in xD
[06:45:51] <Mrosiris1995> mini is very well behaved at night <3
[06:45:53] <@CherryGryffon> Otherwise, I never sleep. lol
[06:45:53] <blankspaceblank> lol
[06:45:55] <Mrosiris1995> she just sleeps
[06:46:01] <newfieguy4> Think @purekaos26 do need new glasses she didnt see me say hello :-( lol
[06:46:06] <Mrosiris1995> usually
[06:46:07] <LottieLatte> Mari will drop something at my back and paw me until I throw it
[06:46:11] <@PureKaos26> OMG HI NEWFIE
[06:46:14] <@CherryGryffon> Most of ours are well behaved, but we do have 12 so... SOMEone is going to be up to SOMEthing lol
[06:46:14] <DaddysGamerGiirl> LOL
[06:46:15] <@PureKaos26> definitely need new glasses
[06:46:15] <Mrosiris1995> otherwise she's attacking my mirror
[06:46:17] <@PureKaos26> holy shiz
[06:46:31] <rainbows1234> So much homework :(
[06:46:51] <@PureKaos26> ...seeing newfie yell at me reminded you of a story. oh, dear.
[06:46:54] <Butterwhales> my dad uses a vacuum sealer to save food for later
[06:47:04] <newfieguy4> My broken newfie heart lol
[06:47:13] <@PureKaos26> Newfie <3
[06:47:18] <Gotycki_Rosa> lol
[06:47:20] <xFlare25> @Cheflethalplays, do you have a playlist for your music or do you use something like spotify
[06:47:31] <limnatide> o.O
[06:47:43] <Prowling_Panther> ok foods down the gullet and im laying down to watch some more foods get cooked. xD
[06:48:04] <Gotycki_Rosa> ooooohhhhhh
[06:48:13] <@PureKaos26> now I want to make peanut butter mousse again
[06:48:37] <@Caitnippers> and now im hungry
[06:48:56] <@+ThePimz> Come here I'll cook for you
[06:49:01] <@Caitnippers> Chicken?
[06:49:06] <Gotycki_Rosa> :O
[06:49:10] <@+ThePimz> Chicken burger
[06:49:11] <Mrosiris1995> oh dear
[06:49:13] <Belladonnarose> salt
[06:49:13] <Butterwhales> LUL
[06:49:14] <@Caitnippers> D:
[06:49:17] <@Caitnippers> be right htere
[06:49:18] <@CherryGryffon> Time to scrape it out LUL
[06:49:21] <newfieguy4> I had meatcakes for supper tonight yummy
[06:49:24] <Belladonnarose> oh god
[06:49:25] <@+ThePimz> Cait's 2 favourite things
[06:49:27] <LottieLatte> Oh gosh Chef
[06:49:34] <@PureKaos26> My dad used salt instead of sugar one year in a cherry pie
[06:49:35] <@PureKaos26> hahaha
[06:49:40] <@CherryGryffon> WutFace OH GOD
[06:49:43] <@PureKaos26> guess I know where I get my cooking skills from
[06:49:43] <IBCrazy17> wolvesHello
[06:49:48] <@PureKaos26> IB haaaiiii
[06:49:52] <newfieguy4> Lol pure
[06:49:53] <Bleikfisk> don't tell me no one knows; is he using celcius or fahrenheit..?
[06:49:53] <@+ThePimz> Hi IB
[06:50:02] <IBCrazy17> herro pimz and pure :D
[06:50:08] <blankspaceblank> lol
[06:50:57] <Shadzar> just a spoonful of sugar helps the pumpkin go do-o-o-o-wn
[06:50:57] <Belladonnarose> @cheflethalplays you could have just put the whipped cream on it since it's uber sweet
[06:50:59] <@PureKaos26> Pretty sure that's not how the song goes lolol
[06:51:06] <@PureKaos26> LoL Shadzar
[06:51:26] <@CherryGryffon> XD Shad
[06:51:29] <rainbows1234> Alright I am going to be lurking, gotta work on an important paper due tomorrow and some math homework
[06:51:29] <mckayaj1> Wazzup Lethal, chat homies
[06:51:40] <@PureKaos26> homework safely, rainbows!
[06:51:58] <@^cheflethalbot> Can't get enough Chef? Head over to twitter.com/cheflethalplays and hit that Follow button! Still can't get enough?! Check out his YouTube channel: https://www.youtube.com/c/ChefLethalPlays. You want MOAR?!? Head over to instagram.com/cheflethalplays!
[06:52:06] <Belladonnarose> ah it was bad ick without it
[06:52:15] <Mrosiris1995> !ctt
[06:52:17] <@^cheflethalbot> Loving the stream?! Tell your friends! Spread the hype! Spread the love! Click this link to spread the word! http://ctt.ec/cch6r
[06:52:18] <@PureKaos26> !ctt
[06:52:18] <rainbows1234> no PureKaos26
[06:52:23] <@PureKaos26> ROSY
[06:52:25] <Mrosiris1995> let's get 2k followers today!! :D
[06:52:26] <DoctorBooMD> !quote 92
[06:52:26] <@^cheflethalbot> Quote #92: "pulling out is where you win" [Creative] [08/18/2016]
[06:52:42] <@CherryGryffon> If the chicken is dead why do you need neuter gloves WutFace
[06:52:48] <limnatide> !quote
[06:52:48] <@^cheflethalbot> Quote #16: "Go away Martha Stewart!" [Creative] [03/15/2016]
[06:53:08] <Mrosiris1995> ;) just rocking the commands today chef <3
[06:53:15] <limnatide> !cheese
[06:53:15] <@^cheflethalbot> limnatide [Mozzarella] - Cheese: 2162
[06:53:20] <Mrosiris1995> !cheese
[06:53:21] <@^cheflethalbot> mrosiris1995 [Feta] - Cheese: 1606
[06:53:30] <DoctorBooMD> I'm jealous @limnatide
[06:53:42] <limnatide> Khostic is kicking my butt though
[06:53:46] <DoctorBooMD> !cheese
[06:53:46] <@^cheflethalbot> doctorboomd [Feta] - Cheese: 1548
[06:53:49] <DoctorBooMD> :(
[06:53:53] <@Caitnippers> !cheese
[06:53:53] <Gotycki_Rosa> lol
[06:53:53] <@^cheflethalbot> caitnippers [Feta] - Cheese: 1584
[06:53:55] <@Khostic> am i?
[06:53:57] <@Khostic> !cheese
[06:53:57] <@^cheflethalbot> khostic [Mozzarella] - Cheese: 2186
[06:54:01] <@Khostic> oh my
[06:54:02] <@Khostic> I am
[06:54:02] <@+ThePimz> !cheese
[06:54:02] <@^cheflethalbot> thepimz [Gouda] - Cheese: 878
[06:54:03] <@CherryGryffon> I've done that before too, but I actually don't think the onion I had was as big as the one you have now!!
[06:54:13] <Mrosiris1995> limna spam talk more than Khostic and you'll catch up!
[06:54:25] <@Khostic> as if I spam talk :(
[06:54:32] <limnatide> He's already threatened ban :(
[06:54:38] <@Khostic> Kappa
[06:54:40] <Mrosiris1995> make it relavant
[06:54:43] <@+ThePimz> You do khostic
[06:54:43] <LottieLatte> shhhh Khostic dun listen
[06:54:47] <rainbows1234> !cheese
[06:54:47] <@^cheflethalbot> rainbows1234 [Meunster] - Cheese: 154
[06:54:47] <@+ThePimz> Can't shut you up
[06:54:47] <Belladonnarose> independent chef needs to be a hashtag
[06:54:50] <@+ThePimz> !cheese
[06:54:51] <@^cheflethalbot> thepimz [Gouda] - Cheese: 878
[06:54:56] <LottieLatte>* hugs chef
[06:55:00] <@Khostic> wow pimz
[06:55:03] <@+ThePimz> right 5 minute intervals
[06:55:04] <LottieLatte> Wait
[06:55:05] <rainbows1234> sweet I am a fancy cheese
[06:55:12] <LottieLatte> I meant Khostic but okay
[06:55:31] <LottieLatte> I'll just hug everyone pffft
[06:55:40] <Mrosiris1995> lol
[06:55:47] <limnatide> lol
[06:55:47] <Belladonnarose> yes! day made
[06:55:47] <Mrosiris1995> Khostic and chef are the same person Kappa
[06:55:55] <Mrosiris1995> never seen them in the same room
[06:56:02] <limnatide> Conspiracy!
[06:56:05] <LottieLatte> gasp
[06:56:16] <@Khostic> deIlluminati
[06:56:26] <Mrosiris1995> yess this will help with my onion rings
[06:56:34] <LottieLatte> rosy omgosh
[06:56:41] <Mrosiris1995> hm :o
[06:56:42] <Belladonnarose> onion rings!
[06:57:02] <IBCrazy17> herro mr osiris sir
[06:57:06] <taolos> The even width makes me happy
[06:57:13] <Mrosiris1995> hai IB
[06:57:32] <Mrosiris1995> ok going to lurk, cleaning some stuff before my parents get back from errands to surprise them
[06:57:45] <Icthlarin67> what are chix
[06:57:56] <@CherryGryffon> Oh I do sketchW
[06:57:57] <LottieLatte> dude I wanna order pizza
[06:58:02] <Mrosiris1995> ^
[06:58:06] <@PureKaos26> I have a husband-free weekend ;)
[06:58:08] <@CherryGryffon> That may or may not involve whiskey, wine, and a hella good time
[06:58:13] <@CherryGryffon> PogChamp Puuuure
[06:58:14] <@PureKaos26> lol Cherry
[06:58:25] <Shadzar> no such thing as left over onion, throw it in the old pickle har!
[06:58:27] <rainbows1234> I am so sick
[06:58:33] <@CherryGryffon> What's a pickle har shadzar Kappa
[06:58:36] <Shadzar> *jar
[06:58:47] <Prowling_Panther> my entire weekend got ruined thanks to a boss who doesnt keep his word -.-
[06:58:50] <Shadzar> spaghetti finger cherry :p
[06:58:50] Viewerstats (06:28-06:58): avg:46 min:42 max:53 [16/42+0+4-3+2+5-1-3-1+5-5+4-3-1+5+3]
[06:58:54] <FleamingFury> needs more vodka Kappa
[06:59:05] <LottieLatte> I would love a vodka right now too Kappa
[06:59:12] <@CherryGryffon> Kappa Shadzar that's what you always say
[06:59:23] <taolos> Twitch chat ruined my sobriety Kappa
[06:59:26] <Belladonnarose> whiskey and berries is bae
[06:59:31] <Shadzar> cause im always eating when im not dead :p
[06:59:39] <BaconBrotato2470> CHEF!!! snowyLewd
[06:59:42] <LottieLatte> 18 xD
[06:59:50] <LottieLatte> day before xD
[06:59:50] <@CherryGryffon> BaconBrooooooo chefHeart sketchH
[07:00:02] <BaconBrotato2470> Cherry snowyLewd mrswHeart
[07:00:12] <Shadzar> no old pickle jar? then how do you pickle your onions? WutFace
[07:00:12] <Bakamon0> wb bacon
[07:00:15] <limnatide> Hello Bacon
[07:00:32] <@CherryGryffon> Hahaha I never peeled my own. I always called my Mexican neighbor over to do it for me. She never told me HOW she did it, just that it took like 5 minutes to do haha
[07:00:41] <@PureKaos26> WHAT?@
[07:00:46] <@PureKaos26> I slept all day, leave me be.
[07:00:49] <Butterwhales> lol
[07:00:56] <@PureKaos26> MINECRAFT <3
[07:01:01] <@CherryGryffon> MINECWAFT
[07:01:04] <rainbows1234> please do it
[07:01:04] <@Caitnippers> Do it :D
[07:01:05] <@PureKaos26> Today's Hero, ladies and gentlemen.
[07:01:08] <BaconBrotato2470> @bakamon0 umm...i was never here. :/
[07:01:14] <LottieLatte> MINECRAFT o /
[07:01:15] <limnatide> < currently playing Minecraft
[07:01:18] <@CherryGryffon> You could come play hardcore sky factory 2.5 with me Chef sketchW
[07:01:24] <Bakamon0> You were yesterday morning
[07:01:24] <newfieguy4> Lol mindcraft hand penis @cheflethalplays ??? Lol
[07:01:32] <@PureKaos26> lol Rosy, we need to complain about him more in my streams ;)
[07:01:32] <IBCrazy17> TECH TALK PogChamp
[07:01:34] <IBCrazy17> RENDERING
[07:01:37] <BaconBrotato2470> @limnatide suup
[07:01:37] <IBCrazy17> COMPUTERS
[07:01:40] <IBCrazy17> YAAAS
[07:01:43] <IBCrazy17> wolvesHype
[07:02:05] <limnatide> Not much Bacon, What about you?
[07:02:11] <BaconBrotato2470> Kaos snowyLurk
[07:02:17] <IBCrazy17> Yeah, you can but only if you have the appropriate GPU for it
[07:02:31] <BaconBrotato2470> Just getting off work
[07:02:43] <IBCrazy17> and depending on your file format, bitrate and resolution things can take awhile
[07:02:48] <@PureKaos26> hiya, Bacon!!
[07:03:05] <Bakamon0> @BaconBrotato2470 you were wednesday man. That's what I meant.
[07:03:06] <newfieguy4> So chefers whatcha cookng for me tonight?
[07:03:07] <Shadzar> how long would it take youtube to render fatback? mmmm fatback Kreygasm
[07:03:10] <IBCrazy17> but the quality suffers depending on what kinds of settings you're using
[07:03:15] <@Caitnippers> Baconbaby Kreygasm <3
[07:03:19] <BaconBrotato2470> @bakamon0 Ahhh....lol
[07:03:27] <BaconBrotato2470> Cait snowyLewd snowyLove
[07:04:02] <@+ThePimz> Hi bacon
[07:04:16] <IBCrazy17> what bitrate are you using?
[07:04:21] <newfieguy4> @cheflethalplays your oven talks to you now? Dude we need to talk about your drinking :-D lol
[07:04:21] <BaconBrotato2470> Pimz snowyDerp
[07:04:27] <IBCrazy17> were you rendering on the "match bitrate" setting?
[07:04:33] <IBCrazy17> that could definitely cause some issues
[07:04:42] <IBCrazy17> it's like rendering a video into RAW
[07:04:49] <IBCrazy17> takes a bunch of storage too
[07:04:50] <Butterwhales> we can see
[07:05:14] <Deakon99> how r you going to sous vide?
[07:05:25] <Butterwhales> the streams bit rate is 1700 ish
[07:05:26] <IBCrazy17> sowwie
[07:05:39] <IBCrazy17> we can talk in discord or something if you need help with that stuff
[07:06:03] <Deakon99> lol
[07:06:13] <Mrosiris1995> !ctt
[07:06:13] <@^cheflethalbot> Loving the stream?! Tell your friends! Spread the hype! Spread the love! Click this link to spread the word! http://ctt.ec/cch6r
[07:06:19] <Mrosiris1995> !social
[07:06:19] <@^cheflethalbot> Can't get enough Chef? Head over to twitter.com/cheflethalplays and hit that Follow button! Still can't get enough?! Check out his YouTube channel: https://www.youtube.com/c/ChefLethalPlays. You want MOAR?!? Head over to instagram.com/cheflethalplays!
[07:06:23] <Mrosiris1995> okie back to lurk
[07:06:26] <Deakon99> oh damn! you have the machine
[07:06:27] <newfieguy4> AAAAHHHHHHHRRRRG its bacon
[07:06:33] <Deakon99> thats badass
[07:06:36] <BaconBrotato2470> Osiris snowyTears
[07:06:36] <mckayaj1> what flavor does bay leaf impart?
[07:06:52] <limnatide> Hey Rosie, do you know if Chef has any pets?
[07:06:55] <Butterwhales> chef dance
[07:07:00] <Mrosiris1995> no idk does he?
[07:07:11] <LottieLatte> oml
[07:07:22] <Deakon99> tone that back a bit bro, the cat pictures
[07:07:27] <Mrosiris1995> chef do you have any pets? Limna and myself don't know
[07:07:29] <BaconBrotato2470> Lottie Kreygasm
[07:07:38] <LottieLatte> never tone down the cat pictures!!
[07:07:39] <Deakon99> bay adds great depth
[07:07:43] <LottieLatte> hi baconbro
[07:07:48] <Mrosiris1995> cat pictures >everything
[07:08:07] <@Caitnippers> ^
[07:08:15] <@Caitnippers> I screenshotted Tyson's picture today
[07:08:16] <@Caitnippers> So cute
[07:08:23] <Shadzar> inb4 400 pics of Hermes incoming Kappa
[07:08:26] <Mrosiris1995> @Caitnippers, does chef any pets? nobody is answering us and we don't know D:
[07:08:27] <LottieLatte> Tyson is so beautiful
[07:08:33] <@Caitnippers> !pets
[07:08:33] <@^cheflethalbot> The Lethal family includes 4 animals! Lucy, Chef's American Staffordshire Terrier. Tuscany, a tortoise-shell domestic short-hair cat. Zelda, a gray domestic-short hair cat. You can take Zelda; she drives us crazy. But we're good parents :) AND our newest addition, Tyson: a kitten we fostered then ended up adopting who is too cute for his own good!
[07:08:36] <Mrosiris1995> who's tyson?
[07:08:37] <@Caitnippers> AngelThump
[07:08:42] <Mrosiris1995> oh that's who tyson is
[07:08:46] <Mrosiris1995> AngelThump
[07:08:49] <@CherryGryffon> Cilantra sketchGasm
[07:08:54] <Mrosiris1995> back to lurk
[07:09:28] <Butterwhales> why not look in fridge? (this is my second stream i have watched of you)
[07:09:42] <LottieLatte> it's a mess
[07:09:44] <LottieLatte> lmao
[07:10:11] <Butterwhales> oh ok
[07:10:13] <LottieLatte> or bodies
[07:10:16] <Butterwhales> lol
[07:10:18] <LottieLatte> bodies work too
[07:10:38] <DoctorBooMD> they often do
[07:10:50] UNMOD: PureKaos26
[07:10:59] <limnatide> And we wonder why there's a ghost in the kitchen
[07:11:03] <LottieLatte> gotta freeze dem bodies
[07:11:08] <Prowling_Panther> Confirmed!!! chefLethal is actually Hannibal Lecter
[07:11:12] <DoctorBooMD> lol
[07:11:17] <Gotycki_Rosa> lol
[07:11:18] <LottieLatte> don't tell the cops
[07:11:43] <Butterwhales> dont tell me you have some butterwhales in there with the bodies
[07:11:49] <Bakamon0> finish your drink and then do it
[07:12:01] <Kap_Canada> #D2S
[07:12:03] <Gotycki_Rosa> uh oh
[07:12:07] <Gotycki_Rosa> LOL
[07:12:07] <IBCrazy17> OH NO
[07:12:09] <IBCrazy17> OSIRIS
[07:12:13] <IBCrazy17> wolvesRip your leg
[07:12:16] <Mrosiris1995> wat
[07:12:19] <@Khostic> hold up
[07:12:21] <Bakamon0> awwww
[07:12:21] <@Khostic> what did we do?
[07:12:22] <limnatide> Suddenly mods are very quiet
[07:12:22] <LottieLatte> so which mod is missing
[07:12:24] <@Khostic> or
[07:12:27] <Butterwhales> Rip CherryGryffon
[07:12:27] <Mrosiris1995> what about me
[07:12:27] <@Khostic> didn't do
[07:12:27] <@PureKaos26> I missed an assignment??
[07:12:29] <IBCrazy17> it was a mod removal joke...
[07:12:34] <IBCrazy17> I know what actually happened
[07:12:36] <DaddysGamerGiirl> Blame Canada!!
[07:12:42] <IBCrazy17> wolvesFeels
[07:12:43] <Mrosiris1995> oh im lurking cleaning
[07:12:46] <IBCrazy17> :P
[07:12:49] <Mrosiris1995> didnt hear
[07:12:51] <mckayaj1> wazzup khostic
[07:12:56] <@Khostic> sup mckayaj1 :D
[07:13:09] <@PureKaos26> :(
[07:13:10] <@Khostic> I'm trying to learn sony vegas over here damnit Kappa
[07:13:18] <LottieLatte>* yet
[07:13:19] <@PureKaos26> I'm trying to spend time with my hubby lol
[07:13:21] <Kap_Canada> @DaddysGamerGiirl, thats messed up!
[07:13:42] <DaddysGamerGiirl> Not really I was kidding, Im Canadian
[07:13:52] <Kap_Canada> lol all good
[07:13:53] MOD: PureKaos26
[07:13:53] <LottieLatte> dance!
[07:14:09] <Shadzar> chicken is dancing? popping and locking?
[07:14:12] <Wickedestboat2> hey sorry i havent been on in a while
[07:14:13] <Mtlprice31> make mae a big mac
[07:14:38] <rainbows1234> next fun fact homework is hard
[07:14:42] <mckayaj1> you'll be aiight
[07:14:51] <LottieLatte> the spice will never leave
[07:14:51] <mckayaj1> habanero, scotch bonnet hype
[07:15:03] <Shadzar> Serrano is heat?
[07:15:12] <Shadzar> habs are the core of my BBQ sauce :D
[07:15:14] <DaddysGamerGiirl> what if you asked for a big mac and someone took celery and spelled mac in all caps on a plate, would that satisfy you?
[07:15:21] <Butterwhales> Spoiler chef is cooking boys and girls as he just said
[07:15:26] <mckayaj1> love the flavor of habanero but it's dangerous
[07:15:31] <Bakamon0> @Shadzar lol
[07:15:40] <Wickedestboat2> i been trying to set up my stream XD
[07:15:56] UNMOD: PureKaos26
[07:16:21] <Mrosiris1995> chef that's just you, you spicy devil KappaPride
[07:16:23] <Shadzar> habanero is good pickled in rum, then use molasses to thicken Kreygasm
[07:16:34] <Butterwhales> thongs lol
[07:16:41] <@CherryGryffon> I was checking on my chicken stock >_>
[07:16:46] <@CherryGryffon> BibleThump I'm sorry
[07:16:46] <Gotycki_Rosa> rofl
[07:16:57] <Icthlarin67> my ears
[07:16:58] <@^cheflethalbot> BTTV (BetterTTV) is a browser plugin that allows you to customize your Twitch experience! Get it at www.betterttv.com! By doing so you open up the possibilities to use the 5 AMAZING emotes that are available on my channel! "chefBreak" chefBreak "chefSkills" chefSkills "chefHat" chefHat "chefHeart" chefHeart "chefDrunk" chefDrunk
[07:16:58] <DaddysGamerGiirl> look at that pile
[07:17:03] <Mrosiris1995> !ctt
[07:17:04] <@^cheflethalbot> Loving the stream?! Tell your friends! Spread the hype! Spread the love! Click this link to spread the word! http://ctt.ec/cch6r
[07:17:04] UNMOD: Mrslethalplays
[07:17:20] <IBCrazy17> That looks so good D:
[07:17:20] <LottieLatte> that was a hard sneeze jfc
[07:17:23] <IBCrazy17> I'm jelly
[07:17:36] <Butterwhales> 🐳 !
[07:17:41] <Mrosiris1995> all I can smell right now is cat litter dust :(
[07:17:43] <mckayaj1> Kreygasm
[07:17:52] <Ralerx> !quote 58
[07:17:52] <@^cheflethalbot> Quote #58: "MrsLethal just made some sounds that made me very happy" [Creative] [12/07/2016]
[07:17:59] <LottieLatte> rosy, I know that feel
[07:18:01] <Ralerx> im back
[07:18:13] <Mrosiris1995> I still have more boxes to clean :
[07:18:22] <FleamingFury> i watch you for pleasure Kappa
[07:18:29] <Mrosiris1995> chef ross <3
[07:18:32] <Butterwhales> hey you in the front sit down (while my stream buffers)
[07:18:35] <limnatide> Not this again lol
[07:18:36] <TheSailCat> chef ross \o/
[07:18:46] <LottieLatte> but I love energetic chef
[07:18:48] <Wickedestboat2> i think thats boring i like more crazy
[07:18:48] <Gotycki_Rosa> hahah i like karate chop
[07:18:53] <Bakamon0> you just literally made me jump in my chair with that karate chop
[07:18:55] <rainbows1234> no
[07:19:00] <mckayaj1> happy little karate chops
[07:19:01] <Shadzar> well if someone wanted a load high energy chef.. there is Emerill :/
[07:19:08] <DoctorBooMD> woo Bob Ross Lethal
[07:19:09] <LottieLatte> I'm already unsure about this
[07:19:10] <Shadzar> *loud
[07:19:12] <DaddysGamerGiirl> dont tellm e you are gonna get a perm and ttalk like Bob Ross
[07:19:15] <LottieLatte> lmao
[07:19:22] <BaconBrotato2470> I think you should just be yourself Chef. OMGScoots
[07:19:26] <rainbows1234> no stop it
[07:19:26] <@Caitnippers> ^
[07:19:27] <Ralerx> cheflethal being calm wtf is happening here?
[07:19:30] <Gotycki_Rosa> LOL
[07:19:30] <LottieLatte> Bob ross time
[07:19:31] <dandelionnn> it's good to like
[07:19:31] <Bakamon0> safe place for things to burn
[07:19:32] <Icthlarin67> maybe have the music playing in stream
[07:19:32] <Wickedestboat2> god... bad bad be crazy!
[07:19:35] <DaddysGamerGiirl> the karate chop made me think of when sponge bob got fired cause he couldnt stop playing karate
[07:19:38] <Gotycki_Rosa> omg lol
[07:19:41] <Mrosiris1995> chefSMR
[07:19:42] <LottieLatte> I'm laughing so hard
[07:19:49] <Mrosiris1995> we need more happy little popping
[07:19:50] <Gotycki_Rosa> pop pop pop
[07:19:53] <Butterwhales> ahhh the water is boiling killing me and my brethern
[07:19:58] <Stormwich> I believe that the key to being successful, is being yourself, @ChefLethalPlays
[07:20:03] <LottieLatte> "the world is burning"
[07:20:08] <Ralerx> dont forget teh chiken or its going to burn
[07:20:10] <@CherryGryffon> ^storm
[07:20:12] <Wickedestboat2> when he is crazy i die of laugher
[07:20:12] <LottieLatte> said so calm
[07:20:13] <@CherryGryffon> yesss
[07:20:15] <dandelionnn> back to real life
[07:20:18] <DoctorBooMD> I'm a fan of visiting Bob Ross Lethal because it's funny it's such a change in character, it's not so funny if it's who you become :D
[07:20:26] <Shadzar> salt exploding in the oil, popping like corn kernels :p
[07:20:42] <Bakamon0> You sure thats a virgin drink
[07:20:49] <drakenhawk> Ok, what are you weirdo's doing? I can hear @got
[07:21:00] <LottieLatte> chef is DRUNK ON LIFE
[07:21:02] <drakenhawk> My wife all the way down here
[07:21:06] <Wickedestboat2> i had a cinabun explode on me...
[07:21:12] <Mrosiris1995> lol chef I'm the same way xD
[07:21:12] <Bakamon0> bottle that shit up and let it out on your invisible stream viewers
[07:21:16] <FleamingFury> we can be weird together bleedPurple
[07:21:20] <mckayaj1> Kreygasm
[07:21:25] <Mrosiris1995> I'm a very calm laid back and subdued person in public
[07:21:32] <Ralerx> !quote 78
[07:21:33] <@^cheflethalbot> Quote #78: "I got a instant read thermometer and I just stuck it in there" [Creative] [08/04/2016]
[07:21:34] <Butterwhales> i bask in weird
[07:21:58] <dandelionnn> mates
[07:22:02] <BaconBrotato2470> Mrs_Wyld is going to slap you Chef. :p
[07:22:08] <Icthlarin67> i love long walks on the beach
[07:22:09] <mckayaj1> you could just get an audio board and mod your voice to andre the giant slomo
[07:22:10] <Gotycki_Rosa> now you sound like the crocidile hunter lol
[07:22:18] <@+ThePimz> That was me!
[07:22:22] <Mrosiris1995> lol
[07:22:22] <@+ThePimz> Guys chef talked about me.
[07:22:26] <Gotycki_Rosa> :O
[07:22:35] <drakenhawk> @Gotycki_Rosa, you enjoying the show?
[07:22:35] <Mrosiris1995> but did he do it in a youtube video pimz Kappa
[07:22:36] <@+ThePimz> My exact words were "it's cool, I deal with Cait."
[07:22:44] <@+ThePimz> He did it in discord
[07:22:44] <@Caitnippers> rude
[07:22:45] <FleamingFury> pimz just squeeze his cheeks Kappa
[07:22:48] <Gotycki_Rosa> lol hai hubby @drakenhawk yes lol
[07:22:50] <Ralerx> i really like those 2 quotes
[07:22:54] <Ralerx> !quote
[07:22:55] <@^cheflethalbot> Quote #71: "shake it like you shake that booty in that video" [Creative] [28/07/2016]
[07:23:02] <Gotycki_Rosa> happy lil peppers lol
[07:23:07] <drakenhawk> I know, I can hear you laughing all the was downstairs
[07:23:10] <Mrosiris1995> he talked about me in a youtube video am I cool yet Kappa
[07:23:16] <Butterwhales> !quote
[07:23:16] <@^cheflethalbot> Quote #114: 'Atleast I can play with one hand' [Diablo III: Reaper of Souls] [08/31/2016]
[07:23:34] <limnatide> Always Rosie
[07:23:37] <+TheGooseKills23> hi
[07:23:41] <dandelionnn> flop flip
[07:23:43] <Mrosiris1995> aww thanks limna <3
[07:23:45] <Gotycki_Rosa> I'm same way @Cheflethalplays
[07:23:48] <BaconBrotato2470> Osiris, that makes you YouTube cool, so not so much. Kappa
[07:23:51] <Butterwhales> there you go
[07:24:04] <Mrosiris1995> wow chef stuffing his hat like a school girl in a training bra Kappa
[07:24:10] <Gotycki_Rosa> lol hubby
[07:24:10] <@Caitnippers> loool
[07:24:19] <babushkin_pelmesh> sellout!
[07:24:23] <DoctorBooMD> get a @ChefLethalPlays shirt made with your face giant on it and wear that to meets.
[07:24:23] <TheSailCat> lol Rosy
[07:24:25] <babushkin_pelmesh> adidas ad
[07:24:34] <Bakamon0> come on chef you're charing it
[07:24:38] <Bakamon0> Char
[07:24:50] <DaddysGamerGiirl> cajun
[07:24:56] <Ralerx> i personaly dont liek the burnt flavor so i woudent do it
[07:24:59] <rainbows1234> are you saying New Orleans food is burnt?
[07:25:06] <Butterwhales> i am going to go hide in the lurk corner
[07:25:10] <Ralerx> hi rainbow
[07:25:14] <Mrosiris1995> puttig chef's face on a t-shirt and writing have you seen my dad on it Kappa
[07:25:18] <Mrosiris1995> at a convention
[07:25:22] <rainbows1234> hey Ralerx
[07:25:30] <Ralerx> so ms lethal aint here yet?
[07:25:53] <rainbows1234> what were you saying
[07:26:12] <DaddysGamerGiirl> you have no ide-o
[07:26:32] <rainbows1234> oh Ralerx I am pretty sure the number is 58
[07:26:43] <Ralerx> i know
[07:26:50] <Ralerx> number 58 and 78
[07:26:55] <rainbows1234> nice
[07:26:55] <DaddysGamerGiirl> cilantro is her next big hit
[07:27:02] <@^cheflethalbot> Queenlillypetals12, that host accentuates your natural beauty quite nicely. Thank you!
[07:27:11] <rainbows1234> no not that face pls
[07:27:18] <Ralerx> if she isent logged on then she cant ban my quote 58
[07:27:20] <DaddysGamerGiirl> she is gonna be making pizza in a cone bra, and slicing it with her knife fingers
[07:27:22] <Ralerx> !quote 58
[07:27:22] <@^cheflethalbot> Quote #58: "MrsLethal just made some sounds that made me very happy" [Creative] [12/07/2016]
[07:27:33] <Gotycki_Rosa> oh yeah shake it like Stronk shakes the shake weights @Cheflethalplays LOL
[07:27:36] <@^cheflethalbot> Baconbrotato2470, that host accentuates your natural beauty quite nicely. Thank you!
[07:27:57] <queenlillypetals12> you good chef
[07:28:01] <DaddysGamerGiirl> lady gaga
[07:28:07] <Ralerx> noooooooooooooooooo
[07:28:11] <Bakamon0> removing the eyeball is usually called Enucleation
[07:28:49] <BaconBrotato2470> just need to ban the number 58....
[07:28:55] Viewerstats (07:00-07:28): avg:59 min:52 max:66 [15/54+0-2+8-2+1-3+10-7+7-6+1+0-5+8]
[07:28:59] <DaddysGamerGiirl> herrooo brotato
[07:28:59] <queenlillypetals12> im good chef
[07:29:12] <BaconBrotato2470> Hai GamerGiirl snowyDerp
[07:29:24] <queenlillypetals12> ive been in hospotal for two days had to have a scan
[07:29:56] <rainbows1234> I can't breathe BibleThump :(
[07:30:20] <Bakamon0> chef you need to use more spanish puns while cooking chilaquiles
[07:30:30] <queenlillypetals12> yea i get results next week chef i hope it comes back fine
[07:30:40] <DaddysGamerGiirl> hug a tree
[07:30:58] <Gotycki_Rosa> yeah seeds the hot part
[07:31:52] <mckayaj1> yeah i want an mlg blendtec one of these days
[07:32:00] <queenlillypetals12> @cheflethalplays ive got good news
[07:32:35] <Bakamon0> @queenlillypetals12 its not a tumor"
[07:32:42] <Gotycki_Rosa> lol
[07:32:48] <queenlillypetals12> i got into my level 3 catering course
[07:32:49] <Gotycki_Rosa> or lupus
[07:33:02] <Gotycki_Rosa> house ref
[07:33:02] <Bakamon0> @Gotycki_Rosa :-)
[07:33:04] <Gotycki_Rosa> lol
[07:33:12] <mckayaj1> "mr blendtec on line 4 chef lethal"
[07:33:24] <DaddysGamerGiirl> lol that is a great commercial, when you get a chance look up the handjob commercial on youtube, it is a legit product
[07:33:25] <Gotycki_Rosa> grats @queenlillypetals12
[07:33:45] <mckayaj1> we went "FULL BLENDER"
[07:33:46] <queenlillypetals12> thank you @gotycki_rosa
[07:33:50] <Bakamon0> I bet that smells divine
[07:35:05] <queenlillypetals12> @gotycki_rosa my best talent is drawing i think
[07:35:36] <dandelionnn> this would be a funny time to tune in
[07:35:40] <FleamingFury> hes gone mad WutFace
[07:35:59] <mckayaj1> strim ruined, way too much energy
[07:36:00] <limnatide> Welp, might be gif time
[07:36:04] <Bakamon0> lol
[07:36:06] <queenlillypetals12> :O :O
[07:36:30] <Bakamon0> oh boy that looks freakin good
[07:36:53] <mckayaj1> ha
[07:36:57] <newfieguy4> Eeewwwwww chefers sneezed
[07:36:59] <@Caitnippers> All mods full lurk mode here Kappa
[07:37:08] <@+ThePimz> !pets
[07:37:08] <@^cheflethalbot> The Lethal family includes 4 animals! Lucy, Chef's American Staffordshire Terrier. Tuscany, a tortoise-shell domestic short-hair cat. Zelda, a gray domestic-short hair cat. You can take Zelda; she drives us crazy. But we're good parents :) AND our newest addition, Tyson: a kitten we fostered then ended up adopting who is too cute for his own good!
[07:37:21] <queenlillypetals12> !menu
[07:37:31] MOD: Mrslethalplays
[07:37:31] <@+ThePimz> !whatscookin
[07:37:31] <@^cheflethalbot> chefHat Chef's making his version of chilaquiles with sous vide chicken thighs, and homemade salsa verde! chefHeart chefSkills
[07:37:38] <queenlillypetals12> soz
[07:37:47] <Prowling_Panther> um. is chef now the charlie chapman of cooking?
[07:37:59] <queenlillypetals12> im not well still
[07:38:12] <mckayaj1> Kreygasm
[07:38:14] <taolos> looks pretty good
[07:38:14] <@+ThePimz> I'm off for now. bbl.
[07:38:27] <mckayaj1> cya pimz
[07:38:41] <newfieguy4> Later pimzicle
[07:38:51] <mckayaj1> uh oh
[07:38:53] <Mrosiris1995> em bek
[07:38:53] <queenlillypetals12> does it have a kick
[07:38:54] <@CherryGryffon> "It's good" he says as he appears to cough flames
[07:38:54] <Bakamon0> tc pimz
[07:38:56] <@CherryGryffon> Kappa
[07:38:59] <limnatide> Later Pimz
[07:39:34] UNMOD: ThePimz
[07:39:51] <Bakamon0> I dont think you want it too runny either
[07:40:05] <mckayaj1> dat ninja
[07:40:31] <@Khostic> !meow
[07:40:32] <@^cheflethalbot> Chef Lethal has meowed 1 times
[07:40:33] <Mrosiris1995> that's green spicy?
[07:40:53] <Bakamon0> def not
[07:40:56] <mckayaj1> yeah think his esophagus is burnin
[07:40:58] <LottieLatte> only once? I'm disappointed
[07:41:16] <WallyTheFlash> That Salsa needs more water
[07:41:19] <queenlillypetals12> chef hows tyson
[07:41:21] <DoctorBooMD> !quote 59
[07:41:21] <taolos> salsa verde is usually a little chunky
[07:41:22] <@^cheflethalbot> Quote #59: "that sounds like my saturday nights... a midget riding a bullymong" [Borderlands 2] [16/07/2016]
[07:41:28] <mckayaj1> #it'sthinnerthanitisthick
[07:41:29] UNMOD: Mrslethalplays
[07:41:36] <Bakamon0> wipeadoodoo?
[07:41:38] <Bakamon0> lol
[07:41:49] <WallyTheFlash> yes, im mexican :D
[07:41:58] <@^cheflethalbot> Have you heard?! Chef is on Patreon! There are some pretty awesome perks for becoming a Patron, including Behind the Scenes videos, and EXCLUSIVE Lucy/Zelda/Tuscany Snapchat access! Go check it out! https://www.patreon.com/Cheflethalplays?ty=h
[07:42:04] <queenlillypetals12> awww sleepy kitty
[07:42:54] <WallyTheFlash> a little bit
[07:43:07] <Prowling_Panther> #zeldaisadick
[07:43:08] <@CherryGryffon> The tiiiiiiniest bit thinner
[07:43:32] <Bakamon0> I think you've got the right of it
[07:43:41] <dandelionnn> i can never tell if people are talking about their pet or their child
[07:44:40] <WallyTheFlash> is not too salty with the chicken thing?
[07:44:51] <@CherryGryffon> Lmao the fire cough xD
[07:45:13] <DaddysGamerGiirl> I thought you said virgin for a second, you only get one
[07:45:26] <WallyTheFlash> oh nice, yes thath why we ad water
[07:45:39] <WallyTheFlash> and sorry for my bad english
[07:45:59] <Bakamon0> adds a little bit of umami to it
[07:46:24] <Mrosiris1995> LOL
[07:46:25] <WallyTheFlash> hahahaha taco bell
[07:46:29] <@CherryGryffon> Hahaha Authentic really comes down to making it yourself xD
[07:46:29] <Kelm_beast> You got another Mexican here😂
[07:46:47] <@CherryGryffon> You didn't buy salsa verde, so you win points for that amirite? ;D
[07:46:59] <Bakamon0> oh no is right
[07:47:01] <@CherryGryffon> Corn!
[07:47:05] <@CherryGryffon> Okay good. xD
[07:47:19] <@CherryGryffon> hahha you never make your own, it's okay chef sketchH
[07:47:28] <Bakamon0> @CherryGryffon no kidding thank goodness
[07:47:36] <taolos> Store bought DansGame unfollowed Kappa
[07:47:42] <@CherryGryffon> XD Flour tortillas are delicious, but they don't belooooong
[07:48:28] <queenlillypetals12> whats the top word on the menu chef
[07:48:28] <WallyTheFlash> just a little tip, when u use the salsa make it hot, like put it on the microwave and then pour it
[07:48:41] <Bakamon0> That's a pretty safe think to cut with your left hand, super flat and ez
[07:49:02] <Bakamon0> thing*
[07:49:03] <WallyTheFlash> the hotter the better
[07:50:02] <queenlillypetals12> thanks i need help as my dyslexia was playing up
[07:50:15] <Bakamon0> try it in strips too chef
[07:50:24] <Bakamon0> instead of wedges
[07:50:47] <Bakamon0> I think they are easier to eat that way.
[07:51:21] <Bakamon0> I cant wait to see it!
[07:53:41] <LottieLatte>* lurking, shopping for new nose ring
[07:53:58] <BaconBrotato2470> You COULD have brushed oil into the tortillas, BEFORE you cut them. :p
[07:54:05] <BaconBrotato2470> onto*
[07:54:10] <newfieguy4> I was lurking and i forgot to follow
[07:54:15] <queenlillypetals12> good luck lottielatte
[07:54:15] <Prowling_Panther> !ctt
[07:54:15] <@^cheflethalbot> Loving the stream?! Tell your friends! Spread the hype! Spread the love! Click this link to spread the word! http://ctt.ec/cch6r
[07:54:39] <DoctorBooMD> !quote
[07:54:40] <@^cheflethalbot> Quote #111: 'Awh you're so cute Khostic! You're so cuuuute' [Diablo III: Reaper of Souls] [08/31/2016]
[07:54:41] <Bakamon0> a little creepy if you ask me
[07:54:48] <DoctorBooMD> hmm I keep getting that one..
[07:55:00] <limnatide> Counter it with 115
[07:55:12] <@Khostic> cause you lowkey think I'm cute DoctorBooMD KappaPride
[07:55:22] <jordank231> sup
[07:55:24] <Mrosiris1995> !quote 115
[07:55:24] <@^cheflethalbot> Quote #115: 'Shut up Khostic, nobody asked you' [Diablo III: Reaper of Souls] [08/31/2016]
[07:55:28] <@Caitnippers> ^
[07:55:30] <DoctorBooMD> I always assumed it was condescending :D
[07:55:34] <@Khostic> LOL
[07:56:16] <skynett81> hi. am new but I'm also following :) hi from Norway
[07:56:19] <cadinara> 😂
[07:56:23] <Mrosiris1995> "water"
[07:56:39] <Bakamon0> welcome welcome sky and jordan
[07:57:10] <Ralerx> what's in the oven
[07:57:15] <jordank231> thanks
[07:58:02] <Bakamon0> Dont hurt yourself
[07:58:24] <jordank231> im really interested in the tortilla chips. ive never seen any made before
[07:58:31] <queenlillypetals12> dont think to hard it might make your head hurt chef
[07:58:55] Viewerstats (07:30-07:58): avg:63 min:57 max:75 [15/66+2-11+1+8-5+6-4-3+0+3-4+6+10-18]
[07:59:56] <Bakamon0> are those saltines? plz no
[08:00:01] <Bakamon0> oh no
[08:01:06] <Bakamon0> idk about saltines and salsa verde lol
[08:01:08] <Mrosiris1995> !meow
[08:01:10] <Mrosiris1995> oh wait
[08:01:14] <Mrosiris1995> FeelsBadMan
[08:01:27] <limnatide> Where's Khostic when you need him
[08:01:33] <@Khostic> !meow
[08:01:33] <Mrosiris1995> or any mod D:
[08:01:33] <@^cheflethalbot> Chef Lethal has meowed 2 times
[08:01:46] <limnatide> Thank you Khostic
[08:01:58] <BaconBrotato2470> Cait....Khostic.... Cherry!! !meow
[08:02:09] <BaconBrotato2470> nvm...
[08:02:16] <jordank231> saltine challenge!! do it! eat 6 saltines in 60 seconds
[08:02:38] <@Khostic> BaconBro <3
[08:02:47] <@Khostic> I'm half paying attention
[08:03:06] <@Caitnippers> I'm watching the netflix D:
[08:03:19] <@Caitnippers> I have strum muted, sorry Baconbaby :c
[08:03:54] <Bakamon0> what temp did you cook the chicken at?
[08:04:19] <Ralerx> what's sous vide chix?
[08:04:27] <Mrosiris1995> :c
[08:04:32] <@Khostic> FeelsChefMan
[08:04:34] <+RustiesNipples> Hello Chef bobrossTree
[08:04:42] <@CherryGryffon> like sketchFeels sketchDeal
[08:04:47] <Mrosiris1995> FeelsChefMan
[08:04:48] <TheSailCat> wolvesFeels
[08:04:51] <newfieguy4> Chef hat and the chef beard
[08:05:14] <@Caitnippers> chefBreak
[08:06:07] <Mrosiris1995> lol
[08:06:56] <raw_ghoul> i love chilaquiles
[08:06:58] <@^cheflethalbot> Are you a streamer, or know someone who is and would like to potentially mess with Chef's stream?! Now you can with the Wheels of Spinach RAID GAME! Consisting of up to 3 rounds, raiders who bring along at least 5 viewers can test their luck by choosing to spin the wheels and potentially ruin Chef's plan for the stream!
[08:07:12] <@CherryGryffon> sketchGasm used 4 chicken breasts to make my chicken stock, and now I have enough to not only do chicken soup but also pulled chicken sketchGasm
[08:07:18] <Chavezssgt> Hey peeps HeyGuys
[08:07:29] <@CherryGryffon> o/ chavez
[08:07:52] <@CherryGryffon> !meow
[08:07:52] <@^cheflethalbot> Chef Lethal has meowed 3 times
[08:08:16] <Chavezssgt> PogChamp oh yeah chilaquiles
[08:08:32] <Deakon99> I cooked one of my cats poops
[08:08:34] <@CherryGryffon> I mean, it's definitely no chilaquiles, but it's pretty tasty xD
[08:08:37] <@CherryGryffon> WutFace Deakon
[08:08:50] <Deakon99> i fed it to the cat
[08:08:55] <@CherryGryffon> DansGame
[08:09:02] <Deakon99> cats will eat anything
[08:09:15] <@Caitnippers> O_o wtf dude
[08:09:25] <@CherryGryffon> Lol some cats are picky af
[08:09:42] <Deakon99> recycling
[08:09:55] <@CherryGryffon> O/
[08:10:07] <@CherryGryffon> Masaki's favourite snack of all time is Doritos
[08:10:09] <@Caitnippers> My cats all have different tastes. Its a pain.
[08:10:14] <@CherryGryffon> ^ Same, too
[08:10:22] <@CherryGryffon> Some like mint, some chips, some black olives, some grass
[08:10:29] <LottieLatte> I'm very timid about giving my cat food like I'm not sure what I can give here aha
[08:10:41] <@CherryGryffon> Then there's figuring out who likes salmon, tuna, or chicken. All like some, none like all D:
[08:10:42] <Xxmatentv123xx12> hey
[08:10:46] <Deakon99> dont buy pringles plz, its not a real chip
[08:10:50] <Xenoconway> I likes cats MVGame
[08:10:56] <Deakon99> sure the marketing is good, but nah
[08:10:57] <@Caitnippers> My little girl literally will hit me in the face for a chip
[08:11:07] <Xxmatentv123xx12> i'm reading the. menu and Idk what any of that is @cheflethalplays
[08:11:13] <Bakamon0> there was about an hour and a half more work it looks like
[08:11:17] <@CherryGryffon> Masaki actually snuck on my chair, and snagged a chip as it was on its way to my mouth
[08:11:19] <@CherryGryffon> sketchFail
[08:11:27] <@CherryGryffon> To this day, idk how the hell he managed it
[08:11:31] <Xxmatentv123xx12> i know what salsa verde
[08:11:37] <Deakon99> buy kettle chips if you want a good chip
[08:11:38] <Xxmatentv123xx12> is
[08:11:38] <Tragic_wolf> the egg is alive and moving!!!!!!!
[08:11:46] <Xenoconway> @xxmatentv123xx12 green sauce Kappa
[08:12:00] <Bakamon0> Chkn might have worked better
[08:12:07] <@CherryGryffon> ^ even pollo xD
[08:12:18] <Xxmatentv123xx12> lol
[08:12:41] <Bakamon0> lol
[08:12:46] <Xenoconway> lol
[08:13:03] <@CherryGryffon> >_> I'm not eating dill pickle pringles right now. Nope
[08:13:04] <Bakamon0> how long do those corn chips need to cook for?
[08:13:11] <DaddysGamerGiirl> real or not, prinkles are soo good
[08:13:13] <@Caitnippers> sour cream & union cips tho
[08:13:14] <@Caitnippers> best
[08:13:25] <DaddysGamerGiirl> but I make my own chips, my son likes them better than the store bought chips
[08:13:30] <Bakamon0> figured so
[08:13:39] <Deakon99> the new dill chips are bad ass
[08:13:39] <DoctorBooMD> I'm weird I suppose, I only like plain chips
[08:13:52] <@CherryGryffon> SC&O is my mom's favourite, so I'm in the habit of not eating them even though I'm almost 30 haha
[08:13:53] <Deakon99> plain chips are yum
[08:13:53] <Xxmatentv123xx12> btw my mom made baked chicken breasts and threw baby carrots in with the chkn and she made rice Kreygasm so good. normally she throws Turkic in there but she didn't today
[08:13:55] <Xenoconway> @bakamon0 MVP Kreygasm
[08:14:01] <Xenoconway> @deakon99 DansGame
[08:14:01] <@CherryGryffon> I like Dill Pickle, and Salt & Vinegar :D
[08:14:01] <Bakamon0> the salsa should soften them up a little
[08:14:05] <@Caitnippers> Everyone has a different taste Doctor, you're not weird
[08:14:09] <Xxmatentv123xx12> for dinner earlier @cheflethalplays
[08:14:30] <LottieLatte> lmao
[08:14:34] <@CherryGryffon> Crunch crunh crunch
[08:14:38] <Bakamon0> you could make the salsa a little more runny so the chips absorb more
[08:14:40] <Deakon99> hard to cook corn tortillas in the oven
[08:14:43] <@CherryGryffon> *Crunching intensifies*
[08:14:46] <Deakon99> un evern cooking
[08:14:49] <Xenoconway> @tragic_wolf notice me KappaPride
[08:15:03] <TrueEbag> ....
[08:15:04] <TrueEbag> triggered
[08:15:05] <@Caitnippers> also
[08:15:06] <TrueEbag> already
[08:15:08] <@Caitnippers> Xeno DansGame
[08:15:11] <TrueEbag> Gosh darn triggered
[08:15:12] <TrueEbag> haha
[08:15:13] <Xxmatentv123xx12> brb
[08:15:22] <limnatide> True!
[08:15:24] <limnatide> Hi
[08:15:27] <@Caitnippers> True <3
[08:15:29] <Delinquente07> what's that white thing under of chicken is that tissue ?
[08:15:51] <TrueEbag> Yeah. I was in meetings back to back today. It was crazy.
[08:15:55] <TrueEbag> @limnatide, @Caitnippers <3
[08:15:57] <mecasu> PJSalt
[08:15:58] <Bakamon0> I'd swear you are drunk, but that might just be me being drunk
[08:16:12] <TrueEbag> Thanks for asking though Chef!
[08:16:12] <@CherryGryffon> PogChamp baka's drinking? Lemme grab my whiskey we can all drank
[08:16:28] <Bakamon0> Sipping on some good scotch
[08:16:32] <LottieLatte> True \ o !
[08:16:33] <Xenoconway> @trueebag are you ok? BibleThump
[08:16:42] <TrueEbag> Lottie darlin'.
[08:16:49] <TrueEbag> Xeno. Yeah. I'm good mate. haha
[08:16:49] <DoctorBooMD> :( you just reminded me my day tomorrow is meetings galore
[08:16:53] <limnatide> Someone else is on the Creative front page today
[08:16:55] <newfieguy4> Trrrrue :-D
[08:16:55] <LottieLatte> How are you, True?
[08:16:56] <@Caitnippers> Wish I was drunk; but 3 days of chinese food kinda fucked me up FeelsBadMan
[08:16:58] <Xenoconway> @trueebag KAPOW
[08:17:00] <nicholas7375> hes being food guys :O
[08:17:08] <TrueEbag> I'm good. Tired. Excited that I have chinese food. Lottie.
[08:17:11] <@CherryGryffon> I feel your pain, Chef. I have an unopened bottle of wine I've been trying to find and try for over a year. I'm saving it for tomorrow BibleThump
[08:17:17] <@CherryGryffon> nicholas7375, sketchH chefHeart
[08:17:36] <@CherryGryffon> *It took a year to find it, now I'm waiting to try it xD
[08:18:44] <newfieguy4> Helllo to all theee lurkers, jerks, mods, unmods, happy ppl, sad ppl, angry ppl, confused ppl etc etc hope ya'll enjoy the chefers stream
[08:18:45] <@CherryGryffon> got some chicken thighs let's brown the outside, brown the outside, brown the outside
[08:18:50] <TrueEbag> Salsa verde?
[08:18:54] <rainbows1234> guess who's back, back, back, back again
[08:19:03] <TrueEbag> What'd you put in the verde salsa Cheffypoo
[08:19:05] <Prowling_Panther> alas poor mr chicken. he modded well.
[08:19:10] <@CherryGryffon> sketchW rainbows1234 yassss
[08:19:22] <@CherryGryffon> Murricaaaa yarrr harrr
[08:19:25] <Bakamon0> American Pirates?
[08:19:28] <rainbows1234> :)
[08:19:36] <@CherryGryffon> Baka we call those Politicians Kappa
[08:19:46] <limnatide> Rainbow's back tell your friends
[08:20:00] <Bakamon0> @CherryGryffon lol
[08:20:01] <LottieLatte> 'MERICA
[08:20:17] <TrueEbag> @Cheflethalplays, what'd you put in the verde salsa mate?
[08:20:20] <TrueEbag> !cheese
[08:20:20] <@^cheflethalbot> trueebag [Gouda] - Cheese: 742
[08:20:22] <rainbows1234> It is only 7:20? how
[08:20:26] <@CherryGryffon> All the alcohol he can't drink Kappa
[08:20:26] <DoctorBooMD> !cheese
[08:20:26] <@^cheflethalbot> doctorboomd [Feta] - Cheese: 1650
[08:20:28] <TrueEbag> QUOTE
[08:20:32] <@CherryGryffon> MOIST
[08:20:33] <TrueEbag> Moist all over my fingers
[08:20:39] <newfieguy4> You missed my new hello @cheflethalplays daaaamn :-( :-D
[08:20:43] <@CherryGryffon> Just quote ALL of that lmao
[08:20:54] <TrueEbag> Ignored twice. T_T
[08:21:06] <Bakamon0> The glove is on the wrong hand
[08:21:12] <newfieguy4> Ikr truee
[08:21:24] <nicholas7375> when food attacks PogChamp
[08:21:30] <TrueEbag> Chef. Salsa verde. What'd you put in it?
[08:21:39] <TrueEbag>* tries for a third time. haha
[08:21:44] <@^cheflethalbot> Reinessa, that host accentuates your natural beauty quite nicely. Thank you!
[08:21:48] <@Caitnippers> poor true
[08:21:58] <TrueEbag> finally! haha
[08:22:21] <@CherryGryffon> !meow
[08:22:22] <TrueEbag> No onions? But! I will accept this verde salsa to be passable. A-
[08:22:23] <@^cheflethalbot> Chef Lethal has meowed 4 times
[08:22:29] <limnatide> Go Cherry!
[08:22:48] <@^cheflethalbot> Trueebag, that host accentuates your natural beauty quite nicely. Thank you!
[08:22:53] <TrueEbag> I'm just giving you a hard time mate.
[08:23:06] <TrueEbag> !quote 135
[08:23:07] <@^cheflethalbot> Quote #135: "And TrueEbag, He's my sugardaddy!" [Creative] [09/09/2016]
[08:23:09] <TrueEbag> I gotta make that money somehow
[08:23:17] <TrueEbag> That sounds good!
[08:23:20] <Lord_Lawrence> Arriba Arriba y adelante cirFairy
[08:23:22] <LottieLatte> Lmao
[08:23:24] <Bakamon0> Crackaquiles
[08:23:31] <Sorenalike> I WANT SOME nessaHug
[08:23:33] <LottieLatte> True are you a sugardaddy everywhere, hun?
[08:24:03] <TrueEbag> Depends on if I enjoy the stream and think the person will actually appreciate the money and use it to succeed more on Twitch
[08:24:20] <LottieLatte> Touche, touche
[08:24:24] <limnatide> Sounded like he said the chicken was infused with Bailey's..
[08:24:38] <DoctorBooMD> not sure that'd be very good
[08:24:45] <Mrosiris1995> lol
[08:24:45] <TrueEbag> lololol
[08:24:56] <limnatide> Like a boss
[08:24:57] <Bakamon0> lol
[08:25:01] <nicholas7375> lol
[08:25:04] <Mrosiris1995> true you're my hero <3
[08:25:07] <@Caitnippers> ^
[08:25:13] <Mrosiris1995> I want to be you when I grow up
[08:25:28] <TrueEbag> Work hard. Drink lots of beer. And make good money. haha
[08:25:34] <TrueEbag> <3 Rosy. You're my hero.
[08:25:36] <@Caitnippers> awe Rosy, you so cute
[08:25:40] <limnatide> The celebration dance was pretty good
[08:25:41] <@Caitnippers> all the feems
[08:25:42] <Mrosiris1995> I can do 2 out of those 3 things ._.
[08:25:49] <TrueEbag> @limnatide, that's a true statement
[08:25:52] <nicholas7375> thos names!!!!
[08:26:04] <nicholas7375> wob wob wob wob
[08:26:09] <Mrosiris1995> Kappa I can do it
[08:26:15] <Bakamon0> lol did you just pull out Kenny Rogers Jackass!!!
[08:26:16] <TrueEbag> tattedFail tattedFail tattedFail tattedFail
[08:26:23] <@Caitnippers> Rosy, I believe in you; you can do all the stuff and things AngelThump
[08:26:25] <DoctorBooMD> make sure you pick drinking lots of beer and making good money then @Mrosiris1995
[08:26:36] <DoctorBooMD> if you gotta pass on one, pass on working hard if you can get the other two
[08:26:39] <Mrosiris1995> well I'm learning about beer brewing x D
[08:26:44] <TrueEbag> Rosy. Work hard. Play hard. That's my motto in life right now.
[08:26:53] <Mrosiris1995> So maybe if I look into what kinda degree a brew master uses..
[08:26:55] <Sorenalike> you make me hungry nessaThump
[08:27:04] <Sorenalike> AngelThump
[08:27:06] <TrueEbag> Rosy. I'll fly out to wherever you have your first batch and try your first batch.
[08:27:12] <Mrosiris1995> xD
[08:27:16] <JGrindal> Hey chef!
[08:27:26] <Bakamon0> @Sorenalike ikr, just hearing the searing chicken is making my belly growl
[08:27:27] <DoctorBooMD> I'll try the second improved batch after @TrueEbag drinks the first one
[08:27:32] <Mrosiris1995> ^
[08:27:34] <TrueEbag> ^ smart man
[08:27:42] <Mrosiris1995> I'll let true try it first
[08:27:44] <mckayaj1> cmonBruh
[08:27:47] <limnatide> lmao
[08:27:57] <TrueEbag> Just a little secret mates. The reason why I can be all sugardaddy like is because I actually invested in start up breweries that became big......haha
[08:28:15] <limnatide> True's a beer baron
[08:28:32] <Mrosiris1995> well.. second because if it's bad and poisoned I'm going to make my few enemies taste it to see if it's safe to drink Kappa
[08:28:49] <TrueEbag> I'M AN ENEMY?!
[08:28:53] <Mrosiris1995> no!
[08:28:58] <Mrosiris1995> that's why I said second!
[08:29:02] <JGrindal> Chef, what do you do when you aren't streaming?
[08:29:05] Viewerstats (08:00-08:29): avg:70 min:54 max:96 [15/63+3-9+11-14+17-14+14+1-6+4+2+9+12+3]
[08:29:07] <Mrosiris1995> if they don't die you get to try it
[08:29:08] <Bakamon0> Captain Planet
[08:29:10] <BaconBrotato2470> Can someone tell me when this sing is over? #StreamMuted
[08:29:14] <TrueEbag> Chef is actually Captain Planet
[08:29:17] <BaconBrotato2470> song
[08:29:19] <Mrosiris1995> ^
[08:29:51] <Nycozation> just had a fight with a wasp that decided to invade my room, god them
[08:29:52] <Prowling_Panther> he runs from clairise because hes chef Lecter. xD
[08:30:04] <Nycozation> hate them* xD
[08:30:35] <Mrosiris1995> yellow jackets are scarier than wasps..
[08:30:44] <Kabinvex> im here to learn Kappa //
[08:31:03] <Bakamon0> I think its better warm too
[08:31:24] <Bakamon0> idk about boiling molten lava hot though
[08:31:24] <TrueEbag> GET READY TO CLIP
[08:31:34] <Bakamon0> clipperino
[08:31:48] <Nycozation> Why is the egg white not brown?
[08:31:58] <@^cheflethalbot> Monetary tips are ALWAYS used for the stream. Right now, Chef is saving up for a wireless microphone setup so all tips until October 15 will go towards that! Tips throughout the stream totalling $10 = DOGE/CAT CAM & Treats! (UPDATE: We hit the goal! Any new tips will go towards other stream enhancements!)
[08:32:08] <DaddysGamerGiirl> look at that jiggle
[08:32:28] <FrostCubed> that technique Kreygasm
[08:32:43] <Sorenalike> what is that WutFace
[08:32:50] <TrueEbag> @Cheflethalplays, that's REALLY good consistency on the salsa verde
[08:33:01] <DaddysGamerGiirl> LOL
[08:33:12] <Kabinvex> lol
[08:33:21] <rainbows1234> they were asking why it was white, not brown
[08:33:26] <Kabinvex> The technique is op Kreygasm
[08:33:27] <rainbows1234> commas are important
[08:33:37] <JGrindal> Is the granite countertop NSF?
[08:33:39] <rainbows1234> like the shell btw
[08:33:47] <BaconBrotato2470> bai
[08:34:16] <Nycozation> I ment the shell chef, i forgot you can get white shelled eggs, we only get brown in UK really
[08:34:19] <Sorenalike> I feel like i am watching TV KappaPride
[08:35:06] <Kabinvex> Interactive television
[08:35:12] <Kabinvex> Kappa //
[08:35:26] <limnatide> screwed by science?
[08:35:31] <FrostCubed> ooze or riot Kappa
[08:35:36] <Sorenalike> what about us ? BibleThump
[08:35:40] <JGrindal> Thermodynamics is not your frand!
[08:35:41] <DaddysGamerGiirl> is it hot
[08:36:07] <Kabinvex> Im getting hungry
[08:36:10] <DoctorBooMD> !quote
[08:36:10] <@^cheflethalbot> Quote #84: "I'm used to plump breasts." [Creative] [08/16/2016]
[08:36:12] <DaddysGamerGiirl> yes
[08:36:37] <DoctorBooMD> I don't think I've ever had crackers with any kind of salsa
[08:36:58] <TrueEbag> Needs chorizo chef
[08:37:24] <DoctorBooMD> many things can be improved by adding chorizo
[08:37:38] <TrueEbag> Can't you resize your wheel partitions. So one gets a greater percentage than another?
[08:37:41] <@CherryGryffon> Chorizo is best sassage sketchGasm
[08:38:05] <TrueEbag> @DoctorBooMD, he doesn't live in Cali. Chorizo is lost for him at all hours of the day.
[08:38:12] <TrueEbag> lol
[08:38:28] <DoctorBooMD> So sad
[08:38:28] <newfieguy4> And u call yourself a chef sheesh hurtful
[08:38:30] <jordank231> did he say so suck on that?
[08:38:31] <Prowling_Panther> well i told myseld i wouldnt snack after dinner tonight but seeing that just made me hungry. let the snackage begin
[08:38:33] <LottieLatte> rip the mic
[08:38:54] Viewerstats (08:31-08:37): avg:96 min:92 max:101 [4/94+7-1-8]
# Log closed: 2016-09-16 08:38:54 +0800
-
